<?xml version="1.0" encoding="UTF-8"?>
<testsuite xmlns:xsi="http://www.w3.org/2001/XMLSchema-instance" xsi:noNamespaceSchemaLocation="https://maven.apache.org/surefire/maven-surefire-plugin/xsd/surefire-test-report-3.0.xsd" version="3.0" name="se.linusTest.GameOfLifeAppTest" time="0.285" tests="2" errors="0" skipped="0" failures="0">
  <properties>
    <property name="java.specification.version" value="17"/>
    <property name="sun.jnu.encoding" value="UTF-8"/>
    <property name="java.class.path" value="/Users/linuslundkvist/dev/LinusGameOfLife/target/test-classes:/Users/linuslundkvist/dev/LinusGameOfLife/target/classes:/Users/linuslundkvist/.m2/repository/junit/junit/4.13.2/junit-4.13.2.jar:/Users/linuslundkvist/.m2/repository/org/hamcrest/hamcrest-core/2.2/hamcrest-core-2.2.jar:/Users/linuslundkvist/.m2/repository/org/hamcrest/hamcrest/2.2/hamcrest-2.2.jar:/Users/linuslundkvist/.m2/repository/org/springframework/boot/spring-boot-starter-web/3.2.4/spring-boot-starter-web-3.2.4.jar:/Users/linuslundkvist/.m2/repository/org/springframework/boot/spring-boot-starter/3.2.4/spring-boot-starter-3.2.4.jar:/Users/linuslundkvist/.m2/repository/org/springframework/boot/spring-boot/3.2.4/spring-boot-3.2.4.jar:/Users/linuslundkvist/.m2/repository/org/springframework/boot/spring-boot-autoconfigure/3.2.4/spring-boot-autoconfigure-3.2.4.jar:/Users/linuslundkvist/.m2/repository/org/springframework/boot/spring-boot-starter-logging/3.2.4/spring-boot-starter-logging-3.2.4.jar:/Users/linuslundkvist/.m2/repository/ch/qos/logback/logback-classic/1.4.14/logback-classic-1.4.14.jar:/Users/linuslundkvist/.m2/repository/ch/qos/logback/logback-core/1.4.14/logback-core-1.4.14.jar:/Users/linuslundkvist/.m2/repository/org/slf4j/slf4j-api/2.0.12/slf4j-api-2.0.12.jar:/Users/linuslundkvist/.m2/repository/org/apache/logging/log4j/log4j-to-slf4j/2.21.1/log4j-to-slf4j-2.21.1.jar:/Users/linuslundkvist/.m2/repository/org/apache/logging/log4j/log4j-api/2.21.1/log4j-api-2.21.1.jar:/Users/linuslundkvist/.m2/repository/org/slf4j/jul-to-slf4j/2.0.12/jul-to-slf4j-2.0.12.jar:/Users/linuslundkvist/.m2/repository/jakarta/annotation/jakarta.annotation-api/2.1.1/jakarta.annotation-api-2.1.1.jar:/Users/linuslundkvist/.m2/repository/org/springframework/spring-core/6.1.5/spring-core-6.1.5.jar:/Users/linuslundkvist/.m2/repository/org/springframework/spring-jcl/6.1.5/spring-jcl-6.1.5.jar:/Users/linuslundkvist/.m2/repository/org/yaml/snakeyaml/2.2/snakeyaml-2.2.jar:/Users/linuslundkvist/.m2/repository/org/springframework/boot/spring-boot-starter-json/3.2.4/spring-boot-starter-json-3.2.4.jar:/Users/linuslundkvist/.m2/repository/com/fasterxml/jackson/core/jackson-databind/2.15.4/jackson-databind-2.15.4.jar:/Users/linuslundkvist/.m2/repository/com/fasterxml/jackson/core/jackson-annotations/2.15.4/jackson-annotations-2.15.4.jar:/Users/linuslundkvist/.m2/repository/com/fasterxml/jackson/core/jackson-core/2.15.4/jackson-core-2.15.4.jar:/Users/linuslundkvist/.m2/repository/com/fasterxml/jackson/datatype/jackson-datatype-jdk8/2.15.4/jackson-datatype-jdk8-2.15.4.jar:/Users/linuslundkvist/.m2/repository/com/fasterxml/jackson/datatype/jackson-datatype-jsr310/2.15.4/jackson-datatype-jsr310-2.15.4.jar:/Users/linuslundkvist/.m2/repository/com/fasterxml/jackson/module/jackson-module-parameter-names/2.15.4/jackson-module-parameter-names-2.15.4.jar:/Users/linuslundkvist/.m2/repository/org/springframework/boot/spring-boot-starter-tomcat/3.2.4/spring-boot-starter-tomcat-3.2.4.jar:/Users/linuslundkvist/.m2/repository/org/apache/tomcat/embed/tomcat-embed-core/10.1.19/tomcat-embed-core-10.1.19.jar:/Users/linuslundkvist/.m2/repository/org/apache/tomcat/embed/tomcat-embed-el/10.1.19/tomcat-embed-el-10.1.19.jar:/Users/linuslundkvist/.m2/repository/org/apache/tomcat/embed/tomcat-embed-websocket/10.1.19/tomcat-embed-websocket-10.1.19.jar:/Users/linuslundkvist/.m2/repository/org/springframework/spring-web/6.1.5/spring-web-6.1.5.jar:/Users/linuslundkvist/.m2/repository/org/springframework/spring-beans/6.1.5/spring-beans-6.1.5.jar:/Users/linuslundkvist/.m2/repository/io/micrometer/micrometer-observation/1.12.4/micrometer-observation-1.12.4.jar:/Users/linuslundkvist/.m2/repository/io/micrometer/micrometer-commons/1.12.4/micrometer-commons-1.12.4.jar:/Users/linuslundkvist/.m2/repository/org/springframework/spring-webmvc/6.1.5/spring-webmvc-6.1.5.jar:/Users/linuslundkvist/.m2/repository/org/springframework/spring-aop/6.1.5/spring-aop-6.1.5.jar:/Users/linuslundkvist/.m2/repository/org/springframework/spring-context/6.1.5/spring-context-6.1.5.jar:/Users/linuslundkvist/.m2/repository/org/springframework/spring-expression/6.1.5/spring-expression-6.1.5.jar:"/>
    <property name="java.vm.vendor" value="Oracle Corporation"/>
    <property name="sun.arch.data.model" value="64"/>
    <property name="java.vendor.url" value="https://java.oracle.com/"/>
    <property name="os.name" value="Mac OS X"/>
    <property name="java.vm.specification.version" value="17"/>
    <property name="sun.java.launcher" value="SUN_STANDARD"/>
    <property name="user.country" value="SE"/>
    <property name="sun.boot.library.path" value="/Users/linuslundkvist/Library/Java/JavaVirtualMachines/openjdk-17.0.1/Contents/Home/lib"/>
    <property name="sun.java.command" value="/Users/linuslundkvist/dev/LinusGameOfLife/target/surefire/surefirebooter-20240610151558526_3.jar /Users/linuslundkvist/dev/LinusGameOfLife/target/surefire 2024-06-10T15-15-58_447-jvmRun1 surefire-20240610151558526_1tmp surefire_0-20240610151558526_2tmp"/>
    <property name="http.nonProxyHosts" value="local|*.local|169.254/16|*.169.254/16"/>
    <property name="jdk.debug" value="release"/>
    <property name="surefire.test.class.path" value="/Users/linuslundkvist/dev/LinusGameOfLife/target/test-classes:/Users/linuslundkvist/dev/LinusGameOfLife/target/classes:/Users/linuslundkvist/.m2/repository/junit/junit/4.13.2/junit-4.13.2.jar:/Users/linuslundkvist/.m2/repository/org/hamcrest/hamcrest-core/2.2/hamcrest-core-2.2.jar:/Users/linuslundkvist/.m2/repository/org/hamcrest/hamcrest/2.2/hamcrest-2.2.jar:/Users/linuslundkvist/.m2/repository/org/springframework/boot/spring-boot-starter-web/3.2.4/spring-boot-starter-web-3.2.4.jar:/Users/linuslundkvist/.m2/repository/org/springframework/boot/spring-boot-starter/3.2.4/spring-boot-starter-3.2.4.jar:/Users/linuslundkvist/.m2/repository/org/springframework/boot/spring-boot/3.2.4/spring-boot-3.2.4.jar:/Users/linuslundkvist/.m2/repository/org/springframework/boot/spring-boot-autoconfigure/3.2.4/spring-boot-autoconfigure-3.2.4.jar:/Users/linuslundkvist/.m2/repository/org/springframework/boot/spring-boot-starter-logging/3.2.4/spring-boot-starter-logging-3.2.4.jar:/Users/linuslundkvist/.m2/repository/ch/qos/logback/logback-classic/1.4.14/logback-classic-1.4.14.jar:/Users/linuslundkvist/.m2/repository/ch/qos/logback/logback-core/1.4.14/logback-core-1.4.14.jar:/Users/linuslundkvist/.m2/repository/org/slf4j/slf4j-api/2.0.12/slf4j-api-2.0.12.jar:/Users/linuslundkvist/.m2/repository/org/apache/logging/log4j/log4j-to-slf4j/2.21.1/log4j-to-slf4j-2.21.1.jar:/Users/linuslundkvist/.m2/repository/org/apache/logging/log4j/log4j-api/2.21.1/log4j-api-2.21.1.jar:/Users/linuslundkvist/.m2/repository/org/slf4j/jul-to-slf4j/2.0.12/jul-to-slf4j-2.0.12.jar:/Users/linuslundkvist/.m2/repository/jakarta/annotation/jakarta.annotation-api/2.1.1/jakarta.annotation-api-2.1.1.jar:/Users/linuslundkvist/.m2/repository/org/springframework/spring-core/6.1.5/spring-core-6.1.5.jar:/Users/linuslundkvist/.m2/repository/org/springframework/spring-jcl/6.1.5/spring-jcl-6.1.5.jar:/Users/linuslundkvist/.m2/repository/org/yaml/snakeyaml/2.2/snakeyaml-2.2.jar:/Users/linuslundkvist/.m2/repository/org/springframework/boot/spring-boot-starter-json/3.2.4/spring-boot-starter-json-3.2.4.jar:/Users/linuslundkvist/.m2/repository/com/fasterxml/jackson/core/jackson-databind/2.15.4/jackson-databind-2.15.4.jar:/Users/linuslundkvist/.m2/repository/com/fasterxml/jackson/core/jackson-annotations/2.15.4/jackson-annotations-2.15.4.jar:/Users/linuslundkvist/.m2/repository/com/fasterxml/jackson/core/jackson-core/2.15.4/jackson-core-2.15.4.jar:/Users/linuslundkvist/.m2/repository/com/fasterxml/jackson/datatype/jackson-datatype-jdk8/2.15.4/jackson-datatype-jdk8-2.15.4.jar:/Users/linuslundkvist/.m2/repository/com/fasterxml/jackson/datatype/jackson-datatype-jsr310/2.15.4/jackson-datatype-jsr310-2.15.4.jar:/Users/linuslundkvist/.m2/repository/com/fasterxml/jackson/module/jackson-module-parameter-names/2.15.4/jackson-module-parameter-names-2.15.4.jar:/Users/linuslundkvist/.m2/repository/org/springframework/boot/spring-boot-starter-tomcat/3.2.4/spring-boot-starter-tomcat-3.2.4.jar:/Users/linuslundkvist/.m2/repository/org/apache/tomcat/embed/tomcat-embed-core/10.1.19/tomcat-embed-core-10.1.19.jar:/Users/linuslundkvist/.m2/repository/org/apache/tomcat/embed/tomcat-embed-el/10.1.19/tomcat-embed-el-10.1.19.jar:/Users/linuslundkvist/.m2/repository/org/apache/tomcat/embed/tomcat-embed-websocket/10.1.19/tomcat-embed-websocket-10.1.19.jar:/Users/linuslundkvist/.m2/repository/org/springframework/spring-web/6.1.5/spring-web-6.1.5.jar:/Users/linuslundkvist/.m2/repository/org/springframework/spring-beans/6.1.5/spring-beans-6.1.5.jar:/Users/linuslundkvist/.m2/repository/io/micrometer/micrometer-observation/1.12.4/micrometer-observation-1.12.4.jar:/Users/linuslundkvist/.m2/repository/io/micrometer/micrometer-commons/1.12.4/micrometer-commons-1.12.4.jar:/Users/linuslundkvist/.m2/repository/org/springframework/spring-webmvc/6.1.5/spring-webmvc-6.1.5.jar:/Users/linuslundkvist/.m2/repository/org/springframework/spring-aop/6.1.5/spring-aop-6.1.5.jar:/Users/linuslundkvist/.m2/repository/org/springframework/spring-context/6.1.5/spring-context-6.1.5.jar:/Users/linuslundkvist/.m2/repository/org/springframework/spring-expression/6.1.5/spring-expression-6.1.5.jar:"/>
    <property name="sun.cpu.endian" value="little"/>
    <property name="user.home" value="/Users/linuslundkvist"/>
    <property name="user.language" value="en"/>
    <property name="java.specification.vendor" value="Oracle Corporation"/>
    <property name="java.version.date" value="2021-10-19"/>
    <property name="java.home" value="/Users/linuslundkvist/Library/Java/JavaVirtualMachines/openjdk-17.0.1/Contents/Home"/>
    <property name="file.separator" value="/"/>
    <property name="basedir" value="/Users/linuslundkvist/dev/LinusGameOfLife"/>
    <property name="java.vm.compressedOopsMode" value="Zero based"/>
    <property name="line.separator" value="&#10;"/>
    <property name="java.specification.name" value="Java Platform API Specification"/>
    <property name="java.vm.specification.vendor" value="Oracle Corporation"/>
    <property name="surefire.real.class.path" value="/Users/linuslundkvist/dev/LinusGameOfLife/target/surefire/surefirebooter-20240610151558526_3.jar"/>
    <property name="sun.management.compiler" value="HotSpot 64-Bit Tiered Compilers"/>
    <property name="ftp.nonProxyHosts" value="local|*.local|169.254/16|*.169.254/16"/>
    <property name="java.runtime.version" value="17.0.1+12-39"/>
    <property name="user.name" value="linuslundkvist"/>
    <property name="path.separator" value=":"/>
    <property name="os.version" value="14.5"/>
    <property name="java.runtime.name" value="OpenJDK Runtime Environment"/>
    <property name="file.encoding" value="UTF-8"/>
    <property name="java.vm.name" value="OpenJDK 64-Bit Server VM"/>
    <property name="localRepository" value="/Users/linuslundkvist/.m2/repository"/>
    <property name="java.vendor.url.bug" value="https://bugreport.java.com/bugreport/"/>
    <property name="java.io.tmpdir" value="/var/folders/_f/smgmmntj3n14scklrtywptk80000gn/T/"/>
    <property name="idea.version" value="2024.1.2"/>
    <property name="java.version" value="17.0.1"/>
    <property name="user.dir" value="/Users/linuslundkvist/dev/LinusGameOfLife"/>
    <property name="os.arch" value="x86_64"/>
    <property name="java.vm.specification.name" value="Java Virtual Machine Specification"/>
    <property name="native.encoding" value="UTF-8"/>
    <property name="java.library.path" value="/Users/linuslundkvist/Library/Java/Extensions:/Library/Java/Extensions:/Network/Library/Java/Extensions:/System/Library/Java/Extensions:/usr/lib/java:."/>
    <property name="java.vm.info" value="mixed mode, sharing"/>
    <property name="java.vendor" value="Oracle Corporation"/>
    <property name="java.vm.version" value="17.0.1+12-39"/>
    <property name="sun.io.unicode.encoding" value="UnicodeBig"/>
    <property name="socksNonProxyHosts" value="local|*.local|169.254/16|*.169.254/16"/>
    <property name="java.class.version" value="61.0"/>
  </properties>
  <testcase name="testRunGameRandom" classname="se.linusTest.GameOfLifeAppTest" time="0.247">
    <system-out><![CDATA[Generation #0
 .  .  .  .  .  .  .  .  .  .  .  .  .  .  .  .  .  .  .  . 
 .  .  .  .  .  .  .  .  .  .  .  .  .  .  .  .  .  .  .  . 
 .  .  .  .  .  .  .  .  .  .  .  .  .  .  .  .  .  .  .  . 
 .  .  .  .  .  .  .  .  .  .  .  .  .  .  .  .  .  .  .  . 
 .  .  .  .  .  .  .  .  .  .  .  .  .  .  .  .  .  .  .  . 
 .  .  .  .  .  .  .  .  .  .  .  .  .  .  .  .  .  .  .  . 
 .  .  .  .  .  .  .  .  .  .  .  .  .  .  .  .  .  .  .  . 
 .  .  .  .  .  .  .  .  .  .  .  .  .  .  .  .  .  .  .  . 
 .  .  .  .  .  .  .  .  .  .  .  .  .  .  .  .  .  .  .  . 
 .  .  .  .  .  .  .  .  .  .  *  .  .  .  .  .  .  .  .  . 
 .  .  .  .  .  .  .  .  .  *  *  .  .  .  .  .  .  .  .  . 
 .  .  .  .  .  .  .  .  .  .  *  *  .  .  .  .  .  .  .  . 
 .  .  .  .  .  .  .  .  .  .  .  .  .  .  .  .  .  .  .  . 
 .  .  .  .  .  .  .  .  .  .  .  .  .  .  .  .  .  .  .  . 
 .  .  .  .  .  .  .  .  .  .  .  .  .  .  .  .  .  .  .  . 
 .  .  .  .  .  .  .  .  .  .  .  .  .  .  .  .  .  .  .  . 
 .  .  .  .  .  .  .  .  .  .  .  .  .  .  .  .  .  .  .  . 
 .  .  .  .  .  .  .  .  .  .  .  .  .  .  .  .  .  .  .  . 
 .  .  .  .  .  .  .  .  .  .  .  .  .  .  .  .  .  .  .  . 
 .  .  .  .  .  .  .  .  .  .  .  .  .  .  .  .  .  .  .  . 

Generation #1
 .  .  .  .  .  .  .  .  .  .  .  .  .  .  .  .  .  .  .  . 
 .  .  .  .  .  .  .  .  .  .  .  .  .  .  .  .  .  .  .  . 
 .  .  .  .  .  .  .  .  .  .  .  .  .  .  .  .  .  .  .  . 
 .  .  .  .  .  .  .  .  .  .  .  .  .  .  .  .  .  .  .  . 
 .  .  .  .  .  .  .  .  .  .  .  .  .  .  .  .  .  .  .  . 
 .  .  .  .  .  .  .  .  .  .  .  .  .  .  .  .  .  .  .  . 
 .  .  .  .  .  .  .  .  .  .  .  .  .  .  .  .  .  .  .  . 
 .  .  .  .  .  .  .  .  .  .  .  .  .  .  .  .  .  .  .  . 
 .  .  .  .  .  .  .  .  .  .  .  .  .  .  .  .  .  .  .  . 
 .  .  .  .  .  .  .  .  .  *  *  .  .  .  .  .  .  .  .  . 
 .  .  .  .  .  .  .  .  .  *  .  .  .  .  .  .  .  .  .  . 
 .  .  .  .  .  .  .  .  .  *  *  *  .  .  .  .  .  .  .  . 
 .  .  .  .  .  .  .  .  .  .  .  .  .  .  .  .  .  .  .  . 
 .  .  .  .  .  .  .  .  .  .  .  .  .  .  .  .  .  .  .  . 
 .  .  .  .  .  .  .  .  .  .  .  .  .  .  .  .  .  .  .  . 
 .  .  .  .  .  .  .  .  .  .  .  .  .  .  .  .  .  .  .  . 
 .  .  .  .  .  .  .  .  .  .  .  .  .  .  .  .  .  .  .  . 
 .  .  .  .  .  .  .  .  .  .  .  .  .  .  .  .  .  .  .  . 
 .  .  .  .  .  .  .  .  .  .  .  .  .  .  .  .  .  .  .  . 
 .  .  .  .  .  .  .  .  .  .  .  .  .  .  .  .  .  .  .  . 

Generation #2
 .  .  .  .  .  .  .  .  .  .  .  .  .  .  .  .  .  .  .  . 
 .  .  .  .  .  .  .  .  .  .  .  .  .  .  .  .  .  .  .  . 
 .  .  .  .  .  .  .  .  .  .  .  .  .  .  .  .  .  .  .  . 
 .  .  .  .  .  .  .  .  .  .  .  .  .  .  .  .  .  .  .  . 
 .  .  .  .  .  .  .  .  .  .  .  .  .  .  .  .  .  .  .  . 
 .  .  .  .  .  .  .  .  .  .  .  .  .  .  .  .  .  .  .  . 
 .  .  .  .  .  .  .  .  .  .  .  .  .  .  .  .  .  .  .  . 
 .  .  .  .  .  .  .  .  .  .  .  .  .  .  .  .  .  .  .  . 
 .  .  .  .  .  .  .  .  .  .  .  .  .  .  .  .  .  .  .  . 
 .  .  .  .  .  .  .  .  .  *  *  .  .  .  .  .  .  .  .  . 
 .  .  .  .  .  .  .  .  *  .  .  *  .  .  .  .  .  .  .  . 
 .  .  .  .  .  .  .  .  .  *  *  .  .  .  .  .  .  .  .  . 
 .  .  .  .  .  .  .  .  .  .  *  .  .  .  .  .  .  .  .  . 
 .  .  .  .  .  .  .  .  .  .  .  .  .  .  .  .  .  .  .  . 
 .  .  .  .  .  .  .  .  .  .  .  .  .  .  .  .  .  .  .  . 
 .  .  .  .  .  .  .  .  .  .  .  .  .  .  .  .  .  .  .  . 
 .  .  .  .  .  .  .  .  .  .  .  .  .  .  .  .  .  .  .  . 
 .  .  .  .  .  .  .  .  .  .  .  .  .  .  .  .  .  .  .  . 
 .  .  .  .  .  .  .  .  .  .  .  .  .  .  .  .  .  .  .  . 
 .  .  .  .  .  .  .  .  .  .  .  .  .  .  .  .  .  .  .  . 

Generation #3
 .  .  .  .  .  .  .  .  .  .  .  .  .  .  .  .  .  .  .  . 
 .  .  .  .  .  .  .  .  .  .  .  .  .  .  .  .  .  .  .  . 
 .  .  .  .  .  .  .  .  .  .  .  .  .  .  .  .  .  .  .  . 
 .  .  .  .  .  .  .  .  .  .  .  .  .  .  .  .  .  .  .  . 
 .  .  .  .  .  .  .  .  .  .  .  .  .  .  .  .  .  .  .  . 
 .  .  .  .  .  .  .  .  .  .  .  .  .  .  .  .  .  .  .  . 
 .  .  .  .  .  .  .  .  .  .  .  .  .  .  .  .  .  .  .  . 
 .  .  .  .  .  .  .  .  .  .  .  .  .  .  .  .  .  .  .  . 
 .  .  .  .  .  .  .  .  .  .  .  .  .  .  .  .  .  .  .  . 
 .  .  .  .  .  .  .  .  .  *  *  .  .  .  .  .  .  .  .  . 
 .  .  .  .  .  .  .  .  *  .  .  *  .  .  .  .  .  .  .  . 
 .  .  .  .  .  .  .  .  .  *  *  *  .  .  .  .  .  .  .  . 
 .  .  .  .  .  .  .  .  .  *  *  .  .  .  .  .  .  .  .  . 
 .  .  .  .  .  .  .  .  .  .  .  .  .  .  .  .  .  .  .  . 
 .  .  .  .  .  .  .  .  .  .  .  .  .  .  .  .  .  .  .  . 
 .  .  .  .  .  .  .  .  .  .  .  .  .  .  .  .  .  .  .  . 
 .  .  .  .  .  .  .  .  .  .  .  .  .  .  .  .  .  .  .  . 
 .  .  .  .  .  .  .  .  .  .  .  .  .  .  .  .  .  .  .  . 
 .  .  .  .  .  .  .  .  .  .  .  .  .  .  .  .  .  .  .  . 
 .  .  .  .  .  .  .  .  .  .  .  .  .  .  .  .  .  .  .  . 

Generation #4
 .  .  .  .  .  .  .  .  .  .  .  .  .  .  .  .  .  .  .  . 
 .  .  .  .  .  .  .  .  .  .  .  .  .  .  .  .  .  .  .  . 
 .  .  .  .  .  .  .  .  .  .  .  .  .  .  .  .  .  .  .  . 
 .  .  .  .  .  .  .  .  .  .  .  .  .  .  .  .  .  .  .  . 
 .  .  .  .  .  .  .  .  .  .  .  .  .  .  .  .  .  .  .  . 
 .  .  .  .  .  .  .  .  .  .  .  .  .  .  .  .  .  .  .  . 
 .  .  .  .  .  .  .  .  .  .  .  .  .  .  .  .  .  .  .  . 
 .  .  .  .  .  .  .  .  .  .  .  .  .  .  .  .  .  .  .  . 
 .  .  .  .  .  .  .  .  .  .  .  .  .  .  .  .  .  .  .  . 
 .  .  .  .  .  .  .  .  .  *  *  .  .  .  .  .  .  .  .  . 
 .  .  .  .  .  .  .  .  *  .  .  *  .  .  .  .  .  .  .  . 
 .  .  .  .  .  .  .  .  *  .  .  *  .  .  .  .  .  .  .  . 
 .  .  .  .  .  .  .  .  .  *  .  *  .  .  .  .  .  .  .  . 
 .  .  .  .  .  .  .  .  .  .  .  .  .  .  .  .  .  .  .  . 
 .  .  .  .  .  .  .  .  .  .  .  .  .  .  .  .  .  .  .  . 
 .  .  .  .  .  .  .  .  .  .  .  .  .  .  .  .  .  .  .  . 
 .  .  .  .  .  .  .  .  .  .  .  .  .  .  .  .  .  .  .  . 
 .  .  .  .  .  .  .  .  .  .  .  .  .  .  .  .  .  .  .  . 
 .  .  .  .  .  .  .  .  .  .  .  .  .  .  .  .  .  .  .  . 
 .  .  .  .  .  .  .  .  .  .  .  .  .  .  .  .  .  .  .  . 

Generation #5
 .  .  .  .  .  .  .  .  .  .  .  .  .  .  .  .  .  .  .  . 
 .  .  .  .  .  .  .  .  .  .  .  .  .  .  .  .  .  .  .  . 
 .  .  .  .  .  .  .  .  .  .  .  .  .  .  .  .  .  .  .  . 
 .  .  .  .  .  .  .  .  .  .  .  .  .  .  .  .  .  .  .  . 
 .  .  .  .  .  .  .  .  .  .  .  .  .  .  .  .  .  .  .  . 
 .  .  .  .  .  .  .  .  .  .  .  .  .  .  .  .  .  .  .  . 
 .  .  .  .  .  .  .  .  .  .  .  .  .  .  .  .  .  .  .  . 
 .  .  .  .  .  .  .  .  .  .  .  .  .  .  .  .  .  .  .  . 
 .  .  .  .  .  .  .  .  .  .  .  .  .  .  .  .  .  .  .  . 
 .  .  .  .  .  .  .  .  .  *  *  .  .  .  .  .  .  .  .  . 
 .  .  .  .  .  .  .  .  *  .  .  *  .  .  .  .  .  .  .  . 
 .  .  .  .  .  .  .  .  *  *  .  *  *  .  .  .  .  .  .  . 
 .  .  .  .  .  .  .  .  .  .  *  .  .  .  .  .  .  .  .  . 
 .  .  .  .  .  .  .  .  .  .  .  .  .  .  .  .  .  .  .  . 
 .  .  .  .  .  .  .  .  .  .  .  .  .  .  .  .  .  .  .  . 
 .  .  .  .  .  .  .  .  .  .  .  .  .  .  .  .  .  .  .  . 
 .  .  .  .  .  .  .  .  .  .  .  .  .  .  .  .  .  .  .  . 
 .  .  .  .  .  .  .  .  .  .  .  .  .  .  .  .  .  .  .  . 
 .  .  .  .  .  .  .  .  .  .  .  .  .  .  .  .  .  .  .  . 
 .  .  .  .  .  .  .  .  .  .  .  .  .  .  .  .  .  .  .  . 

Generation #6
 .  .  .  .  .  .  .  .  .  .  .  .  .  .  .  .  .  .  .  . 
 .  .  .  .  .  .  .  .  .  .  .  .  .  .  .  .  .  .  .  . 
 .  .  .  .  .  .  .  .  .  .  .  .  .  .  .  .  .  .  .  . 
 .  .  .  .  .  .  .  .  .  .  .  .  .  .  .  .  .  .  .  . 
 .  .  .  .  .  .  .  .  .  .  .  .  .  .  .  .  .  .  .  . 
 .  .  .  .  .  .  .  .  .  .  .  .  .  .  .  .  .  .  .  . 
 .  .  .  .  .  .  .  .  .  .  .  .  .  .  .  .  .  .  .  . 
 .  .  .  .  .  .  .  .  .  .  .  .  .  .  .  .  .  .  .  . 
 .  .  .  .  .  .  .  .  .  .  .  .  .  .  .  .  .  .  .  . 
 .  .  .  .  .  .  .  .  .  *  *  .  .  .  .  .  .  .  .  . 
 .  .  .  .  .  .  .  .  *  .  .  *  *  .  .  .  .  .  .  . 
 .  .  .  .  .  .  .  .  *  *  .  *  *  .  .  .  .  .  .  . 
 .  .  .  .  .  .  .  .  .  *  *  *  .  .  .  .  .  .  .  . 
 .  .  .  .  .  .  .  .  .  .  .  .  .  .  .  .  .  .  .  . 
 .  .  .  .  .  .  .  .  .  .  .  .  .  .  .  .  .  .  .  . 
 .  .  .  .  .  .  .  .  .  .  .  .  .  .  .  .  .  .  .  . 
 .  .  .  .  .  .  .  .  .  .  .  .  .  .  .  .  .  .  .  . 
 .  .  .  .  .  .  .  .  .  .  .  .  .  .  .  .  .  .  .  . 
 .  .  .  .  .  .  .  .  .  .  .  .  .  .  .  .  .  .  .  . 
 .  .  .  .  .  .  .  .  .  .  .  .  .  .  .  .  .  .  .  . 

Generation #7
 .  .  .  .  .  .  .  .  .  .  .  .  .  .  .  .  .  .  .  . 
 .  .  .  .  .  .  .  .  .  .  .  .  .  .  .  .  .  .  .  . 
 .  .  .  .  .  .  .  .  .  .  .  .  .  .  .  .  .  .  .  . 
 .  .  .  .  .  .  .  .  .  .  .  .  .  .  .  .  .  .  .  . 
 .  .  .  .  .  .  .  .  .  .  .  .  .  .  .  .  .  .  .  . 
 .  .  .  .  .  .  .  .  .  .  .  .  .  .  .  .  .  .  .  . 
 .  .  .  .  .  .  .  .  .  .  .  .  .  .  .  .  .  .  .  . 
 .  .  .  .  .  .  .  .  .  .  .  .  .  .  .  .  .  .  .  . 
 .  .  .  .  .  .  .  .  .  .  .  .  .  .  .  .  .  .  .  . 
 .  .  .  .  .  .  .  .  .  *  *  *  .  .  .  .  .  .  .  . 
 .  .  .  .  .  .  .  .  *  .  .  .  *  .  .  .  .  .  .  . 
 .  .  .  .  .  .  .  .  *  .  .  .  .  .  .  .  .  .  .  . 
 .  .  .  .  .  .  .  .  *  *  .  *  *  .  .  .  .  .  .  . 
 .  .  .  .  .  .  .  .  .  .  *  .  .  .  .  .  .  .  .  . 
 .  .  .  .  .  .  .  .  .  .  .  .  .  .  .  .  .  .  .  . 
 .  .  .  .  .  .  .  .  .  .  .  .  .  .  .  .  .  .  .  . 
 .  .  .  .  .  .  .  .  .  .  .  .  .  .  .  .  .  .  .  . 
 .  .  .  .  .  .  .  .  .  .  .  .  .  .  .  .  .  .  .  . 
 .  .  .  .  .  .  .  .  .  .  .  .  .  .  .  .  .  .  .  . 
 .  .  .  .  .  .  .  .  .  .  .  .  .  .  .  .  .  .  .  . 

Generation #8
 .  .  .  .  .  .  .  .  .  .  .  .  .  .  .  .  .  .  .  . 
 .  .  .  .  .  .  .  .  .  .  .  .  .  .  .  .  .  .  .  . 
 .  .  .  .  .  .  .  .  .  .  .  .  .  .  .  .  .  .  .  . 
 .  .  .  .  .  .  .  .  .  .  .  .  .  .  .  .  .  .  .  . 
 .  .  .  .  .  .  .  .  .  .  .  .  .  .  .  .  .  .  .  . 
 .  .  .  .  .  .  .  .  .  .  .  .  .  .  .  .  .  .  .  . 
 .  .  .  .  .  .  .  .  .  .  .  .  .  .  .  .  .  .  .  . 
 .  .  .  .  .  .  .  .  .  .  .  .  .  .  .  .  .  .  .  . 
 .  .  .  .  .  .  .  .  .  .  *  .  .  .  .  .  .  .  .  . 
 .  .  .  .  .  .  .  .  .  *  *  *  .  .  .  .  .  .  .  . 
 .  .  .  .  .  .  .  .  *  .  *  *  .  .  .  .  .  .  .  . 
 .  .  .  .  .  .  .  *  *  .  .  *  *  .  .  .  .  .  .  . 
 .  .  .  .  .  .  .  .  *  *  *  *  .  .  .  .  .  .  .  . 
 .  .  .  .  .  .  .  .  .  *  *  *  .  .  .  .  .  .  .  . 
 .  .  .  .  .  .  .  .  .  .  .  .  .  .  .  .  .  .  .  . 
 .  .  .  .  .  .  .  .  .  .  .  .  .  .  .  .  .  .  .  . 
 .  .  .  .  .  .  .  .  .  .  .  .  .  .  .  .  .  .  .  . 
 .  .  .  .  .  .  .  .  .  .  .  .  .  .  .  .  .  .  .  . 
 .  .  .  .  .  .  .  .  .  .  .  .  .  .  .  .  .  .  .  . 
 .  .  .  .  .  .  .  .  .  .  .  .  .  .  .  .  .  .  .  . 

Generation #9
 .  .  .  .  .  .  .  .  .  .  .  .  .  .  .  .  .  .  .  . 
 .  .  .  .  .  .  .  .  .  .  .  .  .  .  .  .  .  .  .  . 
 .  .  .  .  .  .  .  .  .  .  .  .  .  .  .  .  .  .  .  . 
 .  .  .  .  .  .  .  .  .  .  .  .  .  .  .  .  .  .  .  . 
 .  .  .  .  .  .  .  .  .  .  .  .  .  .  .  .  .  .  .  . 
 .  .  .  .  .  .  .  .  .  .  .  .  .  .  .  .  .  .  .  . 
 .  .  .  .  .  .  .  .  .  .  .  .  .  .  .  .  .  .  .  . 
 .  .  .  .  .  .  .  .  .  .  .  .  .  .  .  .  .  .  .  . 
 .  .  .  .  .  .  .  .  .  *  *  *  .  .  .  .  .  .  .  . 
 .  .  .  .  .  .  .  .  .  .  .  .  .  .  .  .  .  .  .  . 
 .  .  .  .  .  .  .  *  *  .  .  .  .  .  .  .  .  .  .  . 
 .  .  .  .  .  .  .  *  .  .  .  .  *  .  .  .  .  .  .  . 
 .  .  .  .  .  .  .  *  .  .  .  .  .  .  .  .  .  .  .  . 
 .  .  .  .  .  .  .  .  *  .  .  *  .  .  .  .  .  .  .  . 
 .  .  .  .  .  .  .  .  .  .  *  .  .  .  .  .  .  .  .  . 
 .  .  .  .  .  .  .  .  .  .  .  .  .  .  .  .  .  .  .  . 
 .  .  .  .  .  .  .  .  .  .  .  .  .  .  .  .  .  .  .  . 
 .  .  .  .  .  .  .  .  .  .  .  .  .  .  .  .  .  .  .  . 
 .  .  .  .  .  .  .  .  .  .  .  .  .  .  .  .  .  .  .  . 
 .  .  .  .  .  .  .  .  .  .  .  .  .  .  .  .  .  .  .  . 

Generation #10
 .  .  .  .  .  .  .  .  .  .  .  .  .  .  .  .  .  .  .  . 
 .  .  .  .  .  .  .  .  .  .  .  .  .  .  .  .  .  .  .  . 
 .  .  .  .  .  .  .  .  .  .  .  .  .  .  .  .  .  .  .  . 
 .  .  .  .  .  .  .  .  .  .  .  .  .  .  .  .  .  .  .  . 
 .  .  .  .  .  .  .  .  .  .  .  .  .  .  .  .  .  .  .  . 
 .  .  .  .  .  .  .  .  .  .  .  .  .  .  .  .  .  .  .  . 
 .  .  .  .  .  .  .  .  .  .  .  .  .  .  .  .  .  .  .  . 
 .  .  .  .  .  .  .  .  .  .  *  .  .  .  .  .  .  .  .  . 
 .  .  .  .  .  .  .  .  .  .  *  .  .  .  .  .  .  .  .  . 
 .  .  .  .  .  .  .  .  *  *  *  .  .  .  .  .  .  .  .  . 
 .  .  .  .  .  .  .  *  *  .  .  .  .  .  .  .  .  .  .  . 
 .  .  .  .  .  .  *  *  .  .  .  .  .  .  .  .  .  .  .  . 
 .  .  .  .  .  .  .  *  *  .  .  .  .  .  .  .  .  .  .  . 
 .  .  .  .  .  .  .  .  .  .  .  .  .  .  .  .  .  .  .  . 
 .  .  .  .  .  .  .  .  .  .  .  .  .  .  .  .  .  .  .  . 
 .  .  .  .  .  .  .  .  .  .  .  .  .  .  .  .  .  .  .  . 
 .  .  .  .  .  .  .  .  .  .  .  .  .  .  .  .  .  .  .  . 
 .  .  .  .  .  .  .  .  .  .  .  .  .  .  .  .  .  .  .  . 
 .  .  .  .  .  .  .  .  .  .  .  .  .  .  .  .  .  .  .  . 
 .  .  .  .  .  .  .  .  .  .  .  .  .  .  .  .  .  .  .  . 

Generation #11
 .  .  .  .  .  .  .  .  .  .  .  .  .  .  .  .  .  .  .  . 
 .  .  .  .  .  .  .  .  .  .  .  .  .  .  .  .  .  .  .  . 
 .  .  .  .  .  .  .  .  .  .  .  .  .  .  .  .  .  .  .  . 
 .  .  .  .  .  .  .  .  .  .  .  .  .  .  .  .  .  .  .  . 
 .  .  .  .  .  .  .  .  .  .  .  .  .  .  .  .  .  .  .  . 
 .  .  .  .  .  .  .  .  .  .  .  .  .  .  .  .  .  .  .  . 
 .  .  .  .  .  .  .  .  .  .  .  .  .  .  .  .  .  .  .  . 
 .  .  .  .  .  .  .  .  .  .  .  .  .  .  .  .  .  .  .  . 
 .  .  .  .  .  .  .  .  .  .  *  *  .  .  .  .  .  .  .  . 
 .  .  .  .  .  .  .  *  *  .  *  .  .  .  .  .  .  .  .  . 
 .  .  .  .  .  .  *  .  .  .  .  .  .  .  .  .  .  .  .  . 
 .  .  .  .  .  .  *  .  .  .  .  .  .  .  .  .  .  .  .  . 
 .  .  .  .  .  .  *  *  *  .  .  .  .  .  .  .  .  .  .  . 
 .  .  .  .  .  .  .  .  .  .  .  .  .  .  .  .  .  .  .  . 
 .  .  .  .  .  .  .  .  .  .  .  .  .  .  .  .  .  .  .  . 
 .  .  .  .  .  .  .  .  .  .  .  .  .  .  .  .  .  .  .  . 
 .  .  .  .  .  .  .  .  .  .  .  .  .  .  .  .  .  .  .  . 
 .  .  .  .  .  .  .  .  .  .  .  .  .  .  .  .  .  .  .  . 
 .  .  .  .  .  .  .  .  .  .  .  .  .  .  .  .  .  .  .  . 
 .  .  .  .  .  .  .  .  .  .  .  .  .  .  .  .  .  .  .  . 

Generation #12
 .  .  .  .  .  .  .  .  .  .  .  .  .  .  .  .  .  .  .  . 
 .  .  .  .  .  .  .  .  .  .  .  .  .  .  .  .  .  .  .  . 
 .  .  .  .  .  .  .  .  .  .  .  .  .  .  .  .  .  .  .  . 
 .  .  .  .  .  .  .  .  .  .  .  .  .  .  .  .  .  .  .  . 
 .  .  .  .  .  .  .  .  .  .  .  .  .  .  .  .  .  .  .  . 
 .  .  .  .  .  .  .  .  .  .  .  .  .  .  .  .  .  .  .  . 
 .  .  .  .  .  .  .  .  .  .  .  .  .  .  .  .  .  .  .  . 
 .  .  .  .  .  .  .  .  .  .  .  .  .  .  .  .  .  .  .  . 
 .  .  .  .  .  .  .  .  .  *  *  *  .  .  .  .  .  .  .  . 
 .  .  .  .  .  .  .  *  .  *  *  *  .  .  .  .  .  .  .  . 
 .  .  .  .  .  .  *  .  .  .  .  .  .  .  .  .  .  .  .  . 
 .  .  .  .  .  *  *  .  .  .  .  .  .  .  .  .  .  .  .  . 
 .  .  .  .  .  .  *  *  .  .  .  .  .  .  .  .  .  .  .  . 
 .  .  .  .  .  .  .  *  .  .  .  .  .  .  .  .  .  .  .  . 
 .  .  .  .  .  .  .  .  .  .  .  .  .  .  .  .  .  .  .  . 
 .  .  .  .  .  .  .  .  .  .  .  .  .  .  .  .  .  .  .  . 
 .  .  .  .  .  .  .  .  .  .  .  .  .  .  .  .  .  .  .  . 
 .  .  .  .  .  .  .  .  .  .  .  .  .  .  .  .  .  .  .  . 
 .  .  .  .  .  .  .  .  .  .  .  .  .  .  .  .  .  .  .  . 
 .  .  .  .  .  .  .  .  .  .  .  .  .  .  .  .  .  .  .  . 

Generation #13
 .  .  .  .  .  .  .  .  .  .  .  .  .  .  .  .  .  .  .  . 
 .  .  .  .  .  .  .  .  .  .  .  .  .  .  .  .  .  .  .  . 
 .  .  .  .  .  .  .  .  .  .  .  .  .  .  .  .  .  .  .  . 
 .  .  .  .  .  .  .  .  .  .  .  .  .  .  .  .  .  .  .  . 
 .  .  .  .  .  .  .  .  .  .  .  .  .  .  .  .  .  .  .  . 
 .  .  .  .  .  .  .  .  .  .  .  .  .  .  .  .  .  .  .  . 
 .  .  .  .  .  .  .  .  .  .  .  .  .  .  .  .  .  .  .  . 
 .  .  .  .  .  .  .  .  .  .  *  .  .  .  .  .  .  .  .  . 
 .  .  .  .  .  .  .  .  *  *  .  *  .  .  .  .  .  .  .  . 
 .  .  .  .  .  .  .  .  *  *  .  *  .  .  .  .  .  .  .  . 
 .  .  .  .  .  *  *  *  .  .  *  .  .  .  .  .  .  .  .  . 
 .  .  .  .  .  *  .  .  .  .  .  .  .  .  .  .  .  .  .  . 
 .  .  .  .  .  *  .  *  .  .  .  .  .  .  .  .  .  .  .  . 
 .  .  .  .  .  .  *  *  .  .  .  .  .  .  .  .  .  .  .  . 
 .  .  .  .  .  .  .  .  .  .  .  .  .  .  .  .  .  .  .  . 
 .  .  .  .  .  .  .  .  .  .  .  .  .  .  .  .  .  .  .  . 
 .  .  .  .  .  .  .  .  .  .  .  .  .  .  .  .  .  .  .  . 
 .  .  .  .  .  .  .  .  .  .  .  .  .  .  .  .  .  .  .  . 
 .  .  .  .  .  .  .  .  .  .  .  .  .  .  .  .  .  .  .  . 
 .  .  .  .  .  .  .  .  .  .  .  .  .  .  .  .  .  .  .  . 

Generation #14
 .  .  .  .  .  .  .  .  .  .  .  .  .  .  .  .  .  .  .  . 
 .  .  .  .  .  .  .  .  .  .  .  .  .  .  .  .  .  .  .  . 
 .  .  .  .  .  .  .  .  .  .  .  .  .  .  .  .  .  .  .  . 
 .  .  .  .  .  .  .  .  .  .  .  .  .  .  .  .  .  .  .  . 
 .  .  .  .  .  .  .  .  .  .  .  .  .  .  .  .  .  .  .  . 
 .  .  .  .  .  .  .  .  .  .  .  .  .  .  .  .  .  .  .  . 
 .  .  .  .  .  .  .  .  .  .  .  .  .  .  .  .  .  .  .  . 
 .  .  .  .  .  .  .  .  .  *  *  .  .  .  .  .  .  .  .  . 
 .  .  .  .  .  .  .  .  *  .  .  *  .  .  .  .  .  .  .  . 
 .  .  .  .  .  .  *  .  .  .  .  *  .  .  .  .  .  .  .  . 
 .  .  .  .  .  *  *  *  *  *  *  .  .  .  .  .  .  .  .  . 
 .  .  .  .  *  *  .  *  .  .  .  .  .  .  .  .  .  .  .  . 
 .  .  .  .  .  *  .  *  .  .  .  .  .  .  .  .  .  .  .  . 
 .  .  .  .  .  .  *  *  .  .  .  .  .  .  .  .  .  .  .  . 
 .  .  .  .  .  .  .  .  .  .  .  .  .  .  .  .  .  .  .  . 
 .  .  .  .  .  .  .  .  .  .  .  .  .  .  .  .  .  .  .  . 
 .  .  .  .  .  .  .  .  .  .  .  .  .  .  .  .  .  .  .  . 
 .  .  .  .  .  .  .  .  .  .  .  .  .  .  .  .  .  .  .  . 
 .  .  .  .  .  .  .  .  .  .  .  .  .  .  .  .  .  .  .  . 
 .  .  .  .  .  .  .  .  .  .  .  .  .  .  .  .  .  .  .  . 

Generation #15
 .  .  .  .  .  .  .  .  .  .  .  .  .  .  .  .  .  .  .  . 
 .  .  .  .  .  .  .  .  .  .  .  .  .  .  .  .  .  .  .  . 
 .  .  .  .  .  .  .  .  .  .  .  .  .  .  .  .  .  .  .  . 
 .  .  .  .  .  .  .  .  .  .  .  .  .  .  .  .  .  .  .  . 
 .  .  .  .  .  .  .  .  .  .  .  .  .  .  .  .  .  .  .  . 
 .  .  .  .  .  .  .  .  .  .  .  .  .  .  .  .  .  .  .  . 
 .  .  .  .  .  .  .  .  .  .  .  .  .  .  .  .  .  .  .  . 
 .  .  .  .  .  .  .  .  .  *  *  .  .  .  .  .  .  .  .  . 
 .  .  .  .  .  .  .  .  .  *  .  *  .  .  .  .  .  .  .  . 
 .  .  .  .  .  *  *  .  .  .  .  *  .  .  .  .  .  .  .  . 
 .  .  .  .  *  .  .  .  *  *  *  .  .  .  .  .  .  .  .  . 
 .  .  .  .  *  .  .  .  .  *  .  .  .  .  .  .  .  .  .  . 
 .  .  .  .  *  *  .  *  *  .  .  .  .  .  .  .  .  .  .  . 
 .  .  .  .  .  .  *  *  .  .  .  .  .  .  .  .  .  .  .  . 
 .  .  .  .  .  .  .  .  .  .  .  .  .  .  .  .  .  .  .  . 
 .  .  .  .  .  .  .  .  .  .  .  .  .  .  .  .  .  .  .  . 
 .  .  .  .  .  .  .  .  .  .  .  .  .  .  .  .  .  .  .  . 
 .  .  .  .  .  .  .  .  .  .  .  .  .  .  .  .  .  .  .  . 
 .  .  .  .  .  .  .  .  .  .  .  .  .  .  .  .  .  .  .  . 
 .  .  .  .  .  .  .  .  .  .  .  .  .  .  .  .  .  .  .  . 

Generation #16
 .  .  .  .  .  .  .  .  .  .  .  .  .  .  .  .  .  .  .  . 
 .  .  .  .  .  .  .  .  .  .  .  .  .  .  .  .  .  .  .  . 
 .  .  .  .  .  .  .  .  .  .  .  .  .  .  .  .  .  .  .  . 
 .  .  .  .  .  .  .  .  .  .  .  .  .  .  .  .  .  .  .  . 
 .  .  .  .  .  .  .  .  .  .  .  .  .  .  .  .  .  .  .  . 
 .  .  .  .  .  .  .  .  .  .  .  .  .  .  .  .  .  .  .  . 
 .  .  .  .  .  .  .  .  .  .  .  .  .  .  .  .  .  .  .  . 
 .  .  .  .  .  .  .  .  .  *  *  .  .  .  .  .  .  .  .  . 
 .  .  .  .  .  .  .  .  .  *  .  *  .  .  .  .  .  .  .  . 
 .  .  .  .  .  *  .  .  *  .  .  *  .  .  .  .  .  .  .  . 
 .  .  .  .  *  .  .  .  *  *  *  .  .  .  .  .  .  .  .  . 
 .  .  .  *  *  .  .  *  .  .  *  .  .  .  .  .  .  .  .  . 
 .  .  .  .  *  *  .  *  *  .  .  .  .  .  .  .  .  .  .  . 
 .  .  .  .  .  *  *  *  *  .  .  .  .  .  .  .  .  .  .  . 
 .  .  .  .  .  .  .  .  .  .  .  .  .  .  .  .  .  .  .  . 
 .  .  .  .  .  .  .  .  .  .  .  .  .  .  .  .  .  .  .  . 
 .  .  .  .  .  .  .  .  .  .  .  .  .  .  .  .  .  .  .  . 
 .  .  .  .  .  .  .  .  .  .  .  .  .  .  .  .  .  .  .  . 
 .  .  .  .  .  .  .  .  .  .  .  .  .  .  .  .  .  .  .  . 
 .  .  .  .  .  .  .  .  .  .  .  .  .  .  .  .  .  .  .  . 

Generation #17
 .  .  .  .  .  .  .  .  .  .  .  .  .  .  .  .  .  .  .  . 
 .  .  .  .  .  .  .  .  .  .  .  .  .  .  .  .  .  .  .  . 
 .  .  .  .  .  .  .  .  .  .  .  .  .  .  .  .  .  .  .  . 
 .  .  .  .  .  .  .  .  .  .  .  .  .  .  .  .  .  .  .  . 
 .  .  .  .  .  .  .  .  .  .  .  .  .  .  .  .  .  .  .  . 
 .  .  .  .  .  .  .  .  .  .  .  .  .  .  .  .  .  .  .  . 
 .  .  .  .  .  .  .  .  .  .  .  .  .  .  .  .  .  .  .  . 
 .  .  .  .  .  .  .  .  .  *  *  .  .  .  .  .  .  .  .  . 
 .  .  .  .  .  .  .  .  *  *  .  *  .  .  .  .  .  .  .  . 
 .  .  .  .  .  .  .  .  *  .  .  *  .  .  .  .  .  .  .  . 
 .  .  .  *  *  *  .  *  *  .  *  *  .  .  .  .  .  .  .  . 
 .  .  .  *  .  .  *  *  .  .  *  .  .  .  .  .  .  .  .  . 
 .  .  .  *  .  .  .  .  .  *  .  .  .  .  .  .  .  .  .  . 
 .  .  .  .  *  *  .  .  *  .  .  .  .  .  .  .  .  .  .  . 
 .  .  .  .  .  .  *  *  .  .  .  .  .  .  .  .  .  .  .  . 
 .  .  .  .  .  .  .  .  .  .  .  .  .  .  .  .  .  .  .  . 
 .  .  .  .  .  .  .  .  .  .  .  .  .  .  .  .  .  .  .  . 
 .  .  .  .  .  .  .  .  .  .  .  .  .  .  .  .  .  .  .  . 
 .  .  .  .  .  .  .  .  .  .  .  .  .  .  .  .  .  .  .  . 
 .  .  .  .  .  .  .  .  .  .  .  .  .  .  .  .  .  .  .  . 

Generation #18
 .  .  .  .  .  .  .  .  .  .  .  .  .  .  .  .  .  .  .  . 
 .  .  .  .  .  .  .  .  .  .  .  .  .  .  .  .  .  .  .  . 
 .  .  .  .  .  .  .  .  .  .  .  .  .  .  .  .  .  .  .  . 
 .  .  .  .  .  .  .  .  .  .  .  .  .  .  .  .  .  .  .  . 
 .  .  .  .  .  .  .  .  .  .  .  .  .  .  .  .  .  .  .  . 
 .  .  .  .  .  .  .  .  .  .  .  .  .  .  .  .  .  .  .  . 
 .  .  .  .  .  .  .  .  .  .  .  .  .  .  .  .  .  .  .  . 
 .  .  .  .  .  .  .  .  *  *  *  .  .  .  .  .  .  .  .  . 
 .  .  .  .  .  .  .  .  *  .  .  *  .  .  .  .  .  .  .  . 
 .  .  .  .  *  .  .  .  .  .  .  *  *  .  .  .  .  .  .  . 
 .  .  .  *  *  *  .  .  *  .  *  *  .  .  .  .  .  .  .  . 
 .  .  *  *  .  *  *  *  .  .  *  *  .  .  .  .  .  .  .  . 
 .  .  .  *  .  *  *  *  *  *  .  .  .  .  .  .  .  .  .  . 
 .  .  .  .  *  *  *  *  *  .  .  .  .  .  .  .  .  .  .  . 
 .  .  .  .  .  *  *  *  .  .  .  .  .  .  .  .  .  .  .  . 
 .  .  .  .  .  .  .  .  .  .  .  .  .  .  .  .  .  .  .  . 
 .  .  .  .  .  .  .  .  .  .  .  .  .  .  .  .  .  .  .  . 
 .  .  .  .  .  .  .  .  .  .  .  .  .  .  .  .  .  .  .  . 
 .  .  .  .  .  .  .  .  .  .  .  .  .  .  .  .  .  .  .  . 
 .  .  .  .  .  .  .  .  .  .  .  .  .  .  .  .  .  .  .  . 

Generation #19
 .  .  .  .  .  .  .  .  .  .  .  .  .  .  .  .  .  .  .  . 
 .  .  .  .  .  .  .  .  .  .  .  .  .  .  .  .  .  .  .  . 
 .  .  .  .  .  .  .  .  .  .  .  .  .  .  .  .  .  .  .  . 
 .  .  .  .  .  .  .  .  .  .  .  .  .  .  .  .  .  .  .  . 
 .  .  .  .  .  .  .  .  .  .  .  .  .  .  .  .  .  .  .  . 
 .  .  .  .  .  .  .  .  .  .  .  .  .  .  .  .  .  .  .  . 
 .  .  .  .  .  .  .  .  .  *  .  .  .  .  .  .  .  .  .  . 
 .  .  .  .  .  .  .  .  *  *  *  .  .  .  .  .  .  .  .  . 
 .  .  .  .  .  .  .  .  *  .  .  *  *  .  .  .  .  .  .  . 
 .  .  .  *  *  *  .  .  .  *  .  .  *  .  .  .  .  .  .  . 
 .  .  *  .  .  .  .  *  .  *  .  .  .  .  .  .  .  .  .  . 
 .  .  *  .  .  .  .  .  .  .  .  *  .  .  .  .  .  .  .  . 
 .  .  *  *  .  .  .  .  .  *  *  .  .  .  .  .  .  .  .  . 
 .  .  .  .  .  .  .  .  .  *  .  .  .  .  .  .  .  .  .  . 
 .  .  .  .  *  .  .  .  *  .  .  .  .  .  .  .  .  .  .  . 
 .  .  .  .  .  .  *  .  .  .  .  .  .  .  .  .  .  .  .  . 
 .  .  .  .  .  .  .  .  .  .  .  .  .  .  .  .  .  .  .  . 
 .  .  .  .  .  .  .  .  .  .  .  .  .  .  .  .  .  .  .  . 
 .  .  .  .  .  .  .  .  .  .  .  .  .  .  .  .  .  .  .  . 
 .  .  .  .  .  .  .  .  .  .  .  .  .  .  .  .  .  .  .  . 

Generation #20
 .  .  .  .  .  .  .  .  .  .  .  .  .  .  .  .  .  .  .  . 
 .  .  .  .  .  .  .  .  .  .  .  .  .  .  .  .  .  .  .  . 
 .  .  .  .  .  .  .  .  .  .  .  .  .  .  .  .  .  .  .  . 
 .  .  .  .  .  .  .  .  .  .  .  .  .  .  .  .  .  .  .  . 
 .  .  .  .  .  .  .  .  .  .  .  .  .  .  .  .  .  .  .  . 
 .  .  .  .  .  .  .  .  .  .  .  .  .  .  .  .  .  .  .  . 
 .  .  .  .  .  .  .  .  *  *  *  .  .  .  .  .  .  .  .  . 
 .  .  .  .  .  .  .  .  *  .  *  *  .  .  .  .  .  .  .  . 
 .  .  .  .  *  .  .  .  *  .  .  *  *  .  .  .  .  .  .  . 
 .  .  .  *  *  .  .  .  .  *  *  *  *  .  .  .  .  .  .  . 
 .  .  *  .  *  .  .  .  *  .  *  .  .  .  .  .  .  .  .  . 
 .  *  *  .  .  .  .  .  *  *  .  .  .  .  .  .  .  .  .  . 
 .  .  *  *  .  .  .  .  .  *  *  .  .  .  .  .  .  .  .  . 
 .  .  .  *  .  .  .  .  *  *  *  .  .  .  .  .  .  .  .  . 
 .  .  .  .  .  .  .  .  .  .  .  .  .  .  .  .  .  .  .  . 
 .  .  .  .  .  .  .  .  .  .  .  .  .  .  .  .  .  .  .  . 
 .  .  .  .  .  .  .  .  .  .  .  .  .  .  .  .  .  .  .  . 
 .  .  .  .  .  .  .  .  .  .  .  .  .  .  .  .  .  .  .  . 
 .  .  .  .  .  .  .  .  .  .  .  .  .  .  .  .  .  .  .  . 
 .  .  .  .  .  .  .  .  .  .  .  .  .  .  .  .  .  .  .  . 

Generation #21
 .  .  .  .  .  .  .  .  .  .  .  .  .  .  .  .  .  .  .  . 
 .  .  .  .  .  .  .  .  .  .  .  .  .  .  .  .  .  .  .  . 
 .  .  .  .  .  .  .  .  .  .  .  .  .  .  .  .  .  .  .  . 
 .  .  .  .  .  .  .  .  .  .  .  .  .  .  .  .  .  .  .  . 
 .  .  .  .  .  .  .  .  .  .  .  .  .  .  .  .  .  .  .  . 
 .  .  .  .  .  .  .  .  .  *  .  .  .  .  .  .  .  .  .  . 
 .  .  .  .  .  .  .  .  *  .  *  *  .  .  .  .  .  .  .  . 
 .  .  .  .  .  .  .  *  *  .  .  .  *  .  .  .  .  .  .  . 
 .  .  .  *  *  .  .  .  *  .  .  .  .  .  .  .  .  .  .  . 
 .  .  .  .  *  *  .  .  *  .  .  .  *  .  .  .  .  .  .  . 
 .  *  *  .  *  .  .  .  *  .  .  .  .  .  .  .  .  .  .  . 
 .  *  .  .  .  .  .  .  *  .  .  .  .  .  .  .  .  .  .  . 
 .  *  .  *  .  .  .  .  .  .  .  .  .  .  .  .  .  .  .  . 
 .  .  *  *  .  .  .  .  *  .  *  .  .  .  .  .  .  .  .  . 
 .  .  .  .  .  .  .  .  .  *  .  .  .  .  .  .  .  .  .  . 
 .  .  .  .  .  .  .  .  .  .  .  .  .  .  .  .  .  .  .  . 
 .  .  .  .  .  .  .  .  .  .  .  .  .  .  .  .  .  .  .  . 
 .  .  .  .  .  .  .  .  .  .  .  .  .  .  .  .  .  .  .  . 
 .  .  .  .  .  .  .  .  .  .  .  .  .  .  .  .  .  .  .  . 
 .  .  .  .  .  .  .  .  .  .  .  .  .  .  .  .  .  .  .  . 

Generation #22
 .  .  .  .  .  .  .  .  .  .  .  .  .  .  .  .  .  .  .  . 
 .  .  .  .  .  .  .  .  .  .  .  .  .  .  .  .  .  .  .  . 
 .  .  .  .  .  .  .  .  .  .  .  .  .  .  .  .  .  .  .  . 
 .  .  .  .  .  .  .  .  .  .  .  .  .  .  .  .  .  .  .  . 
 .  .  .  .  .  .  .  .  .  .  .  .  .  .  .  .  .  .  .  . 
 .  .  .  .  .  .  .  .  .  *  *  .  .  .  .  .  .  .  .  . 
 .  .  .  .  .  .  .  *  *  .  *  *  .  .  .  .  .  .  .  . 
 .  .  .  .  .  .  .  *  *  .  .  *  .  .  .  .  .  .  .  . 
 .  .  .  *  *  *  .  .  *  *  .  .  .  .  .  .  .  .  .  . 
 .  .  *  .  .  *  .  *  *  *  .  .  .  .  .  .  .  .  .  . 
 .  *  *  *  *  *  .  *  *  *  .  .  .  .  .  .  .  .  .  . 
 *  *  .  *  .  .  .  .  .  .  .  .  .  .  .  .  .  .  .  . 
 .  *  .  *  .  .  .  .  .  *  .  .  .  .  .  .  .  .  .  . 
 .  .  *  *  .  .  .  .  .  *  .  .  .  .  .  .  .  .  .  . 
 .  .  .  .  .  .  .  .  .  *  .  .  .  .  .  .  .  .  .  . 
 .  .  .  .  .  .  .  .  .  .  .  .  .  .  .  .  .  .  .  . 
 .  .  .  .  .  .  .  .  .  .  .  .  .  .  .  .  .  .  .  . 
 .  .  .  .  .  .  .  .  .  .  .  .  .  .  .  .  .  .  .  . 
 .  .  .  .  .  .  .  .  .  .  .  .  .  .  .  .  .  .  .  . 
 .  .  .  .  .  .  .  .  .  .  .  .  .  .  .  .  .  .  .  . 

Generation #23
 .  .  .  .  .  .  .  .  .  .  .  .  .  .  .  .  .  .  .  . 
 .  .  .  .  .  .  .  .  .  .  .  .  .  .  .  .  .  .  .  . 
 .  .  .  .  .  .  .  .  .  .  .  .  .  .  .  .  .  .  .  . 
 .  .  .  .  .  .  .  .  .  .  .  .  .  .  .  .  .  .  .  . 
 .  .  .  .  .  .  .  .  .  .  .  .  .  .  .  .  .  .  .  . 
 .  .  .  .  .  .  .  .  *  *  *  *  .  .  .  .  .  .  .  . 
 .  .  .  .  .  .  .  *  .  .  .  *  .  .  .  .  .  .  .  . 
 .  .  .  .  *  .  *  .  .  .  .  *  .  .  .  .  .  .  .  . 
 .  .  .  *  *  *  .  .  .  .  *  .  .  .  .  .  .  .  .  . 
 .  *  .  .  .  .  .  .  .  .  *  .  .  .  .  .  .  .  .  . 
 *  .  .  .  .  *  .  *  .  *  .  .  .  .  .  .  .  .  .  . 
 *  .  .  .  .  .  .  .  .  *  .  .  .  .  .  .  .  .  .  . 
 *  *  .  *  *  .  .  .  .  .  .  .  .  .  .  .  .  .  .  . 
 .  .  *  *  .  .  .  .  *  *  *  .  .  .  .  .  .  .  .  . 
 .  .  .  .  .  .  .  .  .  .  .  .  .  .  .  .  .  .  .  . 
 .  .  .  .  .  .  .  .  .  .  .  .  .  .  .  .  .  .  .  . 
 .  .  .  .  .  .  .  .  .  .  .  .  .  .  .  .  .  .  .  . 
 .  .  .  .  .  .  .  .  .  .  .  .  .  .  .  .  .  .  .  . 
 .  .  .  .  .  .  .  .  .  .  .  .  .  .  .  .  .  .  .  . 
 .  .  .  .  .  .  .  .  .  .  .  .  .  .  .  .  .  .  .  . 

Generation #24
 .  .  .  .  .  .  .  .  .  .  .  .  .  .  .  .  .  .  .  . 
 .  .  .  .  .  .  .  .  .  .  .  .  .  .  .  .  .  .  .  . 
 .  .  .  .  .  .  .  .  .  .  .  .  .  .  .  .  .  .  .  . 
 .  .  .  .  .  .  .  .  .  .  .  .  .  .  .  .  .  .  .  . 
 .  .  .  .  .  .  .  .  .  *  *  .  .  .  .  .  .  .  .  . 
 .  .  .  .  .  .  .  .  *  *  *  *  .  .  .  .  .  .  .  . 
 .  .  .  .  .  .  .  *  *  *  .  *  *  .  .  .  .  .  .  . 
 .  .  .  *  *  .  *  .  .  .  *  *  .  .  .  .  .  .  .  . 
 .  .  .  *  *  *  .  .  .  .  *  *  .  .  .  .  .  .  .  . 
 .  .  .  .  .  *  *  .  .  *  *  .  .  .  .  .  .  .  .  . 
 *  *  .  .  .  .  .  .  *  *  *  .  .  .  .  .  .  .  .  . 
 *  .  .  .  *  .  .  .  *  .  .  .  .  .  .  .  .  .  .  . 
 *  *  .  *  *  .  .  .  *  .  *  .  .  .  .  .  .  .  .  . 
 .  *  *  *  *  .  .  .  .  *  .  .  .  .  .  .  .  .  .  . 
 .  .  .  .  .  .  .  .  .  *  .  .  .  .  .  .  .  .  .  . 
 .  .  .  .  .  .  .  .  .  .  .  .  .  .  .  .  .  .  .  . 
 .  .  .  .  .  .  .  .  .  .  .  .  .  .  .  .  .  .  .  . 
 .  .  .  .  .  .  .  .  .  .  .  .  .  .  .  .  .  .  .  . 
 .  .  .  .  .  .  .  .  .  .  .  .  .  .  .  .  .  .  .  . 
 .  .  .  .  .  .  .  .  .  .  .  .  .  .  .  .  .  .  .  . 

Generation #25
 .  .  .  .  .  .  .  .  .  .  .  .  .  .  .  .  .  .  .  . 
 .  .  .  .  .  .  .  .  .  .  .  .  .  .  .  .  .  .  .  . 
 .  .  .  .  .  .  .  .  .  .  .  .  .  .  .  .  .  .  .  . 
 .  .  .  .  .  .  .  .  .  .  .  .  .  .  .  .  .  .  .  . 
 .  .  .  .  .  .  .  .  *  .  .  *  .  .  .  .  .  .  .  . 
 .  .  .  .  .  .  .  *  .  .  .  .  *  .  .  .  .  .  .  . 
 .  .  .  .  .  .  .  *  .  .  .  .  *  .  .  .  .  .  .  . 
 .  .  .  *  .  .  *  *  *  .  .  .  .  .  .  .  .  .  .  . 
 .  .  .  *  .  .  .  .  .  .  .  .  .  .  .  .  .  .  .  . 
 .  .  .  .  .  *  *  .  *  .  .  .  .  .  .  .  .  .  .  . 
 *  *  .  .  .  *  .  *  *  .  *  .  .  .  .  .  .  .  .  . 
 .  .  *  *  *  .  .  *  *  .  *  .  .  .  .  .  .  .  .  . 
 *  .  .  .  .  *  .  .  *  .  .  .  .  .  .  .  .  .  .  . 
 *  *  .  .  *  .  .  .  *  *  *  .  .  .  .  .  .  .  .  . 
 .  .  *  *  .  .  .  .  .  .  .  .  .  .  .  .  .  .  .  . 
 .  .  .  .  .  .  .  .  .  .  .  .  .  .  .  .  .  .  .  . 
 .  .  .  .  .  .  .  .  .  .  .  .  .  .  .  .  .  .  .  . 
 .  .  .  .  .  .  .  .  .  .  .  .  .  .  .  .  .  .  .  . 
 .  .  .  .  .  .  .  .  .  .  .  .  .  .  .  .  .  .  .  . 
 .  .  .  .  .  .  .  .  .  .  .  .  .  .  .  .  .  .  .  . 

Generation #26
 .  .  .  .  .  .  .  .  .  .  .  .  .  .  .  .  .  .  .  . 
 .  .  .  .  .  .  .  .  .  .  .  .  .  .  .  .  .  .  .  . 
 .  .  .  .  .  .  .  .  .  .  .  .  .  .  .  .  .  .  .  . 
 .  .  .  .  .  .  .  .  .  .  .  .  .  .  .  .  .  .  .  . 
 .  .  .  .  .  .  .  .  .  .  .  .  .  .  .  .  .  .  .  . 
 .  .  .  .  .  .  .  *  *  .  .  *  *  .  .  .  .  .  .  . 
 .  .  .  .  .  .  .  .  .  .  .  .  .  .  .  .  .  .  .  . 
 .  .  .  .  .  .  *  *  *  .  .  .  .  .  .  .  .  .  .  . 
 .  .  .  .  *  *  .  .  *  .  .  .  .  .  .  .  .  .  .  . 
 .  .  .  .  *  *  *  .  *  *  .  .  .  .  .  .  .  .  .  . 
 .  *  *  *  .  *  .  .  .  .  .  .  .  .  .  .  .  .  .  . 
 *  .  *  *  *  *  .  .  .  .  .  .  .  .  .  .  .  .  .  . 
 *  .  *  .  .  *  .  .  .  .  *  .  .  .  .  .  .  .  .  . 
 *  *  *  *  *  .  .  .  *  *  .  .  .  .  .  .  .  .  .  . 
 .  *  *  *  .  .  .  .  .  *  .  .  .  .  .  .  .  .  .  . 
 .  .  .  .  .  .  .  .  .  .  .  .  .  .  .  .  .  .  .  . 
 .  .  .  .  .  .  .  .  .  .  .  .  .  .  .  .  .  .  .  . 
 .  .  .  .  .  .  .  .  .  .  .  .  .  .  .  .  .  .  .  . 
 .  .  .  .  .  .  .  .  .  .  .  .  .  .  .  .  .  .  .  . 
 .  .  .  .  .  .  .  .  .  .  .  .  .  .  .  .  .  .  .  . 

Generation #27
 .  .  .  .  .  .  .  .  .  .  .  .  .  .  .  .  .  .  .  . 
 .  .  .  .  .  .  .  .  .  .  .  .  .  .  .  .  .  .  .  . 
 .  .  .  .  .  .  .  .  .  .  .  .  .  .  .  .  .  .  .  . 
 .  .  .  .  .  .  .  .  .  .  .  .  .  .  .  .  .  .  .  . 
 .  .  .  .  .  .  .  .  .  .  .  .  .  .  .  .  .  .  .  . 
 .  .  .  .  .  .  .  .  .  .  .  .  .  .  .  .  .  .  .  . 
 .  .  .  .  .  .  *  .  .  .  .  .  .  .  .  .  .  .  .  . 
 .  .  .  .  .  *  *  *  *  .  .  .  .  .  .  .  .  .  .  . 
 .  .  .  .  *  .  .  .  .  .  .  .  .  .  .  .  .  .  .  . 
 .  .  *  .  .  .  *  *  *  *  .  .  .  .  .  .  .  .  .  . 
 .  *  .  .  .  .  .  .  .  .  .  .  .  .  .  .  .  .  .  . 
 *  .  .  .  .  *  *  .  .  .  .  .  .  .  .  .  .  .  .  . 
 *  .  .  .  .  *  .  .  .  *  .  .  .  .  .  .  .  .  .  . 
 *  .  .  .  *  .  .  .  *  *  *  .  .  .  .  .  .  .  .  . 
 *  .  .  .  *  .  .  .  *  *  .  .  .  .  .  .  .  .  .  . 
 .  .  *  .  .  .  .  .  .  .  .  .  .  .  .  .  .  .  .  . 
 .  .  .  .  .  .  .  .  .  .  .  .  .  .  .  .  .  .  .  . 
 .  .  .  .  .  .  .  .  .  .  .  .  .  .  .  .  .  .  .  . 
 .  .  .  .  .  .  .  .  .  .  .  .  .  .  .  .  .  .  .  . 
 .  .  .  .  .  .  .  .  .  .  .  .  .  .  .  .  .  .  .  . 

Generation #28
 .  .  .  .  .  .  .  .  .  .  .  .  .  .  .  .  .  .  .  . 
 .  .  .  .  .  .  .  .  .  .  .  .  .  .  .  .  .  .  .  . 
 .  .  .  .  .  .  .  .  .  .  .  .  .  .  .  .  .  .  .  . 
 .  .  .  .  .  .  .  .  .  .  .  .  .  .  .  .  .  .  .  . 
 .  .  .  .  .  .  .  .  .  .  .  .  .  .  .  .  .  .  .  . 
 .  .  .  .  .  .  .  .  .  .  .  .  .  .  .  .  .  .  .  . 
 .  .  .  .  .  *  *  .  .  .  .  .  .  .  .  .  .  .  .  . 
 .  .  .  .  .  *  *  *  .  .  .  .  .  .  .  .  .  .  .  . 
 .  .  .  .  .  .  .  .  .  *  .  .  .  .  .  .  .  .  .  . 
 .  .  .  .  .  .  .  *  *  .  .  .  .  .  .  .  .  .  .  . 
 .  *  .  .  .  *  .  .  *  .  .  .  .  .  .  .  .  .  .  . 
 *  *  .  .  .  *  *  .  .  .  .  .  .  .  .  .  .  .  .  . 
 *  *  .  .  *  *  *  .  *  *  *  .  .  .  .  .  .  .  .  . 
 *  *  .  .  *  *  .  .  .  .  *  .  .  .  .  .  .  .  .  . 
 .  *  .  *  .  .  .  .  *  .  *  .  .  .  .  .  .  .  .  . 
 .  .  .  .  .  .  .  .  .  .  .  .  .  .  .  .  .  .  .  . 
 .  .  .  .  .  .  .  .  .  .  .  .  .  .  .  .  .  .  .  . 
 .  .  .  .  .  .  .  .  .  .  .  .  .  .  .  .  .  .  .  . 
 .  .  .  .  .  .  .  .  .  .  .  .  .  .  .  .  .  .  .  . 
 .  .  .  .  .  .  .  .  .  .  .  .  .  .  .  .  .  .  .  . 

Generation #29
 .  .  .  .  .  .  .  .  .  .  .  .  .  .  .  .  .  .  .  . 
 .  .  .  .  .  .  .  .  .  .  .  .  .  .  .  .  .  .  .  . 
 .  .  .  .  .  .  .  .  .  .  .  .  .  .  .  .  .  .  .  . 
 .  .  .  .  .  .  .  .  .  .  .  .  .  .  .  .  .  .  .  . 
 .  .  .  .  .  .  .  .  .  .  .  .  .  .  .  .  .  .  .  . 
 .  .  .  .  .  .  .  .  .  .  .  .  .  .  .  .  .  .  .  . 
 .  .  .  .  .  *  .  *  .  .  .  .  .  .  .  .  .  .  .  . 
 .  .  .  .  .  *  .  *  .  .  .  .  .  .  .  .  .  .  .  . 
 .  .  .  .  .  .  .  .  .  .  .  .  .  .  .  .  .  .  .  . 
 .  .  .  .  .  .  .  *  *  *  .  .  .  .  .  .  .  .  .  . 
 *  *  .  .  .  *  .  .  *  .  .  .  .  .  .  .  .  .  .  . 
 .  .  *  .  .  .  .  .  *  .  .  .  .  .  .  .  .  .  .  . 
 .  .  *  .  .  .  .  *  .  *  *  .  .  .  .  .  .  .  .  . 
 .  .  .  *  .  .  *  *  *  .  *  *  .  .  .  .  .  .  .  . 
 *  *  *  .  *  .  .  .  .  *  .  .  .  .  .  .  .  .  .  . 
 .  .  .  .  .  .  .  .  .  .  .  .  .  .  .  .  .  .  .  . 
 .  .  .  .  .  .  .  .  .  .  .  .  .  .  .  .  .  .  .  . 
 .  .  .  .  .  .  .  .  .  .  .  .  .  .  .  .  .  .  .  . 
 .  .  .  .  .  .  .  .  .  .  .  .  .  .  .  .  .  .  .  . 
 .  .  .  .  .  .  .  .  .  .  .  .  .  .  .  .  .  .  .  . 

Generation #30
 .  .  .  .  .  .  .  .  .  .  .  .  .  .  .  .  .  .  .  . 
 .  .  .  .  .  .  .  .  .  .  .  .  .  .  .  .  .  .  .  . 
 .  .  .  .  .  .  .  .  .  .  .  .  .  .  .  .  .  .  .  . 
 .  .  .  .  .  .  .  .  .  .  .  .  .  .  .  .  .  .  .  . 
 .  .  .  .  .  .  .  .  .  .  .  .  .  .  .  .  .  .  .  . 
 .  .  .  .  .  .  .  .  .  .  .  .  .  .  .  .  .  .  .  . 
 .  .  .  .  .  .  .  .  .  .  .  .  .  .  .  .  .  .  .  . 
 .  .  .  .  .  .  .  .  .  .  .  .  .  .  .  .  .  .  .  . 
 .  .  .  .  .  .  *  *  .  .  .  .  .  .  .  .  .  .  .  . 
 .  .  .  .  .  .  .  *  *  *  .  .  .  .  .  .  .  .  .  . 
 .  *  .  .  .  .  .  .  .  .  .  .  .  .  .  .  .  .  .  . 
 .  .  *  .  .  .  .  *  *  .  .  .  .  .  .  .  .  .  .  . 
 .  .  *  *  .  .  *  .  .  .  *  *  .  .  .  .  .  .  .  . 
 .  .  .  *  .  .  *  *  .  .  .  *  .  .  .  .  .  .  .  . 
 .  *  *  *  .  .  .  *  *  *  *  .  .  .  .  .  .  .  .  . 
 .  *  .  .  .  .  .  .  .  .  .  .  .  .  .  .  .  .  .  . 
 .  .  .  .  .  .  .  .  .  .  .  .  .  .  .  .  .  .  .  . 
 .  .  .  .  .  .  .  .  .  .  .  .  .  .  .  .  .  .  .  . 
 .  .  .  .  .  .  .  .  .  .  .  .  .  .  .  .  .  .  .  . 
 .  .  .  .  .  .  .  .  .  .  .  .  .  .  .  .  .  .  .  . 

Generation #31
 .  .  .  .  .  .  .  .  .  .  .  .  .  .  .  .  .  .  .  . 
 .  .  .  .  .  .  .  .  .  .  .  .  .  .  .  .  .  .  .  . 
 .  .  .  .  .  .  .  .  .  .  .  .  .  .  .  .  .  .  .  . 
 .  .  .  .  .  .  .  .  .  .  .  .  .  .  .  .  .  .  .  . 
 .  .  .  .  .  .  .  .  .  .  .  .  .  .  .  .  .  .  .  . 
 .  .  .  .  .  .  .  .  .  .  .  .  .  .  .  .  .  .  .  . 
 .  .  .  .  .  .  .  .  .  .  .  .  .  .  .  .  .  .  .  . 
 .  .  .  .  .  .  .  .  .  .  .  .  .  .  .  .  .  .  .  . 
 .  .  .  .  .  .  *  *  .  .  .  .  .  .  .  .  .  .  .  . 
 .  .  .  .  .  .  *  *  *  .  .  .  .  .  .  .  .  .  .  . 
 .  .  .  .  .  .  .  .  .  *  .  .  .  .  .  .  .  .  .  . 
 .  *  *  *  .  .  .  *  .  .  .  .  .  .  .  .  .  .  .  . 
 .  .  *  *  .  .  *  .  *  .  *  *  .  .  .  .  .  .  .  . 
 .  *  .  .  *  .  *  .  .  .  .  *  .  .  .  .  .  .  .  . 
 .  *  .  *  .  .  *  *  *  *  *  .  .  .  .  .  .  .  .  . 
 .  *  .  .  .  .  .  .  *  *  .  .  .  .  .  .  .  .  .  . 
 .  .  .  .  .  .  .  .  .  .  .  .  .  .  .  .  .  .  .  . 
 .  .  .  .  .  .  .  .  .  .  .  .  .  .  .  .  .  .  .  . 
 .  .  .  .  .  .  .  .  .  .  .  .  .  .  .  .  .  .  .  . 
 .  .  .  .  .  .  .  .  .  .  .  .  .  .  .  .  .  .  .  . 

Generation #32
 .  .  .  .  .  .  .  .  .  .  .  .  .  .  .  .  .  .  .  . 
 .  .  .  .  .  .  .  .  .  .  .  .  .  .  .  .  .  .  .  . 
 .  .  .  .  .  .  .  .  .  .  .  .  .  .  .  .  .  .  .  . 
 .  .  .  .  .  .  .  .  .  .  .  .  .  .  .  .  .  .  .  . 
 .  .  .  .  .  .  .  .  .  .  .  .  .  .  .  .  .  .  .  . 
 .  .  .  .  .  .  .  .  .  .  .  .  .  .  .  .  .  .  .  . 
 .  .  .  .  .  .  .  .  .  .  .  .  .  .  .  .  .  .  .  . 
 .  .  .  .  .  .  .  .  .  .  .  .  .  .  .  .  .  .  .  . 
 .  .  .  .  .  .  *  .  *  .  .  .  .  .  .  .  .  .  .  . 
 .  .  .  .  .  .  *  .  *  .  .  .  .  .  .  .  .  .  .  . 
 .  .  *  .  .  .  *  .  .  .  .  .  .  .  .  .  .  .  .  . 
 .  *  .  *  .  .  .  *  *  *  *  .  .  .  .  .  .  .  .  . 
 .  .  .  .  *  *  *  .  .  .  *  *  .  .  .  .  .  .  .  . 
 .  *  .  .  *  .  *  .  .  .  .  *  .  .  .  .  .  .  .  . 
 *  *  .  .  .  *  *  .  .  .  *  .  .  .  .  .  .  .  .  . 
 .  .  *  .  .  .  .  .  .  .  *  .  .  .  .  .  .  .  .  . 
 .  .  .  .  .  .  .  .  .  .  .  .  .  .  .  .  .  .  .  . 
 .  .  .  .  .  .  .  .  .  .  .  .  .  .  .  .  .  .  .  . 
 .  .  .  .  .  .  .  .  .  .  .  .  .  .  .  .  .  .  .  . 
 .  .  .  .  .  .  .  .  .  .  .  .  .  .  .  .  .  .  .  . 

Generation #33
 .  .  .  .  .  .  .  .  .  .  .  .  .  .  .  .  .  .  .  . 
 .  .  .  .  .  .  .  .  .  .  .  .  .  .  .  .  .  .  .  . 
 .  .  .  .  .  .  .  .  .  .  .  .  .  .  .  .  .  .  .  . 
 .  .  .  .  .  .  .  .  .  .  .  .  .  .  .  .  .  .  .  . 
 .  .  .  .  .  .  .  .  .  .  .  .  .  .  .  .  .  .  .  . 
 .  .  .  .  .  .  .  .  .  .  .  .  .  .  .  .  .  .  .  . 
 .  .  .  .  .  .  .  .  .  .  .  .  .  .  .  .  .  .  .  . 
 .  .  .  .  .  .  .  .  .  .  .  .  .  .  .  .  .  .  .  . 
 .  .  .  .  .  .  .  .  .  .  .  .  .  .  .  .  .  .  .  . 
 .  .  .  .  .  *  *  .  .  .  .  .  .  .  .  .  .  .  .  . 
 .  .  *  .  .  .  *  .  .  .  .  .  .  .  .  .  .  .  .  . 
 .  .  *  *  *  .  .  *  *  *  *  *  .  .  .  .  .  .  .  . 
 .  .  *  *  *  .  *  .  *  .  .  *  .  .  .  .  .  .  .  . 
 *  *  .  .  *  .  .  *  .  .  .  *  .  .  .  .  .  .  .  . 
 *  *  *  .  .  *  *  .  .  .  *  *  .  .  .  .  .  .  .  . 
 .  *  .  .  .  .  .  .  .  .  .  .  .  .  .  .  .  .  .  . 
 .  .  .  .  .  .  .  .  .  .  .  .  .  .  .  .  .  .  .  . 
 .  .  .  .  .  .  .  .  .  .  .  .  .  .  .  .  .  .  .  . 
 .  .  .  .  .  .  .  .  .  .  .  .  .  .  .  .  .  .  .  . 
 .  .  .  .  .  .  .  .  .  .  .  .  .  .  .  .  .  .  .  . 

Generation #34
 .  .  .  .  .  .  .  .  .  .  .  .  .  .  .  .  .  .  .  . 
 .  .  .  .  .  .  .  .  .  .  .  .  .  .  .  .  .  .  .  . 
 .  .  .  .  .  .  .  .  .  .  .  .  .  .  .  .  .  .  .  . 
 .  .  .  .  .  .  .  .  .  .  .  .  .  .  .  .  .  .  .  . 
 .  .  .  .  .  .  .  .  .  .  .  .  .  .  .  .  .  .  .  . 
 .  .  .  .  .  .  .  .  .  .  .  .  .  .  .  .  .  .  .  . 
 .  .  .  .  .  .  .  .  .  .  .  .  .  .  .  .  .  .  .  . 
 .  .  .  .  .  .  .  .  .  .  .  .  .  .  .  .  .  .  .  . 
 .  .  .  .  .  .  .  .  .  .  .  .  .  .  .  .  .  .  .  . 
 .  .  .  .  .  *  *  .  .  .  .  .  .  .  .  .  .  .  .  . 
 .  .  *  .  *  .  *  .  *  *  *  .  .  .  .  .  .  .  .  . 
 .  *  .  .  *  .  *  .  *  *  *  *  .  .  .  .  .  .  .  . 
 .  .  .  .  .  .  *  .  .  .  .  *  *  .  .  .  .  .  .  . 
 *  .  .  .  *  .  .  *  .  .  .  *  *  .  .  .  .  .  .  . 
 .  .  *  .  .  *  *  .  .  .  *  *  .  .  .  .  .  .  .  . 
 *  *  *  .  .  .  .  .  .  .  .  .  .  .  .  .  .  .  .  . 
 .  .  .  .  .  .  .  .  .  .  .  .  .  .  .  .  .  .  .  . 
 .  .  .  .  .  .  .  .  .  .  .  .  .  .  .  .  .  .  .  . 
 .  .  .  .  .  .  .  .  .  .  .  .  .  .  .  .  .  .  .  . 
 .  .  .  .  .  .  .  .  .  .  .  .  .  .  .  .  .  .  .  . 

Generation #35
 .  .  .  .  .  .  .  .  .  .  .  .  .  .  .  .  .  .  .  . 
 .  .  .  .  .  .  .  .  .  .  .  .  .  .  .  .  .  .  .  . 
 .  .  .  .  .  .  .  .  .  .  .  .  .  .  .  .  .  .  .  . 
 .  .  .  .  .  .  .  .  .  .  .  .  .  .  .  .  .  .  .  . 
 .  .  .  .  .  .  .  .  .  .  .  .  .  .  .  .  .  .  .  . 
 .  .  .  .  .  .  .  .  .  .  .  .  .  .  .  .  .  .  .  . 
 .  .  .  .  .  .  .  .  .  .  .  .  .  .  .  .  .  .  .  . 
 .  .  .  .  .  .  .  .  .  .  .  .  .  .  .  .  .  .  .  . 
 .  .  .  .  .  .  .  .  .  .  .  .  .  .  .  .  .  .  .  . 
 .  .  .  .  .  *  *  *  .  *  .  .  .  .  .  .  .  .  .  . 
 .  .  .  *  *  .  *  .  *  .  .  *  .  .  .  .  .  .  .  . 
 .  .  .  *  .  .  *  .  *  .  .  .  *  .  .  .  .  .  .  . 
 .  .  .  .  .  .  *  .  *  *  .  .  .  .  .  .  .  .  .  . 
 .  .  .  .  .  .  .  *  .  .  .  .  .  .  .  .  .  .  .  . 
 *  .  *  *  .  *  *  .  .  .  *  *  *  .  .  .  .  .  .  . 
 .  *  *  .  .  .  .  .  .  .  .  .  .  .  .  .  .  .  .  . 
 .  *  .  .  .  .  .  .  .  .  .  .  .  .  .  .  .  .  .  . 
 .  .  .  .  .  .  .  .  .  .  .  .  .  .  .  .  .  .  .  . 
 .  .  .  .  .  .  .  .  .  .  .  .  .  .  .  .  .  .  .  . 
 .  .  .  .  .  .  .  .  .  .  .  .  .  .  .  .  .  .  .  . 

Generation #36
 .  .  .  .  .  .  .  .  .  .  .  .  .  .  .  .  .  .  .  . 
 .  .  .  .  .  .  .  .  .  .  .  .  .  .  .  .  .  .  .  . 
 .  .  .  .  .  .  .  .  .  .  .  .  .  .  .  .  .  .  .  . 
 .  .  .  .  .  .  .  .  .  .  .  .  .  .  .  .  .  .  .  . 
 .  .  .  .  .  .  .  .  .  .  .  .  .  .  .  .  .  .  .  . 
 .  .  .  .  .  .  .  .  .  .  .  .  .  .  .  .  .  .  .  . 
 .  .  .  .  .  .  .  .  .  .  .  .  .  .  .  .  .  .  .  . 
 .  .  .  .  .  .  .  .  .  .  .  .  .  .  .  .  .  .  .  . 
 .  .  .  .  .  .  *  .  .  .  .  .  .  .  .  .  .  .  .  . 
 .  .  .  .  *  *  *  *  *  .  .  .  .  .  .  .  .  .  .  . 
 .  .  .  *  *  .  .  .  *  *  .  .  .  .  .  .  .  .  .  . 
 .  .  .  *  *  .  *  .  *  .  .  .  .  .  .  .  .  .  .  . 
 .  .  .  .  .  .  *  .  *  *  .  .  .  .  .  .  .  .  .  . 
 .  .  .  .  .  *  .  *  *  *  *  *  .  .  .  .  .  .  .  . 
 .  .  *  *  .  .  *  .  .  .  .  *  .  .  .  .  .  .  .  . 
 *  .  .  *  .  .  .  .  .  .  .  *  .  .  .  .  .  .  .  . 
 .  *  *  .  .  .  .  .  .  .  .  .  .  .  .  .  .  .  .  . 
 .  .  .  .  .  .  .  .  .  .  .  .  .  .  .  .  .  .  .  . 
 .  .  .  .  .  .  .  .  .  .  .  .  .  .  .  .  .  .  .  . 
 .  .  .  .  .  .  .  .  .  .  .  .  .  .  .  .  .  .  .  . 

Generation #37
 .  .  .  .  .  .  .  .  .  .  .  .  .  .  .  .  .  .  .  . 
 .  .  .  .  .  .  .  .  .  .  .  .  .  .  .  .  .  .  .  . 
 .  .  .  .  .  .  .  .  .  .  .  .  .  .  .  .  .  .  .  . 
 .  .  .  .  .  .  .  .  .  .  .  .  .  .  .  .  .  .  .  . 
 .  .  .  .  .  .  .  .  .  .  .  .  .  .  .  .  .  .  .  . 
 .  .  .  .  .  .  .  .  .  .  .  .  .  .  .  .  .  .  .  . 
 .  .  .  .  .  .  .  .  .  .  .  .  .  .  .  .  .  .  .  . 
 .  .  .  .  .  .  .  .  .  .  .  .  .  .  .  .  .  .  .  . 
 .  .  .  .  .  .  *  .  .  .  .  .  .  .  .  .  .  .  .  . 
 .  .  .  *  *  .  *  .  *  *  .  .  .  .  .  .  .  .  .  . 
 .  .  .  .  .  .  .  .  .  *  .  .  .  .  .  .  .  .  .  . 
 .  .  .  *  *  .  .  .  .  .  .  .  .  .  .  .  .  .  .  . 
 .  .  .  .  *  .  *  .  .  .  .  .  .  .  .  .  .  .  .  . 
 .  .  .  .  .  *  .  .  .  .  .  *  .  .  .  .  .  .  .  . 
 .  .  *  *  *  .  *  *  *  *  .  *  *  .  .  .  .  .  .  . 
 .  .  .  *  .  .  .  .  .  .  .  .  .  .  .  .  .  .  .  . 
 .  *  *  .  .  .  .  .  .  .  .  .  .  .  .  .  .  .  .  . 
 .  .  .  .  .  .  .  .  .  .  .  .  .  .  .  .  .  .  .  . 
 .  .  .  .  .  .  .  .  .  .  .  .  .  .  .  .  .  .  .  . 
 .  .  .  .  .  .  .  .  .  .  .  .  .  .  .  .  .  .  .  . 

Generation #38
 .  .  .  .  .  .  .  .  .  .  .  .  .  .  .  .  .  .  .  . 
 .  .  .  .  .  .  .  .  .  .  .  .  .  .  .  .  .  .  .  . 
 .  .  .  .  .  .  .  .  .  .  .  .  .  .  .  .  .  .  .  . 
 .  .  .  .  .  .  .  .  .  .  .  .  .  .  .  .  .  .  .  . 
 .  .  .  .  .  .  .  .  .  .  .  .  .  .  .  .  .  .  .  . 
 .  .  .  .  .  .  .  .  .  .  .  .  .  .  .  .  .  .  .  . 
 .  .  .  .  .  .  .  .  .  .  .  .  .  .  .  .  .  .  .  . 
 .  .  .  .  .  .  .  .  .  .  .  .  .  .  .  .  .  .  .  . 
 .  .  .  .  .  *  .  *  .  .  .  .  .  .  .  .  .  .  .  . 
 .  .  .  .  .  *  .  *  *  *  .  .  .  .  .  .  .  .  .  . 
 .  .  .  .  .  *  .  .  *  *  .  .  .  .  .  .  .  .  .  . 
 .  .  .  *  *  *  .  .  .  .  .  .  .  .  .  .  .  .  .  . 
 .  .  .  *  *  .  .  .  .  .  .  .  .  .  .  .  .  .  .  . 
 .  .  .  .  .  .  .  .  *  .  *  *  *  .  .  .  .  .  .  . 
 .  .  *  *  *  *  *  *  *  .  *  *  *  .  .  .  .  .  .  . 
 .  *  .  .  *  .  .  *  *  .  .  .  .  .  .  .  .  .  .  . 
 .  .  *  .  .  .  .  .  .  .  .  .  .  .  .  .  .  .  .  . 
 .  .  .  .  .  .  .  .  .  .  .  .  .  .  .  .  .  .  .  . 
 .  .  .  .  .  .  .  .  .  .  .  .  .  .  .  .  .  .  .  . 
 .  .  .  .  .  .  .  .  .  .  .  .  .  .  .  .  .  .  .  . 

Generation #39
 .  .  .  .  .  .  .  .  .  .  .  .  .  .  .  .  .  .  .  . 
 .  .  .  .  .  .  .  .  .  .  .  .  .  .  .  .  .  .  .  . 
 .  .  .  .  .  .  .  .  .  .  .  .  .  .  .  .  .  .  .  . 
 .  .  .  .  .  .  .  .  .  .  .  .  .  .  .  .  .  .  .  . 
 .  .  .  .  .  .  .  .  .  .  .  .  .  .  .  .  .  .  .  . 
 .  .  .  .  .  .  .  .  .  .  .  .  .  .  .  .  .  .  .  . 
 .  .  .  .  .  .  .  .  .  .  .  .  .  .  .  .  .  .  .  . 
 .  .  .  .  .  .  .  .  .  .  .  .  .  .  .  .  .  .  .  . 
 .  .  .  .  .  .  .  *  .  .  .  .  .  .  .  .  .  .  .  . 
 .  .  .  .  *  *  .  *  .  *  .  .  .  .  .  .  .  .  .  . 
 .  .  .  .  .  *  .  *  .  *  .  .  .  .  .  .  .  .  .  . 
 .  .  .  *  .  *  .  .  .  .  .  .  .  .  .  .  .  .  .  . 
 .  .  .  *  .  *  .  .  .  .  .  *  .  .  .  .  .  .  .  . 
 .  .  *  .  .  .  *  .  *  .  *  .  *  .  .  .  .  .  .  . 
 .  .  *  *  *  *  *  .  .  .  *  .  *  .  .  .  .  .  .  . 
 .  *  .  .  *  .  .  .  *  *  .  *  .  .  .  .  .  .  .  . 
 .  .  .  .  .  .  .  .  .  .  .  .  .  .  .  .  .  .  .  . 
 .  .  .  .  .  .  .  .  .  .  .  .  .  .  .  .  .  .  .  . 
 .  .  .  .  .  .  .  .  .  .  .  .  .  .  .  .  .  .  .  . 
 .  .  .  .  .  .  .  .  .  .  .  .  .  .  .  .  .  .  .  . 

Generation #40
 .  .  .  .  .  .  .  .  .  .  .  .  .  .  .  .  .  .  .  . 
 .  .  .  .  .  .  .  .  .  .  .  .  .  .  .  .  .  .  .  . 
 .  .  .  .  .  .  .  .  .  .  .  .  .  .  .  .  .  .  .  . 
 .  .  .  .  .  .  .  .  .  .  .  .  .  .  .  .  .  .  .  . 
 .  .  .  .  .  .  .  .  .  .  .  .  .  .  .  .  .  .  .  . 
 .  .  .  .  .  .  .  .  .  .  .  .  .  .  .  .  .  .  .  . 
 .  .  .  .  .  .  .  .  .  .  .  .  .  .  .  .  .  .  .  . 
 .  .  .  .  .  .  .  .  .  .  .  .  .  .  .  .  .  .  .  . 
 .  .  .  .  .  .  *  .  *  .  .  .  .  .  .  .  .  .  .  . 
 .  .  .  .  *  *  .  *  .  .  .  .  .  .  .  .  .  .  .  . 
 .  .  .  .  .  *  .  .  .  .  .  .  .  .  .  .  .  .  .  . 
 .  .  .  .  .  *  .  .  .  .  .  .  .  .  .  .  .  .  .  . 
 .  .  *  *  .  *  *  .  .  .  .  *  .  .  .  .  .  .  .  . 
 .  .  *  .  .  .  *  *  .  *  *  .  *  .  .  .  .  .  .  . 
 .  *  *  .  *  .  *  .  *  .  *  .  *  .  .  .  .  .  .  . 
 .  .  *  .  *  .  .  .  .  *  *  *  .  .  .  .  .  .  .  . 
 .  .  .  .  .  .  .  .  .  .  .  .  .  .  .  .  .  .  .  . 
 .  .  .  .  .  .  .  .  .  .  .  .  .  .  .  .  .  .  .  . 
 .  .  .  .  .  .  .  .  .  .  .  .  .  .  .  .  .  .  .  . 
 .  .  .  .  .  .  .  .  .  .  .  .  .  .  .  .  .  .  .  . 

Generation #41
 .  .  .  .  .  .  .  .  .  .  .  .  .  .  .  .  .  .  .  . 
 .  .  .  .  .  .  .  .  .  .  .  .  .  .  .  .  .  .  .  . 
 .  .  .  .  .  .  .  .  .  .  .  .  .  .  .  .  .  .  .  . 
 .  .  .  .  .  .  .  .  .  .  .  .  .  .  .  .  .  .  .  . 
 .  .  .  .  .  .  .  .  .  .  .  .  .  .  .  .  .  .  .  . 
 .  .  .  .  .  .  .  .  .  .  .  .  .  .  .  .  .  .  .  . 
 .  .  .  .  .  .  .  .  .  .  .  .  .  .  .  .  .  .  .  . 
 .  .  .  .  .  .  .  .  .  .  .  .  .  .  .  .  .  .  .  . 
 .  .  .  .  .  *  *  *  .  .  .  .  .  .  .  .  .  .  .  . 
 .  .  .  .  *  *  .  *  .  .  .  .  .  .  .  .  .  .  .  . 
 .  .  .  .  .  *  .  .  .  .  .  .  .  .  .  .  .  .  .  . 
 .  .  .  .  .  *  .  .  .  .  .  .  .  .  .  .  .  .  .  . 
 .  .  *  *  *  *  .  *  .  .  *  *  .  .  .  .  .  .  .  . 
 .  .  .  .  *  .  .  .  *  *  *  .  *  .  .  .  .  .  .  . 
 .  *  *  .  .  .  *  .  *  .  .  .  *  .  .  .  .  .  .  . 
 .  *  *  .  .  *  .  .  .  *  *  *  .  .  .  .  .  .  .  . 
 .  .  .  .  .  .  .  .  .  .  *  .  .  .  .  .  .  .  .  . 
 .  .  .  .  .  .  .  .  .  .  .  .  .  .  .  .  .  .  .  . 
 .  .  .  .  .  .  .  .  .  .  .  .  .  .  .  .  .  .  .  . 
 .  .  .  .  .  .  .  .  .  .  .  .  .  .  .  .  .  .  .  . 

Generation #42
 .  .  .  .  .  .  .  .  .  .  .  .  .  .  .  .  .  .  .  . 
 .  .  .  .  .  .  .  .  .  .  .  .  .  .  .  .  .  .  .  . 
 .  .  .  .  .  .  .  .  .  .  .  .  .  .  .  .  .  .  .  . 
 .  .  .  .  .  .  .  .  .  .  .  .  .  .  .  .  .  .  .  . 
 .  .  .  .  .  .  .  .  .  .  .  .  .  .  .  .  .  .  .  . 
 .  .  .  .  .  .  .  .  .  .  .  .  .  .  .  .  .  .  .  . 
 .  .  .  .  .  .  .  .  .  .  .  .  .  .  .  .  .  .  .  . 
 .  .  .  .  .  .  *  .  .  .  .  .  .  .  .  .  .  .  .  . 
 .  .  .  .  *  *  .  *  .  .  .  .  .  .  .  .  .  .  .  . 
 .  .  .  .  *  .  .  *  .  .  .  .  .  .  .  .  .  .  .  . 
 .  .  .  .  .  *  .  .  .  .  .  .  .  .  .  .  .  .  .  . 
 .  .  .  *  .  *  .  .  .  .  .  .  .  .  .  .  .  .  .  . 
 .  .  .  *  .  *  *  .  *  .  *  *  .  .  .  .  .  .  .  . 
 .  *  .  .  *  .  *  .  *  .  *  .  *  .  .  .  .  .  .  . 
 .  *  *  *  .  *  .  *  *  .  .  .  *  .  .  .  .  .  .  . 
 .  *  *  .  .  .  .  .  .  *  *  *  .  .  .  .  .  .  .  . 
 .  .  .  .  .  .  .  .  .  *  *  *  .  .  .  .  .  .  .  . 
 .  .  .  .  .  .  .  .  .  .  .  .  .  .  .  .  .  .  .  . 
 .  .  .  .  .  .  .  .  .  .  .  .  .  .  .  .  .  .  .  . 
 .  .  .  .  .  .  .  .  .  .  .  .  .  .  .  .  .  .  .  . 

Generation #43
 .  .  .  .  .  .  .  .  .  .  .  .  .  .  .  .  .  .  .  . 
 .  .  .  .  .  .  .  .  .  .  .  .  .  .  .  .  .  .  .  . 
 .  .  .  .  .  .  .  .  .  .  .  .  .  .  .  .  .  .  .  . 
 .  .  .  .  .  .  .  .  .  .  .  .  .  .  .  .  .  .  .  . 
 .  .  .  .  .  .  .  .  .  .  .  .  .  .  .  .  .  .  .  . 
 .  .  .  .  .  .  .  .  .  .  .  .  .  .  .  .  .  .  .  . 
 .  .  .  .  .  .  .  .  .  .  .  .  .  .  .  .  .  .  .  . 
 .  .  .  .  .  *  *  .  .  .  .  .  .  .  .  .  .  .  .  . 
 .  .  .  .  *  *  .  *  .  .  .  .  .  .  .  .  .  .  .  . 
 .  .  .  .  *  .  .  .  .  .  .  .  .  .  .  .  .  .  .  . 
 .  .  .  .  .  *  *  .  .  .  .  .  .  .  .  .  .  .  .  . 
 .  .  .  .  .  *  .  .  .  .  .  .  .  .  .  .  .  .  .  . 
 .  .  *  *  .  .  *  .  .  .  *  *  .  .  .  .  .  .  .  . 
 .  *  .  .  .  .  .  .  *  .  *  .  *  .  .  .  .  .  .  . 
 *  .  .  *  *  *  *  *  *  .  .  .  *  .  .  .  .  .  .  . 
 .  *  .  *  .  .  .  .  .  .  .  .  *  .  .  .  .  .  .  . 
 .  .  .  .  .  .  .  .  .  *  .  *  .  .  .  .  .  .  .  . 
 .  .  .  .  .  .  .  .  .  .  *  .  .  .  .  .  .  .  .  . 
 .  .  .  .  .  .  .  .  .  .  .  .  .  .  .  .  .  .  .  . 
 .  .  .  .  .  .  .  .  .  .  .  .  .  .  .  .  .  .  .  . 

Generation #44
 .  .  .  .  .  .  .  .  .  .  .  .  .  .  .  .  .  .  .  . 
 .  .  .  .  .  .  .  .  .  .  .  .  .  .  .  .  .  .  .  . 
 .  .  .  .  .  .  .  .  .  .  .  .  .  .  .  .  .  .  .  . 
 .  .  .  .  .  .  .  .  .  .  .  .  .  .  .  .  .  .  .  . 
 .  .  .  .  .  .  .  .  .  .  .  .  .  .  .  .  .  .  .  . 
 .  .  .  .  .  .  .  .  .  .  .  .  .  .  .  .  .  .  .  . 
 .  .  .  .  .  .  .  .  .  .  .  .  .  .  .  .  .  .  .  . 
 .  .  .  .  *  *  *  .  .  .  .  .  .  .  .  .  .  .  .  . 
 .  .  .  .  *  .  .  .  .  .  .  .  .  .  .  .  .  .  .  . 
 .  .  .  .  *  .  .  .  .  .  .  .  .  .  .  .  .  .  .  . 
 .  .  .  .  *  *  *  .  .  .  .  .  .  .  .  .  .  .  .  . 
 .  .  .  .  *  *  .  .  .  .  .  .  .  .  .  .  .  .  .  . 
 .  .  *  .  .  .  .  .  .  *  *  *  .  .  .  .  .  .  .  . 
 .  *  .  .  .  .  .  .  *  .  *  .  *  .  .  .  .  .  .  . 
 *  *  .  *  *  *  *  *  *  *  .  .  *  *  .  .  .  .  .  . 
 .  .  *  *  .  *  *  *  *  .  .  *  *  .  .  .  .  .  .  . 
 .  .  .  .  .  .  .  .  .  .  *  *  .  .  .  .  .  .  .  . 
 .  .  .  .  .  .  .  .  .  .  *  .  .  .  .  .  .  .  .  . 
 .  .  .  .  .  .  .  .  .  .  .  .  .  .  .  .  .  .  .  . 
 .  .  .  .  .  .  .  .  .  .  .  .  .  .  .  .  .  .  .  . 

Generation #45
 .  .  .  .  .  .  .  .  .  .  .  .  .  .  .  .  .  .  .  . 
 .  .  .  .  .  .  .  .  .  .  .  .  .  .  .  .  .  .  .  . 
 .  .  .  .  .  .  .  .  .  .  .  .  .  .  .  .  .  .  .  . 
 .  .  .  .  .  .  .  .  .  .  .  .  .  .  .  .  .  .  .  . 
 .  .  .  .  .  .  .  .  .  .  .  .  .  .  .  .  .  .  .  . 
 .  .  .  .  .  .  .  .  .  .  .  .  .  .  .  .  .  .  .  . 
 .  .  .  .  .  *  .  .  .  .  .  .  .  .  .  .  .  .  .  . 
 .  .  .  .  *  *  .  .  .  .  .  .  .  .  .  .  .  .  .  . 
 .  .  .  *  *  .  .  .  .  .  .  .  .  .  .  .  .  .  .  . 
 .  .  .  *  *  .  .  .  .  .  .  .  .  .  .  .  .  .  .  . 
 .  .  .  *  .  .  *  .  .  .  .  .  .  .  .  .  .  .  .  . 
 .  .  .  *  *  .  *  .  .  .  *  .  .  .  .  .  .  .  .  . 
 .  .  .  .  .  .  .  .  .  *  *  *  .  .  .  .  .  .  .  . 
 *  *  .  *  *  *  *  .  .  .  .  .  *  *  .  .  .  .  .  . 
 *  *  .  *  .  .  .  .  .  .  *  .  .  *  .  .  .  .  .  . 
 .  *  *  *  .  .  .  .  .  .  .  .  .  *  .  .  .  .  .  . 
 .  .  .  .  .  .  *  *  .  *  *  .  *  .  .  .  .  .  .  . 
 .  .  .  .  .  .  .  .  .  .  *  *  .  .  .  .  .  .  .  . 
 .  .  .  .  .  .  .  .  .  .  .  .  .  .  .  .  .  .  .  . 
 .  .  .  .  .  .  .  .  .  .  .  .  .  .  .  .  .  .  .  . 

Generation #46
 .  .  .  .  .  .  .  .  .  .  .  .  .  .  .  .  .  .  .  . 
 .  .  .  .  .  .  .  .  .  .  .  .  .  .  .  .  .  .  .  . 
 .  .  .  .  .  .  .  .  .  .  .  .  .  .  .  .  .  .  .  . 
 .  .  .  .  .  .  .  .  .  .  .  .  .  .  .  .  .  .  .  . 
 .  .  .  .  .  .  .  .  .  .  .  .  .  .  .  .  .  .  .  . 
 .  .  .  .  .  .  .  .  .  .  .  .  .  .  .  .  .  .  .  . 
 .  .  .  .  *  *  .  .  .  .  .  .  .  .  .  .  .  .  .  . 
 .  .  .  *  .  *  .  .  .  .  .  .  .  .  .  .  .  .  .  . 
 .  .  .  .  .  .  .  .  .  .  .  .  .  .  .  .  .  .  .  . 
 .  .  *  .  .  *  .  .  .  .  .  .  .  .  .  .  .  .  .  . 
 .  .  *  .  .  .  .  .  .  .  .  .  .  .  .  .  .  .  .  . 
 .  .  .  *  *  *  .  .  .  *  *  *  .  .  .  .  .  .  .  . 
 .  .  *  .  .  .  *  .  .  *  *  *  *  .  .  .  .  .  .  . 
 *  *  .  *  *  *  .  .  .  *  .  .  *  *  .  .  .  .  .  . 
 .  .  .  .  .  *  .  .  .  .  .  .  .  *  *  .  .  .  .  . 
 *  *  .  *  .  .  .  .  .  *  *  *  *  *  .  .  .  .  .  . 
 .  .  *  .  .  .  .  .  .  *  *  .  *  .  .  .  .  .  .  . 
 .  .  .  .  .  .  .  .  .  *  *  *  .  .  .  .  .  .  .  . 
 .  .  .  .  .  .  .  .  .  .  .  .  .  .  .  .  .  .  .  . 
 .  .  .  .  .  .  .  .  .  .  .  .  .  .  .  .  .  .  .  . 

Generation #47
 .  .  .  .  .  .  .  .  .  .  .  .  .  .  .  .  .  .  .  . 
 .  .  .  .  .  .  .  .  .  .  .  .  .  .  .  .  .  .  .  . 
 .  .  .  .  .  .  .  .  .  .  .  .  .  .  .  .  .  .  .  . 
 .  .  .  .  .  .  .  .  .  .  .  .  .  .  .  .  .  .  .  . 
 .  .  .  .  .  .  .  .  .  .  .  .  .  .  .  .  .  .  .  . 
 .  .  .  .  .  .  .  .  .  .  .  .  .  .  .  .  .  .  .  . 
 .  .  .  .  *  *  .  .  .  .  .  .  .  .  .  .  .  .  .  . 
 .  .  .  .  .  *  .  .  .  .  .  .  .  .  .  .  .  .  .  . 
 .  .  .  .  *  .  .  .  .  .  .  .  .  .  .  .  .  .  .  . 
 .  .  .  .  .  .  .  .  .  .  .  .  .  .  .  .  .  .  .  . 
 .  .  *  .  .  *  .  .  .  .  *  .  .  .  .  .  .  .  .  . 
 .  .  *  *  *  *  .  .  .  *  .  .  *  .  .  .  .  .  .  . 
 .  *  *  .  .  .  *  .  *  .  .  .  .  *  .  .  .  .  .  . 
 .  *  *  *  *  *  *  .  .  *  .  .  .  .  *  .  .  .  .  . 
 .  .  .  *  .  *  .  .  .  *  .  .  .  .  *  .  .  .  .  . 
 .  *  *  .  .  .  .  .  .  *  .  .  .  .  *  .  .  .  .  . 
 .  *  *  .  .  .  .  .  *  .  .  .  .  *  .  .  .  .  .  . 
 .  .  .  .  .  .  .  .  .  *  .  *  .  .  .  .  .  .  .  . 
 .  .  .  .  .  .  .  .  .  .  *  .  .  .  .  .  .  .  .  . 
 .  .  .  .  .  .  .  .  .  .  .  .  .  .  .  .  .  .  .  . 

Generation #48
 .  .  .  .  .  .  .  .  .  .  .  .  .  .  .  .  .  .  .  . 
 .  .  .  .  .  .  .  .  .  .  .  .  .  .  .  .  .  .  .  . 
 .  .  .  .  .  .  .  .  .  .  .  .  .  .  .  .  .  .  .  . 
 .  .  .  .  .  .  .  .  .  .  .  .  .  .  .  .  .  .  .  . 
 .  .  .  .  .  .  .  .  .  .  .  .  .  .  .  .  .  .  .  . 
 .  .  .  .  .  .  .  .  .  .  .  .  .  .  .  .  .  .  .  . 
 .  .  .  .  *  *  .  .  .  .  .  .  .  .  .  .  .  .  .  . 
 .  .  .  .  .  *  .  .  .  .  .  .  .  .  .  .  .  .  .  . 
 .  .  .  .  .  .  .  .  .  .  .  .  .  .  .  .  .  .  .  . 
 .  .  .  .  .  .  .  .  .  .  .  .  .  .  .  .  .  .  .  . 
 .  .  *  .  .  *  .  .  .  .  .  .  .  .  .  .  .  .  .  . 
 .  .  .  .  *  *  *  .  .  *  .  .  .  .  .  .  .  .  .  . 
 .  .  .  .  .  .  *  *  *  *  .  .  .  *  .  .  .  .  .  . 
 .  *  .  .  .  .  *  *  *  *  .  .  .  *  *  .  .  .  .  . 
 .  .  .  .  .  *  *  .  *  *  *  .  .  *  *  *  .  .  .  . 
 .  *  .  *  .  .  .  .  *  *  .  .  .  *  *  .  .  .  .  . 
 .  *  *  .  .  .  .  .  *  *  *  .  .  .  .  .  .  .  .  . 
 .  .  .  .  .  .  .  .  .  *  *  .  .  .  .  .  .  .  .  . 
 .  .  .  .  .  .  .  .  .  .  *  .  .  .  .  .  .  .  .  . 
 .  .  .  .  .  .  .  .  .  .  .  .  .  .  .  .  .  .  .  . 

Generation #49
 .  .  .  .  .  .  .  .  .  .  .  .  .  .  .  .  .  .  .  . 
 .  .  .  .  .  .  .  .  .  .  .  .  .  .  .  .  .  .  .  . 
 .  .  .  .  .  .  .  .  .  .  .  .  .  .  .  .  .  .  .  . 
 .  .  .  .  .  .  .  .  .  .  .  .  .  .  .  .  .  .  .  . 
 .  .  .  .  .  .  .  .  .  .  .  .  .  .  .  .  .  .  .  . 
 .  .  .  .  .  .  .  .  .  .  .  .  .  .  .  .  .  .  .  . 
 .  .  .  .  *  *  .  .  .  .  .  .  .  .  .  .  .  .  .  . 
 .  .  .  .  *  *  .  .  .  .  .  .  .  .  .  .  .  .  .  . 
 .  .  .  .  .  .  .  .  .  .  .  .  .  .  .  .  .  .  .  . 
 .  .  .  .  .  .  .  .  .  .  .  .  .  .  .  .  .  .  .  . 
 .  .  .  .  *  *  *  .  .  .  .  .  .  .  .  .  .  .  .  . 
 .  .  .  .  *  .  .  .  .  *  .  .  .  .  .  .  .  .  .  . 
 .  .  .  .  .  .  .  .  .  .  *  .  .  *  *  .  .  .  .  . 
 .  .  .  .  .  .  .  .  .  .  .  .  *  .  .  *  .  .  .  . 
 .  .  *  .  .  *  *  .  .  .  *  .  *  .  .  *  .  .  .  . 
 .  *  .  .  .  .  .  .  .  .  .  .  .  *  .  *  .  .  .  . 
 .  *  *  .  .  .  .  .  .  .  .  .  .  .  .  .  .  .  .  . 
 .  .  .  .  .  .  .  .  *  .  .  *  .  .  .  .  .  .  .  . 
 .  .  .  .  .  .  .  .  .  *  *  .  .  .  .  .  .  .  .  . 
 .  .  .  .  .  .  .  .  .  .  .  .  .  .  .  .  .  .  .  . 

Generation #50
 .  .  .  .  .  .  .  .  .  .  .  .  .  .  .  .  .  .  .  . 
 .  .  .  .  .  .  .  .  .  .  .  .  .  .  .  .  .  .  .  . 
 .  .  .  .  .  .  .  .  .  .  .  .  .  .  .  .  .  .  .  . 
 .  .  .  .  .  .  .  .  .  .  .  .  .  .  .  .  .  .  .  . 
 .  .  .  .  .  .  .  .  .  .  .  .  .  .  .  .  .  .  .  . 
 .  .  .  .  .  .  .  .  .  .  .  .  .  .  .  .  .  .  .  . 
 .  .  .  .  *  *  .  .  .  .  .  .  .  .  .  .  .  .  .  . 
 .  .  .  .  *  *  .  .  .  .  .  .  .  .  .  .  .  .  .  . 
 .  .  .  .  .  .  .  .  .  .  .  .  .  .  .  .  .  .  .  . 
 .  .  .  .  .  *  .  .  .  .  .  .  .  .  .  .  .  .  .  . 
 .  .  .  .  *  *  .  .  .  .  .  .  .  .  .  .  .  .  .  . 
 .  .  .  .  *  .  .  .  .  .  .  .  .  .  .  .  .  .  .  . 
 .  .  .  .  .  .  .  .  .  .  .  .  .  *  *  .  .  .  .  . 
 .  .  .  .  .  .  .  .  .  .  .  .  *  .  .  *  .  .  .  . 
 .  .  .  .  .  .  .  .  .  .  .  *  *  *  .  *  *  .  .  . 
 .  *  .  .  .  .  .  .  .  .  .  .  .  .  *  .  .  .  .  . 
 .  *  *  .  .  .  .  .  .  .  .  .  .  .  .  .  .  .  .  . 
 .  .  .  .  .  .  .  .  .  *  *  .  .  .  .  .  .  .  .  . 
 .  .  .  .  .  .  .  .  .  *  *  .  .  .  .  .  .  .  .  . 
 .  .  .  .  .  .  .  .  .  .  .  .  .  .  .  .  .  .  .  . 

Generation #51
 .  .  .  .  .  .  .  .  .  .  .  .  .  .  .  .  .  .  .  . 
 .  .  .  .  .  .  .  .  .  .  .  .  .  .  .  .  .  .  .  . 
 .  .  .  .  .  .  .  .  .  .  .  .  .  .  .  .  .  .  .  . 
 .  .  .  .  .  .  .  .  .  .  .  .  .  .  .  .  .  .  .  . 
 .  .  .  .  .  .  .  .  .  .  .  .  .  .  .  .  .  .  .  . 
 .  .  .  .  .  .  .  .  .  .  .  .  .  .  .  .  .  .  .  . 
 .  .  .  .  *  *  .  .  .  .  .  .  .  .  .  .  .  .  .  . 
 .  .  .  .  *  *  .  .  .  .  .  .  .  .  .  .  .  .  .  . 
 .  .  .  .  *  *  .  .  .  .  .  .  .  .  .  .  .  .  .  . 
 .  .  .  .  *  *  .  .  .  .  .  .  .  .  .  .  .  .  .  . 
 .  .  .  .  *  *  .  .  .  .  .  .  .  .  .  .  .  .  .  . 
 .  .  .  .  *  *  .  .  .  .  .  .  .  .  .  .  .  .  .  . 
 .  .  .  .  .  .  .  .  .  .  .  .  .  *  *  .  .  .  .  . 
 .  .  .  .  .  .  .  .  .  .  .  *  .  .  .  *  *  .  .  . 
 .  .  .  .  .  .  .  .  .  .  .  *  *  *  .  *  *  .  .  . 
 .  *  *  .  .  .  .  .  .  .  .  .  *  *  *  *  .  .  .  . 
 .  *  *  .  .  .  .  .  .  .  .  .  .  .  .  .  .  .  .  . 
 .  .  .  .  .  .  .  .  .  *  *  .  .  .  .  .  .  .  .  . 
 .  .  .  .  .  .  .  .  .  *  *  .  .  .  .  .  .  .  .  . 
 .  .  .  .  .  .  .  .  .  .  .  .  .  .  .  .  .  .  .  . 

Generation #52
 .  .  .  .  .  .  .  .  .  .  .  .  .  .  .  .  .  .  .  . 
 .  .  .  .  .  .  .  .  .  .  .  .  .  .  .  .  .  .  .  . 
 .  .  .  .  .  .  .  .  .  .  .  .  .  .  .  .  .  .  .  . 
 .  .  .  .  .  .  .  .  .  .  .  .  .  .  .  .  .  .  .  . 
 .  .  .  .  .  .  .  .  .  .  .  .  .  .  .  .  .  .  .  . 
 .  .  .  .  .  .  .  .  .  .  .  .  .  .  .  .  .  .  .  . 
 .  .  .  .  *  *  .  .  .  .  .  .  .  .  .  .  .  .  .  . 
 .  .  .  *  .  .  *  .  .  .  .  .  .  .  .  .  .  .  .  . 
 .  .  .  *  .  .  *  .  .  .  .  .  .  .  .  .  .  .  .  . 
 .  .  .  *  .  .  *  .  .  .  .  .  .  .  .  .  .  .  .  . 
 .  .  .  *  .  .  *  .  .  .  .  .  .  .  .  .  .  .  .  . 
 .  .  .  .  *  *  .  .  .  .  .  .  .  .  .  .  .  .  .  . 
 .  .  .  .  .  .  .  .  .  .  .  .  .  .  *  *  .  .  .  . 
 .  .  .  .  .  .  .  .  .  .  .  *  .  .  .  .  *  .  .  . 
 .  .  .  .  .  .  .  .  .  .  .  *  .  .  .  .  .  .  .  . 
 .  *  *  .  .  .  .  .  .  .  .  *  .  .  .  *  *  .  .  . 
 .  *  *  .  .  .  .  .  .  .  .  .  .  *  *  .  .  .  .  . 
 .  .  .  .  .  .  .  .  .  *  *  .  .  .  .  .  .  .  .  . 
 .  .  .  .  .  .  .  .  .  *  *  .  .  .  .  .  .  .  .  . 
 .  .  .  .  .  .  .  .  .  .  .  .  .  .  .  .  .  .  .  . 

Generation #53
 .  .  .  .  .  .  .  .  .  .  .  .  .  .  .  .  .  .  .  . 
 .  .  .  .  .  .  .  .  .  .  .  .  .  .  .  .  .  .  .  . 
 .  .  .  .  .  .  .  .  .  .  .  .  .  .  .  .  .  .  .  . 
 .  .  .  .  .  .  .  .  .  .  .  .  .  .  .  .  .  .  .  . 
 .  .  .  .  .  .  .  .  .  .  .  .  .  .  .  .  .  .  .  . 
 .  .  .  .  .  .  .  .  .  .  .  .  .  .  .  .  .  .  .  . 
 .  .  .  .  *  *  .  .  .  .  .  .  .  .  .  .  .  .  .  . 
 .  .  .  *  .  .  *  .  .  .  .  .  .  .  .  .  .  .  .  . 
 .  .  *  *  *  *  *  *  .  .  .  .  .  .  .  .  .  .  .  . 
 .  .  *  *  *  *  *  *  .  .  .  .  .  .  .  .  .  .  .  . 
 .  .  .  *  .  .  *  .  .  .  .  .  .  .  .  .  .  .  .  . 
 .  .  .  .  *  *  .  .  .  .  .  .  .  .  .  .  .  .  .  . 
 .  .  .  .  .  .  .  .  .  .  .  .  .  .  .  *  .  .  .  . 
 .  .  .  .  .  .  .  .  .  .  .  .  .  .  .  *  .  .  .  . 
 .  .  .  .  .  .  .  .  .  .  *  *  *  .  .  *  *  .  .  . 
 .  *  *  .  .  .  .  .  .  .  .  .  *  .  *  *  .  .  .  . 
 .  *  *  .  .  .  .  .  .  .  *  .  .  .  *  *  .  .  .  . 
 .  .  .  .  .  .  .  .  .  *  *  .  .  .  .  .  .  .  .  . 
 .  .  .  .  .  .  .  .  .  *  *  .  .  .  .  .  .  .  .  . 
 .  .  .  .  .  .  .  .  .  .  .  .  .  .  .  .  .  .  .  . 

Generation #54
 .  .  .  .  .  .  .  .  .  .  .  .  .  .  .  .  .  .  .  . 
 .  .  .  .  .  .  .  .  .  .  .  .  .  .  .  .  .  .  .  . 
 .  .  .  .  .  .  .  .  .  .  .  .  .  .  .  .  .  .  .  . 
 .  .  .  .  .  .  .  .  .  .  .  .  .  .  .  .  .  .  .  . 
 .  .  .  .  .  .  .  .  .  .  .  .  .  .  .  .  .  .  .  . 
 .  .  .  .  .  .  .  .  .  .  .  .  .  .  .  .  .  .  .  . 
 .  .  .  .  *  *  .  .  .  .  .  .  .  .  .  .  .  .  .  . 
 .  .  *  .  .  .  .  *  .  .  .  .  .  .  .  .  .  .  .  . 
 .  .  .  .  .  .  .  .  .  .  .  .  .  .  .  .  .  .  .  . 
 .  .  .  .  .  .  .  .  .  .  .  .  .  .  .  .  .  .  .  . 
 .  .  *  .  .  .  .  *  .  .  .  .  .  .  .  .  .  .  .  . 
 .  .  .  .  *  *  .  .  .  .  .  .  .  .  .  .  .  .  .  . 
 .  .  .  .  .  .  .  .  .  .  .  .  .  .  .  .  .  .  .  . 
 .  .  .  .  .  .  .  .  .  .  .  *  .  .  *  *  .  .  .  . 
 .  .  .  .  .  .  .  .  .  .  .  *  *  *  .  .  *  .  .  . 
 .  *  *  .  .  .  .  .  .  .  *  .  *  .  .  .  .  .  .  . 
 .  *  *  .  .  .  .  .  .  *  *  *  .  *  *  *  .  .  .  . 
 .  .  .  .  .  .  .  .  .  .  .  *  .  .  .  .  .  .  .  . 
 .  .  .  .  .  .  .  .  .  *  *  .  .  .  .  .  .  .  .  . 
 .  .  .  .  .  .  .  .  .  .  .  .  .  .  .  .  .  .  .  . 

Generation #55
 .  .  .  .  .  .  .  .  .  .  .  .  .  .  .  .  .  .  .  . 
 .  .  .  .  .  .  .  .  .  .  .  .  .  .  .  .  .  .  .  . 
 .  .  .  .  .  .  .  .  .  .  .  .  .  .  .  .  .  .  .  . 
 .  .  .  .  .  .  .  .  .  .  .  .  .  .  .  .  .  .  .  . 
 .  .  .  .  .  .  .  .  .  .  .  .  .  .  .  .  .  .  .  . 
 .  .  .  .  .  .  .  .  .  .  .  .  .  .  .  .  .  .  .  . 
 .  .  .  .  .  .  .  .  .  .  .  .  .  .  .  .  .  .  .  . 
 .  .  .  .  .  .  .  .  .  .  .  .  .  .  .  .  .  .  .  . 
 .  .  .  .  .  .  .  .  .  .  .  .  .  .  .  .  .  .  .  . 
 .  .  .  .  .  .  .  .  .  .  .  .  .  .  .  .  .  .  .  . 
 .  .  .  .  .  .  .  .  .  .  .  .  .  .  .  .  .  .  .  . 
 .  .  .  .  .  .  .  .  .  .  .  .  .  .  .  .  .  .  .  . 
 .  .  .  .  .  .  .  .  .  .  .  .  .  .  .  .  .  .  .  . 
 .  .  .  .  .  .  .  .  .  .  .  *  .  *  *  *  .  .  .  . 
 .  .  .  .  .  .  .  .  .  .  *  .  .  *  *  *  .  .  .  . 
 .  *  *  .  .  .  .  .  .  *  .  .  .  .  .  *  .  .  .  . 
 .  *  *  .  .  .  .  .  .  *  .  .  .  *  *  .  .  .  .  . 
 .  .  .  .  .  .  .  .  .  .  .  *  *  .  *  .  .  .  .  . 
 .  .  .  .  .  .  .  .  .  .  *  .  .  .  .  .  .  .  .  . 
 .  .  .  .  .  .  .  .  .  .  .  .  .  .  .  .  .  .  .  . 

Generation #56
 .  .  .  .  .  .  .  .  .  .  .  .  .  .  .  .  .  .  .  . 
 .  .  .  .  .  .  .  .  .  .  .  .  .  .  .  .  .  .  .  . 
 .  .  .  .  .  .  .  .  .  .  .  .  .  .  .  .  .  .  .  . 
 .  .  .  .  .  .  .  .  .  .  .  .  .  .  .  .  .  .  .  . 
 .  .  .  .  .  .  .  .  .  .  .  .  .  .  .  .  .  .  .  . 
 .  .  .  .  .  .  .  .  .  .  .  .  .  .  .  .  .  .  .  . 
 .  .  .  .  .  .  .  .  .  .  .  .  .  .  .  .  .  .  .  . 
 .  .  .  .  .  .  .  .  .  .  .  .  .  .  .  .  .  .  .  . 
 .  .  .  .  .  .  .  .  .  .  .  .  .  .  .  .  .  .  .  . 
 .  .  .  .  .  .  .  .  .  .  .  .  .  .  .  .  .  .  .  . 
 .  .  .  .  .  .  .  .  .  .  .  .  .  .  .  .  .  .  .  . 
 .  .  .  .  .  .  .  .  .  .  .  .  .  .  .  .  .  .  .  . 
 .  .  .  .  .  .  .  .  .  .  .  .  .  .  *  .  .  .  .  . 
 .  .  .  .  .  .  .  .  .  .  .  .  *  *  .  *  .  .  .  . 
 .  .  .  .  .  .  .  .  .  .  *  .  *  *  .  .  *  .  .  . 
 .  *  *  .  .  .  .  .  .  *  *  .  .  .  .  *  .  .  .  . 
 .  *  *  .  .  .  .  .  .  .  *  .  *  *  *  *  .  .  .  . 
 .  .  .  .  .  .  .  .  .  .  *  *  *  .  *  .  .  .  .  . 
 .  .  .  .  .  .  .  .  .  .  .  *  .  .  .  .  .  .  .  . 
 .  .  .  .  .  .  .  .  .  .  .  .  .  .  .  .  .  .  .  . 

Generation #57
 .  .  .  .  .  .  .  .  .  .  .  .  .  .  .  .  .  .  .  . 
 .  .  .  .  .  .  .  .  .  .  .  .  .  .  .  .  .  .  .  . 
 .  .  .  .  .  .  .  .  .  .  .  .  .  .  .  .  .  .  .  . 
 .  .  .  .  .  .  .  .  .  .  .  .  .  .  .  .  .  .  .  . 
 .  .  .  .  .  .  .  .  .  .  .  .  .  .  .  .  .  .  .  . 
 .  .  .  .  .  .  .  .  .  .  .  .  .  .  .  .  .  .  .  . 
 .  .  .  .  .  .  .  .  .  .  .  .  .  .  .  .  .  .  .  . 
 .  .  .  .  .  .  .  .  .  .  .  .  .  .  .  .  .  .  .  . 
 .  .  .  .  .  .  .  .  .  .  .  .  .  .  .  .  .  .  .  . 
 .  .  .  .  .  .  .  .  .  .  .  .  .  .  .  .  .  .  .  . 
 .  .  .  .  .  .  .  .  .  .  .  .  .  .  .  .  .  .  .  . 
 .  .  .  .  .  .  .  .  .  .  .  .  .  .  .  .  .  .  .  . 
 .  .  .  .  .  .  .  .  .  .  .  .  .  *  *  .  .  .  .  . 
 .  .  .  .  .  .  .  .  .  .  .  *  *  .  .  *  .  .  .  . 
 .  .  .  .  .  .  .  .  .  *  *  .  *  *  .  *  *  .  .  . 
 .  *  *  .  .  .  .  .  .  *  *  .  .  .  .  *  *  .  .  . 
 .  *  *  .  .  .  .  .  .  .  .  .  *  .  .  *  .  .  .  . 
 .  .  .  .  .  .  .  .  .  .  *  .  .  .  *  *  .  .  .  . 
 .  .  .  .  .  .  .  .  .  .  *  *  *  .  .  .  .  .  .  . 
 .  .  .  .  .  .  .  .  .  .  .  .  .  .  .  .  .  .  .  . 

Generation #58
 .  .  .  .  .  .  .  .  .  .  .  .  .  .  .  .  .  .  .  . 
 .  .  .  .  .  .  .  .  .  .  .  .  .  .  .  .  .  .  .  . 
 .  .  .  .  .  .  .  .  .  .  .  .  .  .  .  .  .  .  .  . 
 .  .  .  .  .  .  .  .  .  .  .  .  .  .  .  .  .  .  .  . 
 .  .  .  .  .  .  .  .  .  .  .  .  .  .  .  .  .  .  .  . 
 .  .  .  .  .  .  .  .  .  .  .  .  .  .  .  .  .  .  .  . 
 .  .  .  .  .  .  .  .  .  .  .  .  .  .  .  .  .  .  .  . 
 .  .  .  .  .  .  .  .  .  .  .  .  .  .  .  .  .  .  .  . 
 .  .  .  .  .  .  .  .  .  .  .  .  .  .  .  .  .  .  .  . 
 .  .  .  .  .  .  .  .  .  .  .  .  .  .  .  .  .  .  .  . 
 .  .  .  .  .  .  .  .  .  .  .  .  .  .  .  .  .  .  .  . 
 .  .  .  .  .  .  .  .  .  .  .  .  .  .  .  .  .  .  .  . 
 .  .  .  .  .  .  .  .  .  .  .  .  *  *  *  .  .  .  .  . 
 .  .  .  .  .  .  .  .  .  .  *  *  .  .  .  *  *  .  .  . 
 .  .  .  .  .  .  .  .  .  *  .  .  *  *  .  .  .  .  .  . 
 .  *  *  .  .  .  .  .  .  *  *  .  *  *  .  .  .  .  .  . 
 .  *  *  .  .  .  .  .  .  *  *  *  .  .  .  .  .  .  .  . 
 .  .  .  .  .  .  .  .  .  .  *  .  *  *  *  *  .  .  .  . 
 .  .  .  .  .  .  .  .  .  .  *  *  .  .  .  .  .  .  .  . 
 .  .  .  .  .  .  .  .  .  .  .  *  .  .  .  .  .  .  .  . 

Generation #59
 .  .  .  .  .  .  .  .  .  .  .  .  .  .  .  .  .  .  .  . 
 .  .  .  .  .  .  .  .  .  .  .  .  .  .  .  .  .  .  .  . 
 .  .  .  .  .  .  .  .  .  .  .  .  .  .  .  .  .  .  .  . 
 .  .  .  .  .  .  .  .  .  .  .  .  .  .  .  .  .  .  .  . 
 .  .  .  .  .  .  .  .  .  .  .  .  .  .  .  .  .  .  .  . 
 .  .  .  .  .  .  .  .  .  .  .  .  .  .  .  .  .  .  .  . 
 .  .  .  .  .  .  .  .  .  .  .  .  .  .  .  .  .  .  .  . 
 .  .  .  .  .  .  .  .  .  .  .  .  .  .  .  .  .  .  .  . 
 .  .  .  .  .  .  .  .  .  .  .  .  .  .  .  .  .  .  .  . 
 .  .  .  .  .  .  .  .  .  .  .  .  .  .  .  .  .  .  .  . 
 .  .  .  .  .  .  .  .  .  .  .  .  .  .  .  .  .  .  .  . 
 .  .  .  .  .  .  .  .  .  .  .  .  .  *  .  .  .  .  .  . 
 .  .  .  .  .  .  .  .  .  .  .  *  *  *  *  *  .  .  .  . 
 .  .  .  .  .  .  .  .  .  .  *  *  .  .  .  *  .  .  .  . 
 .  .  .  .  .  .  .  .  .  *  .  .  .  *  *  .  .  .  .  . 
 .  *  *  .  .  .  .  .  *  .  .  .  .  *  .  .  .  .  .  . 
 .  *  *  .  .  .  .  .  .  .  .  .  .  .  .  .  .  .  .  . 
 .  .  .  .  .  .  .  .  .  .  .  .  *  *  *  .  .  .  .  . 
 .  .  .  .  .  .  .  .  .  .  *  .  .  *  *  .  .  .  .  . 
 .  .  .  .  .  .  .  .  .  .  *  *  .  .  .  .  .  .  .  . 

Generation #60
 .  .  .  .  .  .  .  .  .  .  .  .  .  .  .  .  .  .  .  . 
 .  .  .  .  .  .  .  .  .  .  .  .  .  .  .  .  .  .  .  . 
 .  .  .  .  .  .  .  .  .  .  .  .  .  .  .  .  .  .  .  . 
 .  .  .  .  .  .  .  .  .  .  .  .  .  .  .  .  .  .  .  . 
 .  .  .  .  .  .  .  .  .  .  .  .  .  .  .  .  .  .  .  . 
 .  .  .  .  .  .  .  .  .  .  .  .  .  .  .  .  .  .  .  . 
 .  .  .  .  .  .  .  .  .  .  .  .  .  .  .  .  .  .  .  . 
 .  .  .  .  .  .  .  .  .  .  .  .  .  .  .  .  .  .  .  . 
 .  .  .  .  .  .  .  .  .  .  .  .  .  .  .  .  .  .  .  . 
 .  .  .  .  .  .  .  .  .  .  .  .  .  .  .  .  .  .  .  . 
 .  .  .  .  .  .  .  .  .  .  .  .  .  .  .  .  .  .  .  . 
 .  .  .  .  .  .  .  .  .  .  .  .  .  *  .  .  .  .  .  . 
 .  .  .  .  .  .  .  .  .  .  *  *  .  *  .  *  .  .  .  . 
 .  .  .  .  .  .  .  .  .  .  *  *  .  .  .  *  .  .  .  . 
 .  .  .  .  .  .  .  .  .  *  *  .  *  *  *  .  .  .  .  . 
 .  *  *  .  .  .  .  .  .  .  .  .  .  *  *  .  .  .  .  . 
 .  *  *  .  .  .  .  .  .  .  .  .  *  .  *  .  .  .  .  . 
 .  .  .  .  .  .  .  .  .  .  .  .  *  .  *  .  .  .  .  . 
 .  .  .  .  .  .  .  .  .  .  *  .  .  .  *  .  .  .  .  . 
 .  .  .  .  .  .  .  .  .  .  *  *  .  .  .  .  .  .  .  . 

Generation #61
 .  .  .  .  .  .  .  .  .  .  .  .  .  .  .  .  .  .  .  . 
 .  .  .  .  .  .  .  .  .  .  .  .  .  .  .  .  .  .  .  . 
 .  .  .  .  .  .  .  .  .  .  .  .  .  .  .  .  .  .  .  . 
 .  .  .  .  .  .  .  .  .  .  .  .  .  .  .  .  .  .  .  . 
 .  .  .  .  .  .  .  .  .  .  .  .  .  .  .  .  .  .  .  . 
 .  .  .  .  .  .  .  .  .  .  .  .  .  .  .  .  .  .  .  . 
 .  .  .  .  .  .  .  .  .  .  .  .  .  .  .  .  .  .  .  . 
 .  .  .  .  .  .  .  .  .  .  .  .  .  .  .  .  .  .  .  . 
 .  .  .  .  .  .  .  .  .  .  .  .  .  .  .  .  .  .  .  . 
 .  .  .  .  .  .  .  .  .  .  .  .  .  .  .  .  .  .  .  . 
 .  .  .  .  .  .  .  .  .  .  .  .  .  .  .  .  .  .  .  . 
 .  .  .  .  .  .  .  .  .  .  .  .  *  .  *  .  .  .  .  . 
 .  .  .  .  .  .  .  .  .  .  *  *  .  .  .  .  .  .  .  . 
 .  .  .  .  .  .  .  .  .  .  .  .  .  .  .  *  .  .  .  . 
 .  .  .  .  .  .  .  .  .  *  *  .  *  .  .  *  .  .  .  . 
 .  *  *  .  .  .  .  .  .  .  .  *  .  .  .  *  .  .  .  . 
 .  *  *  .  .  .  .  .  .  .  .  .  *  .  *  *  .  .  .  . 
 .  .  .  .  .  .  .  .  .  .  .  *  .  .  *  *  .  .  .  . 
 .  .  .  .  .  .  .  .  .  .  *  .  .  *  .  .  .  .  .  . 
 .  .  .  .  .  .  .  .  .  .  *  *  .  .  .  .  .  .  .  . 

Generation #62
 .  .  .  .  .  .  .  .  .  .  .  .  .  .  .  .  .  .  .  . 
 .  .  .  .  .  .  .  .  .  .  .  .  .  .  .  .  .  .  .  . 
 .  .  .  .  .  .  .  .  .  .  .  .  .  .  .  .  .  .  .  . 
 .  .  .  .  .  .  .  .  .  .  .  .  .  .  .  .  .  .  .  . 
 .  .  .  .  .  .  .  .  .  .  .  .  .  .  .  .  .  .  .  . 
 .  .  .  .  .  .  .  .  .  .  .  .  .  .  .  .  .  .  .  . 
 .  .  .  .  .  .  .  .  .  .  .  .  .  .  .  .  .  .  .  . 
 .  .  .  .  .  .  .  .  .  .  .  .  .  .  .  .  .  .  .  . 
 .  .  .  .  .  .  .  .  .  .  .  .  .  .  .  .  .  .  .  . 
 .  .  .  .  .  .  .  .  .  .  .  .  .  .  .  .  .  .  .  . 
 .  .  .  .  .  .  .  .  .  .  .  .  .  .  .  .  .  .  .  . 
 .  .  .  .  .  .  .  .  .  .  .  *  .  .  .  .  .  .  .  . 
 .  .  .  .  .  .  .  .  .  .  .  *  .  .  .  .  .  .  .  . 
 .  .  .  .  .  .  .  .  .  *  .  .  .  .  .  .  .  .  .  . 
 .  .  .  .  .  .  .  .  .  .  *  *  .  .  *  *  *  .  .  . 
 .  *  *  .  .  .  .  .  .  .  *  *  *  *  .  *  *  .  .  . 
 .  *  *  .  .  .  .  .  .  .  .  *  *  *  .  .  *  .  .  . 
 .  .  .  .  .  .  .  .  .  .  .  *  *  .  .  *  .  .  .  . 
 .  .  .  .  .  .  .  .  .  .  *  .  *  .  *  .  .  .  .  . 
 .  .  .  .  .  .  .  .  .  .  *  *  .  .  .  .  .  .  .  . 

Generation #63
 .  .  .  .  .  .  .  .  .  .  .  .  .  .  .  .  .  .  .  . 
 .  .  .  .  .  .  .  .  .  .  .  .  .  .  .  .  .  .  .  . 
 .  .  .  .  .  .  .  .  .  .  .  .  .  .  .  .  .  .  .  . 
 .  .  .  .  .  .  .  .  .  .  .  .  .  .  .  .  .  .  .  . 
 .  .  .  .  .  .  .  .  .  .  .  .  .  .  .  .  .  .  .  . 
 .  .  .  .  .  .  .  .  .  .  .  .  .  .  .  .  .  .  .  . 
 .  .  .  .  .  .  .  .  .  .  .  .  .  .  .  .  .  .  .  . 
 .  .  .  .  .  .  .  .  .  .  .  .  .  .  .  .  .  .  .  . 
 .  .  .  .  .  .  .  .  .  .  .  .  .  .  .  .  .  .  .  . 
 .  .  .  .  .  .  .  .  .  .  .  .  .  .  .  .  .  .  .  . 
 .  .  .  .  .  .  .  .  .  .  .  .  .  .  .  .  .  .  .  . 
 .  .  .  .  .  .  .  .  .  .  .  .  .  .  .  .  .  .  .  . 
 .  .  .  .  .  .  .  .  .  .  *  .  .  .  .  .  .  .  .  . 
 .  .  .  .  .  .  .  .  .  .  .  *  .  .  .  *  .  .  .  . 
 .  .  .  .  .  .  .  .  .  *  .  .  .  *  *  .  *  .  .  . 
 .  *  *  .  .  .  .  .  .  .  .  .  .  .  .  .  .  *  .  . 
 .  *  *  .  .  .  .  .  .  .  .  .  .  .  .  .  *  .  .  . 
 .  .  .  .  .  .  .  .  .  .  *  .  .  .  *  *  .  .  .  . 
 .  .  .  .  .  .  .  .  .  .  *  .  *  *  .  .  .  .  .  . 
 .  .  .  .  .  .  .  .  .  .  *  *  .  .  .  .  .  .  .  . 

Generation #64
 .  .  .  .  .  .  .  .  .  .  .  .  .  .  .  .  .  .  .  . 
 .  .  .  .  .  .  .  .  .  .  .  .  .  .  .  .  .  .  .  . 
 .  .  .  .  .  .  .  .  .  .  .  .  .  .  .  .  .  .  .  . 
 .  .  .  .  .  .  .  .  .  .  .  .  .  .  .  .  .  .  .  . 
 .  .  .  .  .  .  .  .  .  .  .  .  .  .  .  .  .  .  .  . 
 .  .  .  .  .  .  .  .  .  .  .  .  .  .  .  .  .  .  .  . 
 .  .  .  .  .  .  .  .  .  .  .  .  .  .  .  .  .  .  .  . 
 .  .  .  .  .  .  .  .  .  .  .  .  .  .  .  .  .  .  .  . 
 .  .  .  .  .  .  .  .  .  .  .  .  .  .  .  .  .  .  .  . 
 .  .  .  .  .  .  .  .  .  .  .  .  .  .  .  .  .  .  .  . 
 .  .  .  .  .  .  .  .  .  .  .  .  .  .  .  .  .  .  .  . 
 .  .  .  .  .  .  .  .  .  .  .  .  .  .  .  .  .  .  .  . 
 .  .  .  .  .  .  .  .  .  .  .  .  .  .  .  .  .  .  .  . 
 .  .  .  .  .  .  .  .  .  .  *  .  .  .  *  *  .  .  .  . 
 .  .  .  .  .  .  .  .  .  .  .  .  .  .  *  *  *  .  .  . 
 .  *  *  .  .  .  .  .  .  .  .  .  .  .  .  *  *  *  .  . 
 .  *  *  .  .  .  .  .  .  .  .  .  .  .  .  *  *  .  .  . 
 .  .  .  .  .  .  .  .  .  .  .  *  .  *  *  *  .  .  .  . 
 .  .  .  .  .  .  .  .  .  *  *  .  *  *  *  .  .  .  .  . 
 .  .  .  .  .  .  .  .  .  .  *  *  *  .  .  .  .  .  .  . 

Generation #65
 .  .  .  .  .  .  .  .  .  .  .  .  .  .  .  .  .  .  .  . 
 .  .  .  .  .  .  .  .  .  .  .  .  .  .  .  .  .  .  .  . 
 .  .  .  .  .  .  .  .  .  .  .  .  .  .  .  .  .  .  .  . 
 .  .  .  .  .  .  .  .  .  .  .  .  .  .  .  .  .  .  .  . 
 .  .  .  .  .  .  .  .  .  .  .  .  .  .  .  .  .  .  .  . 
 .  .  .  .  .  .  .  .  .  .  .  .  .  .  .  .  .  .  .  . 
 .  .  .  .  .  .  .  .  .  .  .  .  .  .  .  .  .  .  .  . 
 .  .  .  .  .  .  .  .  .  .  .  .  .  .  .  .  .  .  .  . 
 .  .  .  .  .  .  .  .  .  .  .  .  .  .  .  .  .  .  .  . 
 .  .  .  .  .  .  .  .  .  .  .  .  .  .  .  .  .  .  .  . 
 .  .  .  .  .  .  .  .  .  .  .  .  .  .  .  .  .  .  .  . 
 .  .  .  .  .  .  .  .  .  .  .  .  .  .  .  .  .  .  .  . 
 .  .  .  .  .  .  .  .  .  .  .  .  .  .  .  .  .  .  .  . 
 .  .  .  .  .  .  .  .  .  .  .  .  .  .  *  .  *  .  .  . 
 .  .  .  .  .  .  .  .  .  .  .  .  .  .  .  .  .  *  .  . 
 .  *  *  .  .  .  .  .  .  .  .  .  .  .  .  .  .  *  .  . 
 .  *  *  .  .  .  .  .  .  .  .  .  .  .  .  .  .  *  .  . 
 .  .  .  .  .  .  .  .  .  .  *  *  .  .  .  .  *  .  .  . 
 .  .  .  .  .  .  .  .  .  *  .  .  .  .  .  *  .  .  .  . 
 .  .  .  .  .  .  .  .  .  *  *  .  *  .  .  .  .  .  .  . 

Generation #66
 .  .  .  .  .  .  .  .  .  .  .  .  .  .  .  .  .  .  .  . 
 .  .  .  .  .  .  .  .  .  .  .  .  .  .  .  .  .  .  .  . 
 .  .  .  .  .  .  .  .  .  .  .  .  .  .  .  .  .  .  .  . 
 .  .  .  .  .  .  .  .  .  .  .  .  .  .  .  .  .  .  .  . 
 .  .  .  .  .  .  .  .  .  .  .  .  .  .  .  .  .  .  .  . 
 .  .  .  .  .  .  .  .  .  .  .  .  .  .  .  .  .  .  .  . 
 .  .  .  .  .  .  .  .  .  .  .  .  .  .  .  .  .  .  .  . 
 .  .  .  .  .  .  .  .  .  .  .  .  .  .  .  .  .  .  .  . 
 .  .  .  .  .  .  .  .  .  .  .  .  .  .  .  .  .  .  .  . 
 .  .  .  .  .  .  .  .  .  .  .  .  .  .  .  .  .  .  .  . 
 .  .  .  .  .  .  .  .  .  .  .  .  .  .  .  .  .  .  .  . 
 .  .  .  .  .  .  .  .  .  .  .  .  .  .  .  .  .  .  .  . 
 .  .  .  .  .  .  .  .  .  .  .  .  .  .  .  .  .  .  .  . 
 .  .  .  .  .  .  .  .  .  .  .  .  .  .  .  .  .  .  .  . 
 .  .  .  .  .  .  .  .  .  .  .  .  .  .  .  .  *  *  .  . 
 .  *  *  .  .  .  .  .  .  .  .  .  .  .  .  .  *  *  *  . 
 .  *  *  .  .  .  .  .  .  .  .  .  .  .  .  .  *  *  .  . 
 .  .  .  .  .  .  .  .  .  .  *  .  .  .  .  .  *  .  .  . 
 .  .  .  .  .  .  .  .  .  *  .  .  .  .  .  .  .  .  .  . 
 .  .  .  .  .  .  .  .  .  *  *  .  .  .  .  .  .  .  .  . 

Generation #67
 .  .  .  .  .  .  .  .  .  .  .  .  .  .  .  .  .  .  .  . 
 .  .  .  .  .  .  .  .  .  .  .  .  .  .  .  .  .  .  .  . 
 .  .  .  .  .  .  .  .  .  .  .  .  .  .  .  .  .  .  .  . 
 .  .  .  .  .  .  .  .  .  .  .  .  .  .  .  .  .  .  .  . 
 .  .  .  .  .  .  .  .  .  .  .  .  .  .  .  .  .  .  .  . 
 .  .  .  .  .  .  .  .  .  .  .  .  .  .  .  .  .  .  .  . 
 .  .  .  .  .  .  .  .  .  .  .  .  .  .  .  .  .  .  .  . 
 .  .  .  .  .  .  .  .  .  .  .  .  .  .  .  .  .  .  .  . 
 .  .  .  .  .  .  .  .  .  .  .  .  .  .  .  .  .  .  .  . 
 .  .  .  .  .  .  .  .  .  .  .  .  .  .  .  .  .  .  .  . 
 .  .  .  .  .  .  .  .  .  .  .  .  .  .  .  .  .  .  .  . 
 .  .  .  .  .  .  .  .  .  .  .  .  .  .  .  .  .  .  .  . 
 .  .  .  .  .  .  .  .  .  .  .  .  .  .  .  .  .  .  .  . 
 .  .  .  .  .  .  .  .  .  .  .  .  .  .  .  .  .  .  .  . 
 .  .  .  .  .  .  .  .  .  .  .  .  .  .  .  .  *  .  *  . 
 .  *  *  .  .  .  .  .  .  .  .  .  .  .  .  *  .  .  *  . 
 .  *  *  .  .  .  .  .  .  .  .  .  .  .  .  *  .  .  *  . 
 .  .  .  .  .  .  .  .  .  .  .  .  .  .  .  .  *  *  .  . 
 .  .  .  .  .  .  .  .  .  *  .  .  .  .  .  .  .  .  .  . 
 .  .  .  .  .  .  .  .  .  *  *  .  .  .  .  .  .  .  .  . 

Generation #68
 .  .  .  .  .  .  .  .  .  .  .  .  .  .  .  .  .  .  .  . 
 .  .  .  .  .  .  .  .  .  .  .  .  .  .  .  .  .  .  .  . 
 .  .  .  .  .  .  .  .  .  .  .  .  .  .  .  .  .  .  .  . 
 .  .  .  .  .  .  .  .  .  .  .  .  .  .  .  .  .  .  .  . 
 .  .  .  .  .  .  .  .  .  .  .  .  .  .  .  .  .  .  .  . 
 .  .  .  .  .  .  .  .  .  .  .  .  .  .  .  .  .  .  .  . 
 .  .  .  .  .  .  .  .  .  .  .  .  .  .  .  .  .  .  .  . 
 .  .  .  .  .  .  .  .  .  .  .  .  .  .  .  .  .  .  .  . 
 .  .  .  .  .  .  .  .  .  .  .  .  .  .  .  .  .  .  .  . 
 .  .  .  .  .  .  .  .  .  .  .  .  .  .  .  .  .  .  .  . 
 .  .  .  .  .  .  .  .  .  .  .  .  .  .  .  .  .  .  .  . 
 .  .  .  .  .  .  .  .  .  .  .  .  .  .  .  .  .  .  .  . 
 .  .  .  .  .  .  .  .  .  .  .  .  .  .  .  .  .  .  .  . 
 .  .  .  .  .  .  .  .  .  .  .  .  .  .  .  .  .  .  .  . 
 .  .  .  .  .  .  .  .  .  .  .  .  .  .  .  .  .  *  .  . 
 .  *  *  .  .  .  .  .  .  .  .  .  .  .  .  *  *  .  *  * 
 .  *  *  .  .  .  .  .  .  .  .  .  .  .  .  *  .  .  *  . 
 .  .  .  .  .  .  .  .  .  .  .  .  .  .  .  .  *  *  .  . 
 .  .  .  .  .  .  .  .  .  *  *  .  .  .  .  .  .  .  .  . 
 .  .  .  .  .  .  .  .  .  *  *  .  .  .  .  .  .  .  .  . 

Generation #69
 .  .  .  .  .  .  .  .  .  .  .  .  .  .  .  .  .  .  .  . 
 .  .  .  .  .  .  .  .  .  .  .  .  .  .  .  .  .  .  .  . 
 .  .  .  .  .  .  .  .  .  .  .  .  .  .  .  .  .  .  .  . 
 .  .  .  .  .  .  .  .  .  .  .  .  .  .  .  .  .  .  .  . 
 .  .  .  .  .  .  .  .  .  .  .  .  .  .  .  .  .  .  .  . 
 .  .  .  .  .  .  .  .  .  .  .  .  .  .  .  .  .  .  .  . 
 .  .  .  .  .  .  .  .  .  .  .  .  .  .  .  .  .  .  .  . 
 .  .  .  .  .  .  .  .  .  .  .  .  .  .  .  .  .  .  .  . 
 .  .  .  .  .  .  .  .  .  .  .  .  .  .  .  .  .  .  .  . 
 .  .  .  .  .  .  .  .  .  .  .  .  .  .  .  .  .  .  .  . 
 .  .  .  .  .  .  .  .  .  .  .  .  .  .  .  .  .  .  .  . 
 .  .  .  .  .  .  .  .  .  .  .  .  .  .  .  .  .  .  .  . 
 .  .  .  .  .  .  .  .  .  .  .  .  .  .  .  .  .  .  .  . 
 .  .  .  .  .  .  .  .  .  .  .  .  .  .  .  .  .  .  .  . 
 .  .  .  .  .  .  .  .  .  .  .  .  .  .  .  .  *  *  *  . 
 .  *  *  .  .  .  .  .  .  .  .  .  .  .  .  *  *  .  *  * 
 .  *  *  .  .  .  .  .  .  .  .  .  .  .  .  *  .  .  *  * 
 .  .  .  .  .  .  .  .  .  .  .  .  .  .  .  .  *  *  .  . 
 .  .  .  .  .  .  .  .  .  *  *  .  .  .  .  .  .  .  .  . 
 .  .  .  .  .  .  .  .  .  *  *  .  .  .  .  .  .  .  .  . 

Generation #70
 .  .  .  .  .  .  .  .  .  .  .  .  .  .  .  .  .  .  .  . 
 .  .  .  .  .  .  .  .  .  .  .  .  .  .  .  .  .  .  .  . 
 .  .  .  .  .  .  .  .  .  .  .  .  .  .  .  .  .  .  .  . 
 .  .  .  .  .  .  .  .  .  .  .  .  .  .  .  .  .  .  .  . 
 .  .  .  .  .  .  .  .  .  .  .  .  .  .  .  .  .  .  .  . 
 .  .  .  .  .  .  .  .  .  .  .  .  .  .  .  .  .  .  .  . 
 .  .  .  .  .  .  .  .  .  .  .  .  .  .  .  .  .  .  .  . 
 .  .  .  .  .  .  .  .  .  .  .  .  .  .  .  .  .  .  .  . 
 .  .  .  .  .  .  .  .  .  .  .  .  .  .  .  .  .  .  .  . 
 .  .  .  .  .  .  .  .  .  .  .  .  .  .  .  .  .  .  .  . 
 .  .  .  .  .  .  .  .  .  .  .  .  .  .  .  .  .  .  .  . 
 .  .  .  .  .  .  .  .  .  .  .  .  .  .  .  .  .  .  .  . 
 .  .  .  .  .  .  .  .  .  .  .  .  .  .  .  .  .  .  .  . 
 .  .  .  .  .  .  .  .  .  .  .  .  .  .  .  .  .  *  .  . 
 .  .  .  .  .  .  .  .  .  .  .  .  .  .  .  *  *  .  *  * 
 .  *  *  .  .  .  .  .  .  .  .  .  .  .  .  *  .  .  .  . 
 .  *  *  .  .  .  .  .  .  .  .  .  .  .  .  *  .  .  .  * 
 .  .  .  .  .  .  .  .  .  .  .  .  .  .  .  .  *  *  *  . 
 .  .  .  .  .  .  .  .  .  *  *  .  .  .  .  .  .  .  .  . 
 .  .  .  .  .  .  .  .  .  *  *  .  .  .  .  .  .  .  .  . 

Generation #71
 .  .  .  .  .  .  .  .  .  .  .  .  .  .  .  .  .  .  .  . 
 .  .  .  .  .  .  .  .  .  .  .  .  .  .  .  .  .  .  .  . 
 .  .  .  .  .  .  .  .  .  .  .  .  .  .  .  .  .  .  .  . 
 .  .  .  .  .  .  .  .  .  .  .  .  .  .  .  .  .  .  .  . 
 .  .  .  .  .  .  .  .  .  .  .  .  .  .  .  .  .  .  .  . 
 .  .  .  .  .  .  .  .  .  .  .  .  .  .  .  .  .  .  .  . 
 .  .  .  .  .  .  .  .  .  .  .  .  .  .  .  .  .  .  .  . 
 .  .  .  .  .  .  .  .  .  .  .  .  .  .  .  .  .  .  .  . 
 .  .  .  .  .  .  .  .  .  .  .  .  .  .  .  .  .  .  .  . 
 .  .  .  .  .  .  .  .  .  .  .  .  .  .  .  .  .  .  .  . 
 .  .  .  .  .  .  .  .  .  .  .  .  .  .  .  .  .  .  .  . 
 .  .  .  .  .  .  .  .  .  .  .  .  .  .  .  .  .  .  .  . 
 .  .  .  .  .  .  .  .  .  .  .  .  .  .  .  .  .  .  .  . 
 .  .  .  .  .  .  .  .  .  .  .  .  .  .  .  .  *  *  *  . 
 .  .  .  .  .  .  .  .  .  .  .  .  .  .  .  *  *  *  *  . 
 .  *  *  .  .  .  .  .  .  .  .  .  .  .  *  *  .  .  *  * 
 .  *  *  .  .  .  .  .  .  .  .  .  .  .  .  *  .  *  *  . 
 .  .  .  .  .  .  .  .  .  .  .  .  .  .  .  .  *  *  *  . 
 .  .  .  .  .  .  .  .  .  *  *  .  .  .  .  .  .  *  .  . 
 .  .  .  .  .  .  .  .  .  *  *  .  .  .  .  .  .  .  .  . 

Generation #72
 .  .  .  .  .  .  .  .  .  .  .  .  .  .  .  .  .  .  .  . 
 .  .  .  .  .  .  .  .  .  .  .  .  .  .  .  .  .  .  .  . 
 .  .  .  .  .  .  .  .  .  .  .  .  .  .  .  .  .  .  .  . 
 .  .  .  .  .  .  .  .  .  .  .  .  .  .  .  .  .  .  .  . 
 .  .  .  .  .  .  .  .  .  .  .  .  .  .  .  .  .  .  .  . 
 .  .  .  .  .  .  .  .  .  .  .  .  .  .  .  .  .  .  .  . 
 .  .  .  .  .  .  .  .  .  .  .  .  .  .  .  .  .  .  .  . 
 .  .  .  .  .  .  .  .  .  .  .  .  .  .  .  .  .  .  .  . 
 .  .  .  .  .  .  .  .  .  .  .  .  .  .  .  .  .  .  .  . 
 .  .  .  .  .  .  .  .  .  .  .  .  .  .  .  .  .  .  .  . 
 .  .  .  .  .  .  .  .  .  .  .  .  .  .  .  .  .  .  .  . 
 .  .  .  .  .  .  .  .  .  .  .  .  .  .  .  .  .  .  .  . 
 .  .  .  .  .  .  .  .  .  .  .  .  .  .  .  .  .  *  .  . 
 .  .  .  .  .  .  .  .  .  .  .  .  .  .  .  *  .  .  *  . 
 .  .  .  .  .  .  .  .  .  .  .  .  .  .  *  .  .  .  .  . 
 .  *  *  .  .  .  .  .  .  .  .  .  .  .  *  .  .  .  .  * 
 .  *  *  .  .  .  .  .  .  .  .  .  .  .  *  *  .  .  .  . 
 .  .  .  .  .  .  .  .  .  .  .  .  .  .  .  .  .  .  .  . 
 .  .  .  .  .  .  .  .  .  *  *  .  .  .  .  .  *  *  *  . 
 .  .  .  .  .  .  .  .  .  *  *  .  .  .  .  .  .  .  .  . 

Generation #73
 .  .  .  .  .  .  .  .  .  .  .  .  .  .  .  .  .  .  .  . 
 .  .  .  .  .  .  .  .  .  .  .  .  .  .  .  .  .  .  .  . 
 .  .  .  .  .  .  .  .  .  .  .  .  .  .  .  .  .  .  .  . 
 .  .  .  .  .  .  .  .  .  .  .  .  .  .  .  .  .  .  .  . 
 .  .  .  .  .  .  .  .  .  .  .  .  .  .  .  .  .  .  .  . 
 .  .  .  .  .  .  .  .  .  .  .  .  .  .  .  .  .  .  .  . 
 .  .  .  .  .  .  .  .  .  .  .  .  .  .  .  .  .  .  .  . 
 .  .  .  .  .  .  .  .  .  .  .  .  .  .  .  .  .  .  .  . 
 .  .  .  .  .  .  .  .  .  .  .  .  .  .  .  .  .  .  .  . 
 .  .  .  .  .  .  .  .  .  .  .  .  .  .  .  .  .  .  .  . 
 .  .  .  .  .  .  .  .  .  .  .  .  .  .  .  .  .  .  .  . 
 .  .  .  .  .  .  .  .  .  .  .  .  .  .  .  .  .  .  .  . 
 .  .  .  .  .  .  .  .  .  .  .  .  .  .  .  .  .  .  .  . 
 .  .  .  .  .  .  .  .  .  .  .  .  .  .  .  .  .  .  .  . 
 .  .  .  .  .  .  .  .  .  .  .  .  .  .  *  *  .  .  .  . 
 .  *  *  .  .  .  .  .  .  .  .  .  .  *  *  .  .  .  .  . 
 .  *  *  .  .  .  .  .  .  .  .  .  .  .  *  *  .  .  .  . 
 .  .  .  .  .  .  .  .  .  .  .  .  .  .  .  *  *  *  .  . 
 .  .  .  .  .  .  .  .  .  *  *  .  .  .  .  .  .  *  .  . 
 .  .  .  .  .  .  .  .  .  *  *  .  .  .  .  .  .  *  .  . 

Generation #74
 .  .  .  .  .  .  .  .  .  .  .  .  .  .  .  .  .  .  .  . 
 .  .  .  .  .  .  .  .  .  .  .  .  .  .  .  .  .  .  .  . 
 .  .  .  .  .  .  .  .  .  .  .  .  .  .  .  .  .  .  .  . 
 .  .  .  .  .  .  .  .  .  .  .  .  .  .  .  .  .  .  .  . 
 .  .  .  .  .  .  .  .  .  .  .  .  .  .  .  .  .  .  .  . 
 .  .  .  .  .  .  .  .  .  .  .  .  .  .  .  .  .  .  .  . 
 .  .  .  .  .  .  .  .  .  .  .  .  .  .  .  .  .  .  .  . 
 .  .  .  .  .  .  .  .  .  .  .  .  .  .  .  .  .  .  .  . 
 .  .  .  .  .  .  .  .  .  .  .  .  .  .  .  .  .  .  .  . 
 .  .  .  .  .  .  .  .  .  .  .  .  .  .  .  .  .  .  .  . 
 .  .  .  .  .  .  .  .  .  .  .  .  .  .  .  .  .  .  .  . 
 .  .  .  .  .  .  .  .  .  .  .  .  .  .  .  .  .  .  .  . 
 .  .  .  .  .  .  .  .  .  .  .  .  .  .  .  .  .  .  .  . 
 .  .  .  .  .  .  .  .  .  .  .  .  .  .  .  .  .  .  .  . 
 .  .  .  .  .  .  .  .  .  .  .  .  .  *  *  *  .  .  .  . 
 .  *  *  .  .  .  .  .  .  .  .  .  .  *  .  .  .  .  .  . 
 .  *  *  .  .  .  .  .  .  .  .  .  .  *  .  .  .  .  .  . 
 .  .  .  .  .  .  .  .  .  .  .  .  .  .  *  *  .  *  .  . 
 .  .  .  .  .  .  .  .  .  *  *  .  .  .  .  .  .  *  *  . 
 .  .  .  .  .  .  .  .  .  *  *  .  .  .  .  .  .  .  .  . 

Generation #75
 .  .  .  .  .  .  .  .  .  .  .  .  .  .  .  .  .  .  .  . 
 .  .  .  .  .  .  .  .  .  .  .  .  .  .  .  .  .  .  .  . 
 .  .  .  .  .  .  .  .  .  .  .  .  .  .  .  .  .  .  .  . 
 .  .  .  .  .  .  .  .  .  .  .  .  .  .  .  .  .  .  .  . 
 .  .  .  .  .  .  .  .  .  .  .  .  .  .  .  .  .  .  .  . 
 .  .  .  .  .  .  .  .  .  .  .  .  .  .  .  .  .  .  .  . 
 .  .  .  .  .  .  .  .  .  .  .  .  .  .  .  .  .  .  .  . 
 .  .  .  .  .  .  .  .  .  .  .  .  .  .  .  .  .  .  .  . 
 .  .  .  .  .  .  .  .  .  .  .  .  .  .  .  .  .  .  .  . 
 .  .  .  .  .  .  .  .  .  .  .  .  .  .  .  .  .  .  .  . 
 .  .  .  .  .  .  .  .  .  .  .  .  .  .  .  .  .  .  .  . 
 .  .  .  .  .  .  .  .  .  .  .  .  .  .  .  .  .  .  .  . 
 .  .  .  .  .  .  .  .  .  .  .  .  .  .  .  .  .  .  .  . 
 .  .  .  .  .  .  .  .  .  .  .  .  .  .  *  .  .  .  .  . 
 .  .  .  .  .  .  .  .  .  .  .  .  .  *  *  .  .  .  .  . 
 .  *  *  .  .  .  .  .  .  .  .  .  *  *  .  .  .  .  .  . 
 .  *  *  .  .  .  .  .  .  .  .  .  .  *  .  .  .  .  .  . 
 .  .  .  .  .  .  .  .  .  .  .  .  .  .  *  .  *  *  *  . 
 .  .  .  .  .  .  .  .  .  *  *  .  .  .  .  .  *  *  *  . 
 .  .  .  .  .  .  .  .  .  *  *  .  .  .  .  .  .  .  .  . 

Generation #76
 .  .  .  .  .  .  .  .  .  .  .  .  .  .  .  .  .  .  .  . 
 .  .  .  .  .  .  .  .  .  .  .  .  .  .  .  .  .  .  .  . 
 .  .  .  .  .  .  .  .  .  .  .  .  .  .  .  .  .  .  .  . 
 .  .  .  .  .  .  .  .  .  .  .  .  .  .  .  .  .  .  .  . 
 .  .  .  .  .  .  .  .  .  .  .  .  .  .  .  .  .  .  .  . 
 .  .  .  .  .  .  .  .  .  .  .  .  .  .  .  .  .  .  .  . 
 .  .  .  .  .  .  .  .  .  .  .  .  .  .  .  .  .  .  .  . 
 .  .  .  .  .  .  .  .  .  .  .  .  .  .  .  .  .  .  .  . 
 .  .  .  .  .  .  .  .  .  .  .  .  .  .  .  .  .  .  .  . 
 .  .  .  .  .  .  .  .  .  .  .  .  .  .  .  .  .  .  .  . 
 .  .  .  .  .  .  .  .  .  .  .  .  .  .  .  .  .  .  .  . 
 .  .  .  .  .  .  .  .  .  .  .  .  .  .  .  .  .  .  .  . 
 .  .  .  .  .  .  .  .  .  .  .  .  .  .  .  .  .  .  .  . 
 .  .  .  .  .  .  .  .  .  .  .  .  .  *  *  .  .  .  .  . 
 .  .  .  .  .  .  .  .  .  .  .  .  *  .  *  .  .  .  .  . 
 .  *  *  .  .  .  .  .  .  .  .  .  *  .  .  .  .  .  .  . 
 .  *  *  .  .  .  .  .  .  .  .  .  *  *  *  .  .  *  .  . 
 .  .  .  .  .  .  .  .  .  .  .  .  .  .  .  *  *  .  *  . 
 .  .  .  .  .  .  .  .  .  *  *  .  .  .  .  *  *  .  *  . 
 .  .  .  .  .  .  .  .  .  *  *  .  .  .  .  .  .  *  .  . 

Generation #77
 .  .  .  .  .  .  .  .  .  .  .  .  .  .  .  .  .  .  .  . 
 .  .  .  .  .  .  .  .  .  .  .  .  .  .  .  .  .  .  .  . 
 .  .  .  .  .  .  .  .  .  .  .  .  .  .  .  .  .  .  .  . 
 .  .  .  .  .  .  .  .  .  .  .  .  .  .  .  .  .  .  .  . 
 .  .  .  .  .  .  .  .  .  .  .  .  .  .  .  .  .  .  .  . 
 .  .  .  .  .  .  .  .  .  .  .  .  .  .  .  .  .  .  .  . 
 .  .  .  .  .  .  .  .  .  .  .  .  .  .  .  .  .  .  .  . 
 .  .  .  .  .  .  .  .  .  .  .  .  .  .  .  .  .  .  .  . 
 .  .  .  .  .  .  .  .  .  .  .  .  .  .  .  .  .  .  .  . 
 .  .  .  .  .  .  .  .  .  .  .  .  .  .  .  .  .  .  .  . 
 .  .  .  .  .  .  .  .  .  .  .  .  .  .  .  .  .  .  .  . 
 .  .  .  .  .  .  .  .  .  .  .  .  .  .  .  .  .  .  .  . 
 .  .  .  .  .  .  .  .  .  .  .  .  .  .  .  .  .  .  .  . 
 .  .  .  .  .  .  .  .  .  .  .  .  .  *  *  .  .  .  .  . 
 .  .  .  .  .  .  .  .  .  .  .  .  *  .  *  .  .  .  .  . 
 .  *  *  .  .  .  .  .  .  .  .  *  *  .  *  .  .  .  .  . 
 .  *  *  .  .  .  .  .  .  .  .  .  *  *  *  *  *  *  .  . 
 .  .  .  .  .  .  .  .  .  .  .  .  .  *  .  .  .  .  *  . 
 .  .  .  .  .  .  .  .  .  *  *  .  .  .  .  *  .  .  *  . 
 .  .  .  .  .  .  .  .  .  *  *  .  .  .  .  .  *  *  .  . 

Generation #78
 .  .  .  .  .  .  .  .  .  .  .  .  .  .  .  .  .  .  .  . 
 .  .  .  .  .  .  .  .  .  .  .  .  .  .  .  .  .  .  .  . 
 .  .  .  .  .  .  .  .  .  .  .  .  .  .  .  .  .  .  .  . 
 .  .  .  .  .  .  .  .  .  .  .  .  .  .  .  .  .  .  .  . 
 .  .  .  .  .  .  .  .  .  .  .  .  .  .  .  .  .  .  .  . 
 .  .  .  .  .  .  .  .  .  .  .  .  .  .  .  .  .  .  .  . 
 .  .  .  .  .  .  .  .  .  .  .  .  .  .  .  .  .  .  .  . 
 .  .  .  .  .  .  .  .  .  .  .  .  .  .  .  .  .  .  .  . 
 .  .  .  .  .  .  .  .  .  .  .  .  .  .  .  .  .  .  .  . 
 .  .  .  .  .  .  .  .  .  .  .  .  .  .  .  .  .  .  .  . 
 .  .  .  .  .  .  .  .  .  .  .  .  .  .  .  .  .  .  .  . 
 .  .  .  .  .  .  .  .  .  .  .  .  .  .  .  .  .  .  .  . 
 .  .  .  .  .  .  .  .  .  .  .  .  .  .  .  .  .  .  .  . 
 .  .  .  .  .  .  .  .  .  .  .  .  .  *  *  .  .  .  .  . 
 .  .  .  .  .  .  .  .  .  .  .  *  *  .  *  *  .  .  .  . 
 .  *  *  .  .  .  .  .  .  .  .  *  .  .  .  .  *  .  .  . 
 .  *  *  .  .  .  .  .  .  .  .  *  .  .  .  *  *  *  .  . 
 .  .  .  .  .  .  .  .  .  .  .  .  *  *  .  .  .  .  *  . 
 .  .  .  .  .  .  .  .  .  *  *  .  .  .  .  .  *  .  *  . 
 .  .  .  .  .  .  .  .  .  *  *  .  .  .  .  .  *  *  .  . 

Generation #79
 .  .  .  .  .  .  .  .  .  .  .  .  .  .  .  .  .  .  .  . 
 .  .  .  .  .  .  .  .  .  .  .  .  .  .  .  .  .  .  .  . 
 .  .  .  .  .  .  .  .  .  .  .  .  .  .  .  .  .  .  .  . 
 .  .  .  .  .  .  .  .  .  .  .  .  .  .  .  .  .  .  .  . 
 .  .  .  .  .  .  .  .  .  .  .  .  .  .  .  .  .  .  .  . 
 .  .  .  .  .  .  .  .  .  .  .  .  .  .  .  .  .  .  .  . 
 .  .  .  .  .  .  .  .  .  .  .  .  .  .  .  .  .  .  .  . 
 .  .  .  .  .  .  .  .  .  .  .  .  .  .  .  .  .  .  .  . 
 .  .  .  .  .  .  .  .  .  .  .  .  .  .  .  .  .  .  .  . 
 .  .  .  .  .  .  .  .  .  .  .  .  .  .  .  .  .  .  .  . 
 .  .  .  .  .  .  .  .  .  .  .  .  .  .  .  .  .  .  .  . 
 .  .  .  .  .  .  .  .  .  .  .  .  .  .  .  .  .  .  .  . 
 .  .  .  .  .  .  .  .  .  .  .  .  .  .  .  .  .  .  .  . 
 .  .  .  .  .  .  .  .  .  .  .  .  *  *  *  *  .  .  .  . 
 .  .  .  .  .  .  .  .  .  .  .  *  *  .  *  *  .  .  .  . 
 .  *  *  .  .  .  .  .  .  .  *  *  .  .  *  .  .  *  .  . 
 .  *  *  .  .  .  .  .  .  .  .  *  .  .  .  *  *  *  .  . 
 .  .  .  .  .  .  .  .  .  .  *  *  *  .  .  *  .  .  *  . 
 .  .  .  .  .  .  .  .  .  *  *  *  .  .  .  .  *  .  *  . 
 .  .  .  .  .  .  .  .  .  *  *  .  .  .  .  .  *  *  .  . 

Generation #80
 .  .  .  .  .  .  .  .  .  .  .  .  .  .  .  .  .  .  .  . 
 .  .  .  .  .  .  .  .  .  .  .  .  .  .  .  .  .  .  .  . 
 .  .  .  .  .  .  .  .  .  .  .  .  .  .  .  .  .  .  .  . 
 .  .  .  .  .  .  .  .  .  .  .  .  .  .  .  .  .  .  .  . 
 .  .  .  .  .  .  .  .  .  .  .  .  .  .  .  .  .  .  .  . 
 .  .  .  .  .  .  .  .  .  .  .  .  .  .  .  .  .  .  .  . 
 .  .  .  .  .  .  .  .  .  .  .  .  .  .  .  .  .  .  .  . 
 .  .  .  .  .  .  .  .  .  .  .  .  .  .  .  .  .  .  .  . 
 .  .  .  .  .  .  .  .  .  .  .  .  .  .  .  .  .  .  .  . 
 .  .  .  .  .  .  .  .  .  .  .  .  .  .  .  .  .  .  .  . 
 .  .  .  .  .  .  .  .  .  .  .  .  .  .  .  .  .  .  .  . 
 .  .  .  .  .  .  .  .  .  .  .  .  .  .  .  .  .  .  .  . 
 .  .  .  .  .  .  .  .  .  .  .  .  .  *  *  .  .  .  .  . 
 .  .  .  .  .  .  .  .  .  .  .  *  *  .  .  *  .  .  .  . 
 .  .  .  .  .  .  .  .  .  .  *  .  .  .  .  .  *  .  .  . 
 .  *  *  .  .  .  .  .  .  .  *  .  .  *  *  .  .  *  .  . 
 .  *  *  .  .  .  .  .  .  .  .  .  .  .  *  *  .  *  *  . 
 .  .  .  .  .  .  .  .  .  *  .  .  *  .  .  *  .  .  *  . 
 .  .  .  .  .  .  .  .  .  .  .  .  *  .  .  *  *  .  *  . 
 .  .  .  .  .  .  .  .  .  *  .  *  .  .  .  .  *  *  .  . 

Generation #81
 .  .  .  .  .  .  .  .  .  .  .  .  .  .  .  .  .  .  .  . 
 .  .  .  .  .  .  .  .  .  .  .  .  .  .  .  .  .  .  .  . 
 .  .  .  .  .  .  .  .  .  .  .  .  .  .  .  .  .  .  .  . 
 .  .  .  .  .  .  .  .  .  .  .  .  .  .  .  .  .  .  .  . 
 .  .  .  .  .  .  .  .  .  .  .  .  .  .  .  .  .  .  .  . 
 .  .  .  .  .  .  .  .  .  .  .  .  .  .  .  .  .  .  .  . 
 .  .  .  .  .  .  .  .  .  .  .  .  .  .  .  .  .  .  .  . 
 .  .  .  .  .  .  .  .  .  .  .  .  .  .  .  .  .  .  .  . 
 .  .  .  .  .  .  .  .  .  .  .  .  .  .  .  .  .  .  .  . 
 .  .  .  .  .  .  .  .  .  .  .  .  .  .  .  .  .  .  .  . 
 .  .  .  .  .  .  .  .  .  .  .  .  .  .  .  .  .  .  .  . 
 .  .  .  .  .  .  .  .  .  .  .  .  .  .  .  .  .  .  .  . 
 .  .  .  .  .  .  .  .  .  .  .  .  *  *  *  .  .  .  .  . 
 .  .  .  .  .  .  .  .  .  .  .  *  *  *  *  *  .  .  .  . 
 .  .  .  .  .  .  .  .  .  .  *  .  *  *  *  *  *  .  .  . 
 .  *  *  .  .  .  .  .  .  .  .  .  .  *  *  .  .  *  *  . 
 .  *  *  .  .  .  .  .  .  .  .  .  .  .  .  *  .  *  *  . 
 .  .  .  .  .  .  .  .  .  .  .  .  .  *  .  .  .  .  *  * 
 .  .  .  .  .  .  .  .  .  .  *  *  *  .  .  *  .  .  *  . 
 .  .  .  .  .  .  .  .  .  .  .  .  .  .  .  *  *  *  .  . 

Generation #82
 .  .  .  .  .  .  .  .  .  .  .  .  .  .  .  .  .  .  .  . 
 .  .  .  .  .  .  .  .  .  .  .  .  .  .  .  .  .  .  .  . 
 .  .  .  .  .  .  .  .  .  .  .  .  .  .  .  .  .  .  .  . 
 .  .  .  .  .  .  .  .  .  .  .  .  .  .  .  .  .  .  .  . 
 .  .  .  .  .  .  .  .  .  .  .  .  .  .  .  .  .  .  .  . 
 .  .  .  .  .  .  .  .  .  .  .  .  .  .  .  .  .  .  .  . 
 .  .  .  .  .  .  .  .  .  .  .  .  .  .  .  .  .  .  .  . 
 .  .  .  .  .  .  .  .  .  .  .  .  .  .  .  .  .  .  .  . 
 .  .  .  .  .  .  .  .  .  .  .  .  .  .  .  .  .  .  .  . 
 .  .  .  .  .  .  .  .  .  .  .  .  .  .  .  .  .  .  .  . 
 .  .  .  .  .  .  .  .  .  .  .  .  .  .  .  .  .  .  .  . 
 .  .  .  .  .  .  .  .  .  .  .  .  .  *  .  .  .  .  .  . 
 .  .  .  .  .  .  .  .  .  .  .  *  .  .  .  *  .  .  .  . 
 .  .  .  .  .  .  .  .  .  .  .  .  .  .  .  .  *  .  .  . 
 .  .  .  .  .  .  .  .  .  .  .  .  .  .  .  .  *  *  .  . 
 .  *  *  .  .  .  .  .  .  .  .  .  *  .  .  .  .  .  *  . 
 .  *  *  .  .  .  .  .  .  .  .  .  .  *  .  .  *  .  .  . 
 .  .  .  .  .  .  .  .  .  .  .  *  *  .  *  .  *  .  .  * 
 .  .  .  .  .  .  .  .  .  .  .  *  *  .  *  *  .  .  *  * 
 .  .  .  .  .  .  .  .  .  .  .  *  .  .  .  *  *  *  .  . 

Generation #83
 .  .  .  .  .  .  .  .  .  .  .  .  .  .  .  .  .  .  .  . 
 .  .  .  .  .  .  .  .  .  .  .  .  .  .  .  .  .  .  .  . 
 .  .  .  .  .  .  .  .  .  .  .  .  .  .  .  .  .  .  .  . 
 .  .  .  .  .  .  .  .  .  .  .  .  .  .  .  .  .  .  .  . 
 .  .  .  .  .  .  .  .  .  .  .  .  .  .  .  .  .  .  .  . 
 .  .  .  .  .  .  .  .  .  .  .  .  .  .  .  .  .  .  .  . 
 .  .  .  .  .  .  .  .  .  .  .  .  .  .  .  .  .  .  .  . 
 .  .  .  .  .  .  .  .  .  .  .  .  .  .  .  .  .  .  .  . 
 .  .  .  .  .  .  .  .  .  .  .  .  .  .  .  .  .  .  .  . 
 .  .  .  .  .  .  .  .  .  .  .  .  .  .  .  .  .  .  .  . 
 .  .  .  .  .  .  .  .  .  .  .  .  .  .  .  .  .  .  .  . 
 .  .  .  .  .  .  .  .  .  .  .  .  .  .  .  .  .  .  .  . 
 .  .  .  .  .  .  .  .  .  .  .  .  .  .  .  .  .  .  .  . 
 .  .  .  .  .  .  .  .  .  .  .  .  .  .  .  *  *  *  .  . 
 .  .  .  .  .  .  .  .  .  .  .  .  .  .  .  .  *  *  .  . 
 .  *  *  .  .  .  .  .  .  .  .  .  .  .  .  .  *  .  .  . 
 .  *  *  .  .  .  .  .  .  .  .  *  .  *  .  *  .  *  .  . 
 .  .  .  .  .  .  .  .  .  .  .  *  .  .  *  .  *  *  *  * 
 .  .  .  .  .  .  .  .  .  .  *  .  .  .  *  .  .  .  *  * 
 .  .  .  .  .  .  .  .  .  .  .  *  *  .  *  *  *  *  *  . 

Generation #84
 .  .  .  .  .  .  .  .  .  .  .  .  .  .  .  .  .  .  .  . 
 .  .  .  .  .  .  .  .  .  .  .  .  .  .  .  .  .  .  .  . 
 .  .  .  .  .  .  .  .  .  .  .  .  .  .  .  .  .  .  .  . 
 .  .  .  .  .  .  .  .  .  .  .  .  .  .  .  .  .  .  .  . 
 .  .  .  .  .  .  .  .  .  .  .  .  .  .  .  .  .  .  .  . 
 .  .  .  .  .  .  .  .  .  .  .  .  .  .  .  .  .  .  .  . 
 .  .  .  .  .  .  .  .  .  .  .  .  .  .  .  .  .  .  .  . 
 .  .  .  .  .  .  .  .  .  .  .  .  .  .  .  .  .  .  .  . 
 .  .  .  .  .  .  .  .  .  .  .  .  .  .  .  .  .  .  .  . 
 .  .  .  .  .  .  .  .  .  .  .  .  .  .  .  .  .  .  .  . 
 .  .  .  .  .  .  .  .  .  .  .  .  .  .  .  .  .  .  .  . 
 .  .  .  .  .  .  .  .  .  .  .  .  .  .  .  .  .  .  .  . 
 .  .  .  .  .  .  .  .  .  .  .  .  .  .  .  .  *  .  .  . 
 .  .  .  .  .  .  .  .  .  .  .  .  .  .  .  *  .  *  .  . 
 .  .  .  .  .  .  .  .  .  .  .  .  .  .  .  .  .  .  .  . 
 .  *  *  .  .  .  .  .  .  .  .  .  .  .  .  *  .  .  .  . 
 .  *  *  .  .  .  .  .  .  .  .  .  *  .  *  *  .  .  .  . 
 .  .  .  .  .  .  .  .  .  .  *  *  *  *  *  .  *  .  .  * 
 .  .  .  .  .  .  .  .  .  .  *  .  *  .  *  .  .  .  .  . 
 .  .  .  .  .  .  .  .  .  .  .  *  .  *  *  *  *  *  *  * 

Generation #85
 .  .  .  .  .  .  .  .  .  .  .  .  .  .  .  .  .  .  .  . 
 .  .  .  .  .  .  .  .  .  .  .  .  .  .  .  .  .  .  .  . 
 .  .  .  .  .  .  .  .  .  .  .  .  .  .  .  .  .  .  .  . 
 .  .  .  .  .  .  .  .  .  .  .  .  .  .  .  .  .  .  .  . 
 .  .  .  .  .  .  .  .  .  .  .  .  .  .  .  .  .  .  .  . 
 .  .  .  .  .  .  .  .  .  .  .  .  .  .  .  .  .  .  .  . 
 .  .  .  .  .  .  .  .  .  .  .  .  .  .  .  .  .  .  .  . 
 .  .  .  .  .  .  .  .  .  .  .  .  .  .  .  .  .  .  .  . 
 .  .  .  .  .  .  .  .  .  .  .  .  .  .  .  .  .  .  .  . 
 .  .  .  .  .  .  .  .  .  .  .  .  .  .  .  .  .  .  .  . 
 .  .  .  .  .  .  .  .  .  .  .  .  .  .  .  .  .  .  .  . 
 .  .  .  .  .  .  .  .  .  .  .  .  .  .  .  .  .  .  .  . 
 .  .  .  .  .  .  .  .  .  .  .  .  .  .  .  .  *  .  .  . 
 .  .  .  .  .  .  .  .  .  .  .  .  .  .  .  .  *  .  .  . 
 .  .  .  .  .  .  .  .  .  .  .  .  .  .  .  .  *  .  .  . 
 .  *  *  .  .  .  .  .  .  .  .  .  .  .  *  *  .  .  .  . 
 .  *  *  .  .  .  .  .  .  .  .  .  *  .  .  .  *  .  .  . 
 .  .  .  .  .  .  .  .  .  .  *  .  .  .  .  .  .  .  .  . 
 .  .  .  .  .  .  .  .  .  .  *  .  .  .  .  .  .  .  .  * 
 .  .  .  .  .  .  .  .  .  .  .  *  *  *  *  *  *  *  *  . 

Generation #86
 .  .  .  .  .  .  .  .  .  .  .  .  .  .  .  .  .  .  .  . 
 .  .  .  .  .  .  .  .  .  .  .  .  .  .  .  .  .  .  .  . 
 .  .  .  .  .  .  .  .  .  .  .  .  .  .  .  .  .  .  .  . 
 .  .  .  .  .  .  .  .  .  .  .  .  .  .  .  .  .  .  .  . 
 .  .  .  .  .  .  .  .  .  .  .  .  .  .  .  .  .  .  .  . 
 .  .  .  .  .  .  .  .  .  .  .  .  .  .  .  .  .  .  .  . 
 .  .  .  .  .  .  .  .  .  .  .  .  .  .  .  .  .  .  .  . 
 .  .  .  .  .  .  .  .  .  .  .  .  .  .  .  .  .  .  .  . 
 .  .  .  .  .  .  .  .  .  .  .  .  .  .  .  .  .  .  .  . 
 .  .  .  .  .  .  .  .  .  .  .  .  .  .  .  .  .  .  .  . 
 .  .  .  .  .  .  .  .  .  .  .  .  .  .  .  .  .  .  .  . 
 .  .  .  .  .  .  .  .  .  .  .  .  .  .  .  .  .  .  .  . 
 .  .  .  .  .  .  .  .  .  .  .  .  .  .  .  .  .  .  .  . 
 .  .  .  .  .  .  .  .  .  .  .  .  .  .  .  *  *  *  .  . 
 .  .  .  .  .  .  .  .  .  .  .  .  .  .  .  .  *  .  .  . 
 .  *  *  .  .  .  .  .  .  .  .  .  .  .  .  *  *  .  .  . 
 .  *  *  .  .  .  .  .  .  .  .  .  .  .  .  *  .  .  .  . 
 .  .  .  .  .  .  .  .  .  .  .  *  .  .  .  .  .  .  .  . 
 .  .  .  .  .  .  .  .  .  .  *  .  *  *  *  *  *  *  *  . 
 .  .  .  .  .  .  .  .  .  .  .  *  *  *  *  *  *  *  *  . 

Generation #87
 .  .  .  .  .  .  .  .  .  .  .  .  .  .  .  .  .  .  .  . 
 .  .  .  .  .  .  .  .  .  .  .  .  .  .  .  .  .  .  .  . 
 .  .  .  .  .  .  .  .  .  .  .  .  .  .  .  .  .  .  .  . 
 .  .  .  .  .  .  .  .  .  .  .  .  .  .  .  .  .  .  .  . 
 .  .  .  .  .  .  .  .  .  .  .  .  .  .  .  .  .  .  .  . 
 .  .  .  .  .  .  .  .  .  .  .  .  .  .  .  .  .  .  .  . 
 .  .  .  .  .  .  .  .  .  .  .  .  .  .  .  .  .  .  .  . 
 .  .  .  .  .  .  .  .  .  .  .  .  .  .  .  .  .  .  .  . 
 .  .  .  .  .  .  .  .  .  .  .  .  .  .  .  .  .  .  .  . 
 .  .  .  .  .  .  .  .  .  .  .  .  .  .  .  .  .  .  .  . 
 .  .  .  .  .  .  .  .  .  .  .  .  .  .  .  .  .  .  .  . 
 .  .  .  .  .  .  .  .  .  .  .  .  .  .  .  .  .  .  .  . 
 .  .  .  .  .  .  .  .  .  .  .  .  .  .  .  .  *  .  .  . 
 .  .  .  .  .  .  .  .  .  .  .  .  .  .  .  *  *  *  .  . 
 .  .  .  .  .  .  .  .  .  .  .  .  .  .  .  .  .  .  .  . 
 .  *  *  .  .  .  .  .  .  .  .  .  .  .  .  *  *  .  .  . 
 .  *  *  .  .  .  .  .  .  .  .  .  .  .  .  *  *  .  .  . 
 .  .  .  .  .  .  .  .  .  .  .  *  *  *  .  .  .  *  .  . 
 .  .  .  .  .  .  .  .  .  .  *  .  .  .  .  .  .  .  *  . 
 .  .  .  .  .  .  .  .  .  .  .  *  .  .  .  .  .  .  *  . 

Generation #88
 .  .  .  .  .  .  .  .  .  .  .  .  .  .  .  .  .  .  .  . 
 .  .  .  .  .  .  .  .  .  .  .  .  .  .  .  .  .  .  .  . 
 .  .  .  .  .  .  .  .  .  .  .  .  .  .  .  .  .  .  .  . 
 .  .  .  .  .  .  .  .  .  .  .  .  .  .  .  .  .  .  .  . 
 .  .  .  .  .  .  .  .  .  .  .  .  .  .  .  .  .  .  .  . 
 .  .  .  .  .  .  .  .  .  .  .  .  .  .  .  .  .  .  .  . 
 .  .  .  .  .  .  .  .  .  .  .  .  .  .  .  .  .  .  .  . 
 .  .  .  .  .  .  .  .  .  .  .  .  .  .  .  .  .  .  .  . 
 .  .  .  .  .  .  .  .  .  .  .  .  .  .  .  .  .  .  .  . 
 .  .  .  .  .  .  .  .  .  .  .  .  .  .  .  .  .  .  .  . 
 .  .  .  .  .  .  .  .  .  .  .  .  .  .  .  .  .  .  .  . 
 .  .  .  .  .  .  .  .  .  .  .  .  .  .  .  .  .  .  .  . 
 .  .  .  .  .  .  .  .  .  .  .  .  .  .  .  *  *  *  .  . 
 .  .  .  .  .  .  .  .  .  .  .  .  .  .  .  *  *  *  .  . 
 .  .  .  .  .  .  .  .  .  .  .  .  .  .  .  .  .  *  .  . 
 .  *  *  .  .  .  .  .  .  .  .  .  .  .  .  *  *  .  .  . 
 .  *  *  .  .  .  .  .  .  .  .  .  *  .  *  *  .  *  .  . 
 .  .  .  .  .  .  .  .  .  .  .  *  *  .  .  .  *  *  .  . 
 .  .  .  .  .  .  .  .  .  .  *  .  .  .  .  .  .  *  *  . 
 .  .  .  .  .  .  .  .  .  .  .  .  .  .  .  .  .  .  .  . 

Generation #89
 .  .  .  .  .  .  .  .  .  .  .  .  .  .  .  .  .  .  .  . 
 .  .  .  .  .  .  .  .  .  .  .  .  .  .  .  .  .  .  .  . 
 .  .  .  .  .  .  .  .  .  .  .  .  .  .  .  .  .  .  .  . 
 .  .  .  .  .  .  .  .  .  .  .  .  .  .  .  .  .  .  .  . 
 .  .  .  .  .  .  .  .  .  .  .  .  .  .  .  .  .  .  .  . 
 .  .  .  .  .  .  .  .  .  .  .  .  .  .  .  .  .  .  .  . 
 .  .  .  .  .  .  .  .  .  .  .  .  .  .  .  .  .  .  .  . 
 .  .  .  .  .  .  .  .  .  .  .  .  .  .  .  .  .  .  .  . 
 .  .  .  .  .  .  .  .  .  .  .  .  .  .  .  .  .  .  .  . 
 .  .  .  .  .  .  .  .  .  .  .  .  .  .  .  .  .  .  .  . 
 .  .  .  .  .  .  .  .  .  .  .  .  .  .  .  .  .  .  .  . 
 .  .  .  .  .  .  .  .  .  .  .  .  .  .  .  .  *  .  .  . 
 .  .  .  .  .  .  .  .  .  .  .  .  .  .  .  *  .  *  .  . 
 .  .  .  .  .  .  .  .  .  .  .  .  .  .  .  *  .  .  *  . 
 .  .  .  .  .  .  .  .  .  .  .  .  .  .  .  .  .  *  .  . 
 .  *  *  .  .  .  .  .  .  .  .  .  .  .  *  *  .  *  .  . 
 .  *  *  .  .  .  .  .  .  .  .  *  *  *  *  .  .  *  .  . 
 .  .  .  .  .  .  .  .  .  .  .  *  *  *  .  *  .  .  .  . 
 .  .  .  .  .  .  .  .  .  .  .  *  .  .  .  .  *  *  *  . 
 .  .  .  .  .  .  .  .  .  .  .  .  .  .  .  .  .  .  .  . 

Generation #90
 .  .  .  .  .  .  .  .  .  .  .  .  .  .  .  .  .  .  .  . 
 .  .  .  .  .  .  .  .  .  .  .  .  .  .  .  .  .  .  .  . 
 .  .  .  .  .  .  .  .  .  .  .  .  .  .  .  .  .  .  .  . 
 .  .  .  .  .  .  .  .  .  .  .  .  .  .  .  .  .  .  .  . 
 .  .  .  .  .  .  .  .  .  .  .  .  .  .  .  .  .  .  .  . 
 .  .  .  .  .  .  .  .  .  .  .  .  .  .  .  .  .  .  .  . 
 .  .  .  .  .  .  .  .  .  .  .  .  .  .  .  .  .  .  .  . 
 .  .  .  .  .  .  .  .  .  .  .  .  .  .  .  .  .  .  .  . 
 .  .  .  .  .  .  .  .  .  .  .  .  .  .  .  .  .  .  .  . 
 .  .  .  .  .  .  .  .  .  .  .  .  .  .  .  .  .  .  .  . 
 .  .  .  .  .  .  .  .  .  .  .  .  .  .  .  .  .  .  .  . 
 .  .  .  .  .  .  .  .  .  .  .  .  .  .  .  .  *  .  .  . 
 .  .  .  .  .  .  .  .  .  .  .  .  .  .  .  *  .  *  .  . 
 .  .  .  .  .  .  .  .  .  .  .  .  .  .  .  .  .  *  *  . 
 .  .  .  .  .  .  .  .  .  .  .  .  .  .  *  *  .  *  *  . 
 .  *  *  .  .  .  .  .  .  .  .  .  *  .  *  *  .  *  *  . 
 .  *  *  .  .  .  .  .  .  .  .  *  .  .  .  .  .  .  .  . 
 .  .  .  .  .  .  .  .  .  .  *  .  .  .  .  *  .  .  *  . 
 .  .  .  .  .  .  .  .  .  .  .  *  .  .  .  .  *  *  .  . 
 .  .  .  .  .  .  .  .  .  .  .  .  .  .  .  .  .  *  .  . 

Generation #91
 .  .  .  .  .  .  .  .  .  .  .  .  .  .  .  .  .  .  .  . 
 .  .  .  .  .  .  .  .  .  .  .  .  .  .  .  .  .  .  .  . 
 .  .  .  .  .  .  .  .  .  .  .  .  .  .  .  .  .  .  .  . 
 .  .  .  .  .  .  .  .  .  .  .  .  .  .  .  .  .  .  .  . 
 .  .  .  .  .  .  .  .  .  .  .  .  .  .  .  .  .  .  .  . 
 .  .  .  .  .  .  .  .  .  .  .  .  .  .  .  .  .  .  .  . 
 .  .  .  .  .  .  .  .  .  .  .  .  .  .  .  .  .  .  .  . 
 .  .  .  .  .  .  .  .  .  .  .  .  .  .  .  .  .  .  .  . 
 .  .  .  .  .  .  .  .  .  .  .  .  .  .  .  .  .  .  .  . 
 .  .  .  .  .  .  .  .  .  .  .  .  .  .  .  .  .  .  .  . 
 .  .  .  .  .  .  .  .  .  .  .  .  .  .  .  .  .  .  .  . 
 .  .  .  .  .  .  .  .  .  .  .  .  .  .  .  .  *  .  .  . 
 .  .  .  .  .  .  .  .  .  .  .  .  .  .  .  .  .  *  *  . 
 .  .  .  .  .  .  .  .  .  .  .  .  .  .  *  *  .  .  .  . 
 .  .  .  .  .  .  .  .  .  .  .  .  .  *  *  *  .  .  .  * 
 .  *  *  .  .  .  .  .  .  .  .  .  .  *  *  *  .  *  *  . 
 .  *  *  .  .  .  .  .  .  .  .  *  .  .  *  *  *  *  *  . 
 .  .  .  .  .  .  .  .  .  .  *  *  .  .  .  .  *  *  .  . 
 .  .  .  .  .  .  .  .  .  .  .  .  .  .  .  .  *  *  *  . 
 .  .  .  .  .  .  .  .  .  .  .  .  .  .  .  .  *  *  .  . 

Generation #92
 .  .  .  .  .  .  .  .  .  .  .  .  .  .  .  .  .  .  .  . 
 .  .  .  .  .  .  .  .  .  .  .  .  .  .  .  .  .  .  .  . 
 .  .  .  .  .  .  .  .  .  .  .  .  .  .  .  .  .  .  .  . 
 .  .  .  .  .  .  .  .  .  .  .  .  .  .  .  .  .  .  .  . 
 .  .  .  .  .  .  .  .  .  .  .  .  .  .  .  .  .  .  .  . 
 .  .  .  .  .  .  .  .  .  .  .  .  .  .  .  .  .  .  .  . 
 .  .  .  .  .  .  .  .  .  .  .  .  .  .  .  .  .  .  .  . 
 .  .  .  .  .  .  .  .  .  .  .  .  .  .  .  .  .  .  .  . 
 .  .  .  .  .  .  .  .  .  .  .  .  .  .  .  .  .  .  .  . 
 .  .  .  .  .  .  .  .  .  .  .  .  .  .  .  .  .  .  .  . 
 .  .  .  .  .  .  .  .  .  .  .  .  .  .  .  .  .  .  .  . 
 .  .  .  .  .  .  .  .  .  .  .  .  .  .  .  .  .  *  .  . 
 .  .  .  .  .  .  .  .  .  .  .  .  .  .  .  *  *  *  .  . 
 .  .  .  .  .  .  .  .  .  .  .  .  .  *  .  *  *  .  *  . 
 .  .  .  .  .  .  .  .  .  .  .  .  .  .  .  .  .  .  *  . 
 .  *  *  .  .  .  .  .  .  .  .  .  *  .  .  .  .  .  .  * 
 .  *  *  .  .  .  .  .  .  .  *  *  *  *  .  .  .  .  .  . 
 .  .  .  .  .  .  .  .  .  .  *  *  .  .  .  .  .  .  .  . 
 .  .  .  .  .  .  .  .  .  .  .  .  .  .  .  *  .  .  *  . 
 .  .  .  .  .  .  .  .  .  .  .  .  .  .  .  .  *  .  *  . 

Generation #93
 .  .  .  .  .  .  .  .  .  .  .  .  .  .  .  .  .  .  .  . 
 .  .  .  .  .  .  .  .  .  .  .  .  .  .  .  .  .  .  .  . 
 .  .  .  .  .  .  .  .  .  .  .  .  .  .  .  .  .  .  .  . 
 .  .  .  .  .  .  .  .  .  .  .  .  .  .  .  .  .  .  .  . 
 .  .  .  .  .  .  .  .  .  .  .  .  .  .  .  .  .  .  .  . 
 .  .  .  .  .  .  .  .  .  .  .  .  .  .  .  .  .  .  .  . 
 .  .  .  .  .  .  .  .  .  .  .  .  .  .  .  .  .  .  .  . 
 .  .  .  .  .  .  .  .  .  .  .  .  .  .  .  .  .  .  .  . 
 .  .  .  .  .  .  .  .  .  .  .  .  .  .  .  .  .  .  .  . 
 .  .  .  .  .  .  .  .  .  .  .  .  .  .  .  .  .  .  .  . 
 .  .  .  .  .  .  .  .  .  .  .  .  .  .  .  .  .  .  .  . 
 .  .  .  .  .  .  .  .  .  .  .  .  .  .  .  .  .  *  .  . 
 .  .  .  .  .  .  .  .  .  .  .  .  .  .  *  *  .  .  *  . 
 .  .  .  .  .  .  .  .  .  .  .  .  .  .  *  *  .  .  *  . 
 .  .  .  .  .  .  .  .  .  .  .  .  .  .  .  .  .  *  *  * 
 .  *  *  .  .  .  .  .  .  .  .  .  *  *  .  .  .  .  .  . 
 .  *  *  .  .  .  .  .  .  .  *  .  .  *  .  .  .  .  .  . 
 .  .  .  .  .  .  .  .  .  .  *  .  .  .  .  .  .  .  .  . 
 .  .  .  .  .  .  .  .  .  .  .  .  .  .  .  .  .  *  .  . 
 .  .  .  .  .  .  .  .  .  .  .  .  .  .  .  .  .  *  .  . 

Generation #94
 .  .  .  .  .  .  .  .  .  .  .  .  .  .  .  .  .  .  .  . 
 .  .  .  .  .  .  .  .  .  .  .  .  .  .  .  .  .  .  .  . 
 .  .  .  .  .  .  .  .  .  .  .  .  .  .  .  .  .  .  .  . 
 .  .  .  .  .  .  .  .  .  .  .  .  .  .  .  .  .  .  .  . 
 .  .  .  .  .  .  .  .  .  .  .  .  .  .  .  .  .  .  .  . 
 .  .  .  .  .  .  .  .  .  .  .  .  .  .  .  .  .  .  .  . 
 .  .  .  .  .  .  .  .  .  .  .  .  .  .  .  .  .  .  .  . 
 .  .  .  .  .  .  .  .  .  .  .  .  .  .  .  .  .  .  .  . 
 .  .  .  .  .  .  .  .  .  .  .  .  .  .  .  .  .  .  .  . 
 .  .  .  .  .  .  .  .  .  .  .  .  .  .  .  .  .  .  .  . 
 .  .  .  .  .  .  .  .  .  .  .  .  .  .  .  .  .  .  .  . 
 .  .  .  .  .  .  .  .  .  .  .  .  .  .  .  .  .  .  .  . 
 .  .  .  .  .  .  .  .  .  .  .  .  .  .  *  *  *  *  *  . 
 .  .  .  .  .  .  .  .  .  .  .  .  .  .  *  *  *  .  .  . 
 .  .  .  .  .  .  .  .  .  .  .  .  .  *  *  .  .  *  *  * 
 .  *  *  .  .  .  .  .  .  .  .  .  *  *  .  .  .  .  *  . 
 .  *  *  .  .  .  .  .  .  .  .  *  *  *  .  .  .  .  .  . 
 .  .  .  .  .  .  .  .  .  .  .  .  .  .  .  .  .  .  .  . 
 .  .  .  .  .  .  .  .  .  .  .  .  .  .  .  .  .  .  .  . 
 .  .  .  .  .  .  .  .  .  .  .  .  .  .  .  .  .  .  .  . 

Generation #95
 .  .  .  .  .  .  .  .  .  .  .  .  .  .  .  .  .  .  .  . 
 .  .  .  .  .  .  .  .  .  .  .  .  .  .  .  .  .  .  .  . 
 .  .  .  .  .  .  .  .  .  .  .  .  .  .  .  .  .  .  .  . 
 .  .  .  .  .  .  .  .  .  .  .  .  .  .  .  .  .  .  .  . 
 .  .  .  .  .  .  .  .  .  .  .  .  .  .  .  .  .  .  .  . 
 .  .  .  .  .  .  .  .  .  .  .  .  .  .  .  .  .  .  .  . 
 .  .  .  .  .  .  .  .  .  .  .  .  .  .  .  .  .  .  .  . 
 .  .  .  .  .  .  .  .  .  .  .  .  .  .  .  .  .  .  .  . 
 .  .  .  .  .  .  .  .  .  .  .  .  .  .  .  .  .  .  .  . 
 .  .  .  .  .  .  .  .  .  .  .  .  .  .  .  .  .  .  .  . 
 .  .  .  .  .  .  .  .  .  .  .  .  .  .  .  .  .  .  .  . 
 .  .  .  .  .  .  .  .  .  .  .  .  .  .  .  *  *  *  .  . 
 .  .  .  .  .  .  .  .  .  .  .  .  .  .  *  .  .  *  .  . 
 .  .  .  .  .  .  .  .  .  .  .  .  .  .  .  .  .  .  .  * 
 .  .  .  .  .  .  .  .  .  .  .  .  *  .  .  .  *  *  *  * 
 .  *  *  .  .  .  .  .  .  .  .  *  .  .  .  .  .  *  *  * 
 .  *  *  .  .  .  .  .  .  .  .  *  .  *  .  .  .  .  .  . 
 .  .  .  .  .  .  .  .  .  .  .  .  *  .  .  .  .  .  .  . 
 .  .  .  .  .  .  .  .  .  .  .  .  .  .  .  .  .  .  .  . 
 .  .  .  .  .  .  .  .  .  .  .  .  .  .  .  .  .  .  .  . 

Generation #96
 .  .  .  .  .  .  .  .  .  .  .  .  .  .  .  .  .  .  .  . 
 .  .  .  .  .  .  .  .  .  .  .  .  .  .  .  .  .  .  .  . 
 .  .  .  .  .  .  .  .  .  .  .  .  .  .  .  .  .  .  .  . 
 .  .  .  .  .  .  .  .  .  .  .  .  .  .  .  .  .  .  .  . 
 .  .  .  .  .  .  .  .  .  .  .  .  .  .  .  .  .  .  .  . 
 .  .  .  .  .  .  .  .  .  .  .  .  .  .  .  .  .  .  .  . 
 .  .  .  .  .  .  .  .  .  .  .  .  .  .  .  .  .  .  .  . 
 .  .  .  .  .  .  .  .  .  .  .  .  .  .  .  .  .  .  .  . 
 .  .  .  .  .  .  .  .  .  .  .  .  .  .  .  .  .  .  .  . 
 .  .  .  .  .  .  .  .  .  .  .  .  .  .  .  .  .  .  .  . 
 .  .  .  .  .  .  .  .  .  .  .  .  .  .  .  .  *  .  .  . 
 .  .  .  .  .  .  .  .  .  .  .  .  .  .  .  *  *  *  .  . 
 .  .  .  .  .  .  .  .  .  .  .  .  .  .  .  *  .  *  *  . 
 .  .  .  .  .  .  .  .  .  .  .  .  .  .  .  .  *  .  .  * 
 .  .  .  .  .  .  .  .  .  .  .  .  .  .  .  .  *  .  .  . 
 .  *  *  .  .  .  .  .  .  .  .  *  .  .  .  .  *  .  .  * 
 .  *  *  .  .  .  .  .  .  .  .  *  .  .  .  .  .  .  *  . 
 .  .  .  .  .  .  .  .  .  .  .  .  *  .  .  .  .  .  .  . 
 .  .  .  .  .  .  .  .  .  .  .  .  .  .  .  .  .  .  .  . 
 .  .  .  .  .  .  .  .  .  .  .  .  .  .  .  .  .  .  .  . 

Generation #97
 .  .  .  .  .  .  .  .  .  .  .  .  .  .  .  .  .  .  .  . 
 .  .  .  .  .  .  .  .  .  .  .  .  .  .  .  .  .  .  .  . 
 .  .  .  .  .  .  .  .  .  .  .  .  .  .  .  .  .  .  .  . 
 .  .  .  .  .  .  .  .  .  .  .  .  .  .  .  .  .  .  .  . 
 .  .  .  .  .  .  .  .  .  .  .  .  .  .  .  .  .  .  .  . 
 .  .  .  .  .  .  .  .  .  .  .  .  .  .  .  .  .  .  .  . 
 .  .  .  .  .  .  .  .  .  .  .  .  .  .  .  .  .  .  .  . 
 .  .  .  .  .  .  .  .  .  .  .  .  .  .  .  .  .  .  .  . 
 .  .  .  .  .  .  .  .  .  .  .  .  .  .  .  .  .  .  .  . 
 .  .  .  .  .  .  .  .  .  .  .  .  .  .  .  .  .  .  .  . 
 .  .  .  .  .  .  .  .  .  .  .  .  .  .  .  *  *  *  .  . 
 .  .  .  .  .  .  .  .  .  .  .  .  .  .  .  *  .  .  *  . 
 .  .  .  .  .  .  .  .  .  .  .  .  .  .  .  *  .  .  *  . 
 .  .  .  .  .  .  .  .  .  .  .  .  .  .  .  *  *  .  *  . 
 .  .  .  .  .  .  .  .  .  .  .  .  .  .  .  *  *  *  .  . 
 .  *  *  .  .  .  .  .  .  .  .  .  .  .  .  .  .  *  .  . 
 .  *  *  .  .  .  .  .  .  .  .  *  *  .  .  .  .  .  .  . 
 .  .  .  .  .  .  .  .  .  .  .  .  .  .  .  .  .  .  .  . 
 .  .  .  .  .  .  .  .  .  .  .  .  .  .  .  .  .  .  .  . 
 .  .  .  .  .  .  .  .  .  .  .  .  .  .  .  .  .  .  .  . 

Generation #98
 .  .  .  .  .  .  .  .  .  .  .  .  .  .  .  .  .  .  .  . 
 .  .  .  .  .  .  .  .  .  .  .  .  .  .  .  .  .  .  .  . 
 .  .  .  .  .  .  .  .  .  .  .  .  .  .  .  .  .  .  .  . 
 .  .  .  .  .  .  .  .  .  .  .  .  .  .  .  .  .  .  .  . 
 .  .  .  .  .  .  .  .  .  .  .  .  .  .  .  .  .  .  .  . 
 .  .  .  .  .  .  .  .  .  .  .  .  .  .  .  .  .  .  .  . 
 .  .  .  .  .  .  .  .  .  .  .  .  .  .  .  .  .  .  .  . 
 .  .  .  .  .  .  .  .  .  .  .  .  .  .  .  .  .  .  .  . 
 .  .  .  .  .  .  .  .  .  .  .  .  .  .  .  .  .  .  .  . 
 .  .  .  .  .  .  .  .  .  .  .  .  .  .  .  .  *  .  .  . 
 .  .  .  .  .  .  .  .  .  .  .  .  .  .  .  *  *  *  .  . 
 .  .  .  .  .  .  .  .  .  .  .  .  .  .  *  *  .  .  *  . 
 .  .  .  .  .  .  .  .  .  .  .  .  .  .  *  *  .  .  *  * 
 .  .  .  .  .  .  .  .  .  .  .  .  .  .  *  .  .  .  *  . 
 .  .  .  .  .  .  .  .  .  .  .  .  .  .  .  *  .  .  *  . 
 .  *  *  .  .  .  .  .  .  .  .  .  .  .  .  .  .  *  .  . 
 .  *  *  .  .  .  .  .  .  .  .  .  .  .  .  .  .  .  .  . 
 .  .  .  .  .  .  .  .  .  .  .  .  .  .  .  .  .  .  .  . 
 .  .  .  .  .  .  .  .  .  .  .  .  .  .  .  .  .  .  .  . 
 .  .  .  .  .  .  .  .  .  .  .  .  .  .  .  .  .  .  .  . 

Generation #99
 .  .  .  .  .  .  .  .  .  .  .  .  .  .  .  .  .  .  .  . 
 .  .  .  .  .  .  .  .  .  .  .  .  .  .  .  .  .  .  .  . 
 .  .  .  .  .  .  .  .  .  .  .  .  .  .  .  .  .  .  .  . 
 .  .  .  .  .  .  .  .  .  .  .  .  .  .  .  .  .  .  .  . 
 .  .  .  .  .  .  .  .  .  .  .  .  .  .  .  .  .  .  .  . 
 .  .  .  .  .  .  .  .  .  .  .  .  .  .  .  .  .  .  .  . 
 .  .  .  .  .  .  .  .  .  .  .  .  .  .  .  .  .  .  .  . 
 .  .  .  .  .  .  .  .  .  .  .  .  .  .  .  .  .  .  .  . 
 .  .  .  .  .  .  .  .  .  .  .  .  .  .  .  .  .  .  .  . 
 .  .  .  .  .  .  .  .  .  .  .  .  .  .  .  *  *  *  .  . 
 .  .  .  .  .  .  .  .  .  .  .  .  .  .  *  .  .  *  .  . 
 .  .  .  .  .  .  .  .  .  .  .  .  .  .  .  .  .  .  *  * 
 .  .  .  .  .  .  .  .  .  .  .  .  .  *  .  .  .  *  *  * 
 .  .  .  .  .  .  .  .  .  .  .  .  .  .  *  .  .  *  *  . 
 .  .  .  .  .  .  .  .  .  .  .  .  .  .  .  .  .  *  *  . 
 .  *  *  .  .  .  .  .  .  .  .  .  .  .  .  .  .  .  .  . 
 .  *  *  .  .  .  .  .  .  .  .  .  .  .  .  .  .  .  .  . 
 .  .  .  .  .  .  .  .  .  .  .  .  .  .  .  .  .  .  .  . 
 .  .  .  .  .  .  .  .  .  .  .  .  .  .  .  .  .  .  .  . 
 .  .  .  .  .  .  .  .  .  .  .  .  .  .  .  .  .  .  .  . 
]]></system-out>
  </testcase>
  <testcase name="testIterate" classname="se.linusTest.GameOfLifeAppTest" time="0.0"/>
</testsuite>